C51 COMPILER V9.57.0.0   ____9                                                             10/31/2021 16:02:49 PAGE 1   


C51 COMPILER V9.57.0.0, COMPILATION OF MODULE ____9
OBJECT MODULE PLACED IN 彳亍9.OBJ
COMPILER INVOKED BY: D:\keil5\C51\BIN\C51.EXE 彳亍9.c OPTIMIZE(8,SPEED) BROWSE DEBUG OBJECTEXTEND TABS(2)

line level    source

   1          #include<reg51.h>
   2          #include<intrins.h>
   3          #define uchar unsigned char
   4          sbit tr=P1^0;//
   5          sbit x=P1^3;
   6          sbit ec=P3^2;//
   7          sbit S=P2^0;
   8          sbit H=P2^1;
   9          sbit TEN=P2^2;
  10          sbit O=P2^3;
  11          int A;
  12          int C;
  13          int E;
  14          uchar code table[]={0xc0,0xf9,0xa4,0xb0,0x99,0x92,0x82,0xf8,0x80,0x90}; 
  15          void delay(uchar i)
  16          {
  17   1        uchar j,k; 
  18   1        for(j=i;j>0;j--)
  19   1          for(k=125;k>0;k--);
  20   1      }     
  21          void init(void)
  22          {
  23   1        tr=0;
  24   1        ec=0;
  25   1        x=0;  
  26   1      }
  27          void main(void)
  28          {
  29   1        init();
  30   1        EA=1;
  31   1        ET0=1;
  32   1        TMOD=0x09;
  33   1        TR0=1;
  34   1        C=0;
  35   1        TH0=0;
  36   1        TL0=0;
  37   1        while(1)
  38   1        {
  39   2          x=ec;
  40   2          tr=1;
  41   2            _nop_(); 
  42   2          _nop_(); 
  43   2          _nop_(); 
  44   2          _nop_(); 
  45   2          _nop_(); 
  46   2          _nop_(); 
  47   2          _nop_(); 
  48   2          _nop_(); 
  49   2          _nop_(); 
  50   2          _nop_(); 
  51   2          _nop_(); 
  52   2          _nop_(); 
  53   2          _nop_(); 
  54   2          _nop_(); 
  55   2          _nop_(); 
C51 COMPILER V9.57.0.0   ____9                                                             10/31/2021 16:02:49 PAGE 2   

  56   2          _nop_(); 
  57   2          _nop_();
  58   2          _nop_(); 
  59   2          _nop_(); 
  60   2          _nop_(); 
  61   2          _nop_();
  62   2           tr=0;
  63   2           delay(5);
  64   2                C=A*17;
  65   2            E=C;
  66   2            E=C%10;
  67   2            P0=table[E]; //个位
  68   2            O=0;
  69   2            delay(2);
  70   2            O=1;
  71   2            delay(1);
  72   2            E=(C%100)/10;
  73   2            P0=table[E]; //十位
  74   2            TEN=0;
  75   2            delay(2);
  76   2            TEN=1;
  77   2            delay(1);
  78   2            E=(C%1000)/100;
  79   2            P0=table[E]; //百位
  80   2            H=0;
  81   2            delay(2);
  82   2            H=1;
  83   2            delay(1);
  84   2            E=C/1000;
  85   2            P0=table[E];///千位
  86   2            S=0;
  87   2            delay(2);
  88   2            S=1;
  89   2            delay(1);
  90   2            A=0;
  91   2        }   
  92   1      }
  93          void Time0() interrupt 1 using 1
  94          {
  95   1        TH0=(65536-9)/256;
  96   1        TL0=(65536-9)%256;
  97   1        A++;  
  98   1      } 


MODULE INFORMATION:   STATIC OVERLAYABLE
   CODE SIZE        =    318    ----
   CONSTANT SIZE    =     10    ----
   XDATA SIZE       =   ----    ----
   PDATA SIZE       =   ----    ----
   DATA SIZE        =      6    ----
   IDATA SIZE       =   ----    ----
   BIT SIZE         =   ----    ----
END OF MODULE INFORMATION.


C51 COMPILATION COMPLETE.  0 WARNING(S),  0 ERROR(S)
