C51 COMPILER V9.00   แ_ุกC                                                                 08/07/2021 16:24:30 PAGE 1   


C51 COMPILER V9.00, COMPILATION OF MODULE แ_ุกC
OBJECT MODULE PLACED IN .\แุก8C\แุกC.obj
COMPILER INVOKED BY: C:\Keil\C51\BIN\C51.EXE แุกC.c BROWSE DEBUG OBJECTEXTEND OBJECT(.\แุก8C\แุกC.obj)

line level    source

   1          #include<reg51.h>
   2          sbit P3_2=P3^2;
   3          char C;
   4          char T;
   5          void main()
   6          {
   7   1              EA=1;
   8   1              IT0=1;
   9   1              EX0=1;
  10   1              ET0=1;
  11   1              C=0;
  12   1              T=0;
  13   1              TMOD=0X00;
  14   1              TH0=(65536-921)/256;
  15   1              TL0=(65536-921)%256;
  16   1              TR0=1;  
  17   1              while(1)
  18   1              ;       
  19   1      }
  20          void Time0() interrupt 1 using 0
  21          {
  22   1              P1=C;
  23   1              if(T<1000)
  24   1              {
  25   2                      T++;    
  26   2              }
  27   1              else if(T>=1000)
  28   1              {
  29   2                      T=0;
  30   2                      TH0=(65536-921)/256;
  31   2                  TL0=(65536-921)%256;
  32   2      
  33   2              }
  34   1      }
  35          void int0() interrupt 0 using 0
  36          {
  37   1              C++;
  38   1              P1=C;
  39   1      }


MODULE INFORMATION:   STATIC OVERLAYABLE
   CODE SIZE        =     88    ----
   CONSTANT SIZE    =   ----    ----
   XDATA SIZE       =   ----    ----
   PDATA SIZE       =   ----    ----
   DATA SIZE        =      2    ----
   IDATA SIZE       =   ----    ----
   BIT SIZE         =   ----    ----
END OF MODULE INFORMATION.


C51 COMPILATION COMPLETE.  0 WARNING(S),  0 ERROR(S)
