C51 COMPILER V9.57.0.0   SPI                                                               12/02/2021 13:53:48 PAGE 1   


C51 COMPILER V9.57.0.0, COMPILATION OF MODULE SPI
OBJECT MODULE PLACED IN spi.OBJ
COMPILER INVOKED BY: D:\keil5\C51\BIN\C51.EXE spi.c OPTIMIZE(8,SPEED) BROWSE INCDIR(..\¶ùÍ¯Ğ¬µæÇÙ4.0) DEBUG OBJECTEXTEND
                    - TABS(2)

line level    source

   1          #include"spi.h"
   2          #include<reg52.h>
   3          int font6x8[][6]={ 0x04,0x1C,0x3E,0x3E,0x1C,0x04 };
   4          int blank[][6]={0x00,0x00,0x00,0x00,0x00,0x00};
   5          void delay_1us(void){
   6   1      }
   7          /***********************************************************
   8          
   9          å‡½æ•°åç§°ï¼šLCD_write_byte
  10          
  11          å‡½æ•°åŠŸèƒ½ï¼šæ¨¡æ‹ŸSPIæ¥å£æ—¶åºå†™æ•°æ®/å‘½ä»¤LCD
  12          
  13          å…¥å£å‚æ•°ï¼šdata    ï¼šå†™å…¥çš„æ•°æ®ï¼›
  14          
  15                    command ï¼šå†™æ•°æ®/å‘½ä»¤é€‰æ‹©ï¼›
  16          
  17          å‡ºå£å‚æ•°ï¼šæ— 
  18          
  19          å¤‡ æ³¨ï¼š
  20          
  21          ***********************************************************/
  22          void LCD_write_byte(unsigned char dat, unsigned char command){
  23   1        
  24   1      
  25   1          unsigned char i;
  26   1      
  27   1          LCD_CE = 0;                              //5110ç‰‡é€‰æœ‰æ•ˆï¼Œå…è®¸è¾“å…¥æ•°æ®
  28   1      
  29   1          if (command == 0)                        //å†™å‘½ä»¤
  30   1      
  31   1               LCD_DC = 0;                         
  32   1      
  33   1          else  LCD_DC = 1;                    //å†™æ•°æ®
  34   1      
  35   1            for(i=0;i<8;i++)                            //ä¼ é€8bitæ•°æ®
  36   1      
  37   1                  {
  38   2      
  39   2      if(dat&0x80)
  40   2      
  41   2                              SDIN = 1;
  42   2      
  43   2                        else
  44   2      
  45   2                              SDIN = 0;
  46   2      
  47   2                        SCLK = 0;
  48   2      
  49   2                        dat = dat << 1;
  50   2      
  51   2                        SCLK = 1;
  52   2      
  53   2      }
  54   1      
C51 COMPILER V9.57.0.0   SPI                                                               12/02/2021 13:53:48 PAGE 2   

  55   1           LCD_CE = 1;                                //ç¦æ­¢5110
  56   1      
  57   1        }
  58          /***********************************************************
  59          
  60          å‡½æ•°åç§°ï¼šLCD_clear
  61          
  62          å‡½æ•°åŠŸèƒ½ï¼šæ¸…å±Nakia5110
  63          
  64          å…¥å£å‚æ•°ï¼šæ— 
  65          
  66          å‡ºå£å‚æ•°ï¼šæ— 
  67          
  68          å¤‡ æ³¨ï¼š
  69          
  70          ***********************************************************/
  71          void LCD_clear(void){
  72   1          unsigned int i;
  73   1      
  74   1          LCD_write_byte(0x0c, 0);//æ™®é€šæ˜¾ç¤ºæ¨¡å¼      
  75   1          LCD_write_byte(0x80, 0);//xèµ·å§‹åæ ‡   
  76   1      
  77   1          for (i=0; i<504; i++)
  78   1            LCD_write_byte(0, 1);     
  79   1        }
  80          
  81            /***********************************************************
  82          
  83          å‡½æ•°åç§°ï¼šLCD_init
  84          
  85          å‡½æ•°åŠŸèƒ½ï¼š5110åˆå§‹åŒ–
  86          
  87          å…¥å£å‚æ•°ï¼šæ— 
  88          
  89          å‡ºå£å‚æ•°ï¼šæ— 
  90          
  91          å¤‡ æ³¨ï¼š
  92          
  93          ***********************************************************/
  94          
  95          void LCD_init(void){
  96   1      
  97   1          LCD_RST = 0;     // äº§ç”Ÿä¸€ä¸ªè®©LCDå¤ä½çš„ä½ç”µå¹³è„‰å†²
  98   1      
  99   1          delay_1us();
 100   1      
 101   1          LCD_RST = 1;
 102   1      
 103   1          LCD_CE = 0;     // å…³é—­LCD
 104   1      
 105   1          delay_1us();
 106   1      
 107   1          LCD_CE = 1;     // ä½¿èƒ½LCD
 108   1      
 109   1          delay_1us();
 110   1      
 111   1          LCD_write_byte(0x21, 0);      // ä½¿ç”¨æ‰©å±•å‘½ä»¤è®¾ç½®LCDæ¨¡å¼
 112   1      
 113   1          LCD_write_byte(0xBD, 0);      // è®¾ç½®æ¶²æ™¶åç½®ç”µå‹ï¼Œå¯¹æ¯”åº¦è°ƒæ•´
 114   1      
 115   1          LCD_write_byte(0x06, 0);      // æ¸©åº¦æ ¡æ­£
 116   1      
C51 COMPILER V9.57.0.0   SPI                                                               12/02/2021 13:53:48 PAGE 3   

 117   1          LCD_write_byte(0x13, 0);      // 1:48
 118   1      
 119   1          LCD_write_byte(0x20, 0);      // ä½¿ç”¨åŸºæœ¬å‘½ä»¤ï¼ŒV=0ï¼Œæ°´å¹³å¯»å€
 120   1      
 121   1          LCD_clear();                 // æ¸…å±
 122   1      
 123   1          LCD_write_byte(0x0c, 0);      // è®¾å®šæ˜¾ç¤ºæ¨¡å¼ï¼Œæ­£å¸¸æ˜¾ç¤º
 124   1      
 125   1          LCD_CE = 0;      // å…³é—­LCD
 126   1      }
 127            
 128          /***********************************************************
 129          
 130          å‡½æ•°åç§°ï¼šLCD_set_XY
 131          
 132          å‡½æ•°åŠŸèƒ½ï¼šè®¾ç½®LCDåˆå§‹åæ ‡å‡½æ•°
 133          
 134          å…¥å£å‚æ•°ï¼šX       ï¼š0ï¼83
 135          
 136                    Y       ï¼š0ï¼5
 137          
 138          å‡ºå£å‚æ•°ï¼šæ— 
 139          
 140          å¤‡ æ³¨ï¼š
 141          
 142          ***********************************************************/
 143          void LCD_set_XY(unsigned char X, unsigned char Y){
 144   1        
 145   1         LCD_write_byte(0x40 | Y, 0);              // è¡Œ
 146   1      
 147   1         LCD_write_byte(0x80 | X, 0);        // åˆ—
 148   1      
 149   1        }
 150          /***********************************************************
 151          
 152          å‡½æ•°åç§°ï¼šLCD_write_char
 153          
 154          å‡½æ•°åŠŸèƒ½ï¼šæ˜¾ç¤ºè‹±æ–‡å­—ç¬¦
 155          
 156          å…¥å£å‚æ•°ï¼šc      :  æ˜¾ç¤ºçš„å­—ç¬¦
 157          
 158          å‡ºå£å‚æ•°ï¼šæ— 
 159          
 160          å¤‡ æ³¨ï¼š
 161          
 162          ***********************************************************/
 163          void LCD_write_char(int h[][6]){
 164   1      
 165   1          unsigned char line;
 166   1      
 167   1      //    c -= 32;                       //æ•°ç»„çš„è¡Œå·
 168   1      
 169   1          for (line=0; line<6; line++)
 170   1      
 171   1              LCD_write_byte(h[0][line], 1);
 172   1      
 173   1      }
 174          
 175          void LCD_draw_bmp_pixel(unsigned char X,unsigned char Y,unsigned char *map, unsigned char Pix_x,unsigned c
             -har Pix_y){
 176   1          unsigned int i,n;
 177   1          unsigned char row;//è®¡ç®—ä½å›¾æ‰€å è¡Œæ•°
C51 COMPILER V9.57.0.0   SPI                                                               12/02/2021 13:53:48 PAGE 4   

 178   1            if (Pix_y%8==0)             //å¦‚æœä¸ºä½å›¾æ‰€å è¡Œæ•°ä¸ºæ•´æ•°
 179   1                 row=Pix_y/8;     
 180   1            else
 181   1               row=Pix_y/8+1;            //å¦‚æœä¸ºä½å›¾æ‰€å è¡Œæ•°ä¸æ˜¯æ•´æ•°
 182   1            LCD_set_XY(X,Y);
 183   1          for (n=0;n<row;n++)            //æ¢è¡Œ
 184   1            {     
 185   2              for(i=0;i<Pix_x;i++)
 186   2                {     
 187   3                       LCD_set_XY(X+i,Y+n);
 188   3                   LCD_write_byte(map[i+n*Pix_x], 1);
 189   3                }                        
 190   2            }     
 191   1      }
 192          void display(unsigned char x,unsigned char y,int h[][6]){
 193   1        LCD_set_XY(x,y);
 194   1        LCD_write_char(h);
 195   1      }


MODULE INFORMATION:   STATIC OVERLAYABLE
   CODE SIZE        =    327    ----
   CONSTANT SIZE    =   ----    ----
   XDATA SIZE       =   ----    ----
   PDATA SIZE       =   ----    ----
   DATA SIZE        =     24      15
   IDATA SIZE       =   ----    ----
   BIT SIZE         =   ----    ----
END OF MODULE INFORMATION.


C51 COMPILATION COMPLETE.  0 WARNING(S),  0 ERROR(S)
