C51 COMPILER V9.00   _亍8F                                                                08/10/2021 16:35:06 PAGE 1   


C51 COMPILER V9.00, COMPILATION OF MODULE _亍8F
OBJECT MODULE PLACED IN 彳亍8F.OBJ
COMPILER INVOKED BY: C:\Keil\C51\BIN\C51.EXE 彳亍8F.c BROWSE DEBUG OBJECTEXTEND

line level    source

   1          #include<reg51.h>
   2          sbit ui=P3^2;
   3          #define uchar unsigned char
   4          sbit S=P2^0;
   5          sbit P1_0=P1^0;
   6          sbit H=P2^1;
   7          sbit TEN=P2^2;
   8          sbit O=P2^3;
   9          int C;
  10          char E;
  11          void delay(uchar i)
  12          {
  13   1        uchar j,k; 
  14   1        for(j=i;j>0;j--)
  15   1          for(k=125;k>0;k--);
  16   1              }       
  17          uchar code table[]={0xc0,0xf9,0xa4,0xb0,0x99,0x92,0x82,0xf8,0x80,0x90}; 
  18          void main()
  19          {
  20   1              TMOD=0x0a;
  21   1              EA=1;
  22   1              ET0=0;
  23   1              TR0=1;
  24   1              TH0=0;
  25   1              TL0=0;
  26   1              while(1)
  27   1              {
  28   2                      while(ui==0)
  29   2                        ;
  30   2                        TL0=0;
  31   2                      while(ui==1)
  32   2                        ;
  33   2                        E=TL0;
  34   2                      E=C%10;
  35   2                      P0=table[E]; //个位
  36   2                      O=0;
  37   2                      delay(2);
  38   2                      O=1;
  39   2                      delay(1);
  40   2                      E=(C%100)/10;
  41   2                      P0=table[E]; //十位
  42   2                      TEN=0;
  43   2                      delay(2);
  44   2                      TEN=1;
  45   2                      delay(1);
  46   2                      E=(C%1000)/100;
  47   2                      P0=table[E]; //百位
  48   2                      H=0;
  49   2                      delay(2);
  50   2                      H=1;
  51   2                      delay(1);
  52   2                      E=C/1000;
  53   2                      P0=table[E];///千位
  54   2                      S=0;
  55   2                      delay(2);
C51 COMPILER V9.00   _亍8F                                                                08/10/2021 16:35:06 PAGE 2   

  56   2                      S=1;
  57   2                      delay(1);       
  58   2              }
  59   1      
  60   1      }


MODULE INFORMATION:   STATIC OVERLAYABLE
   CODE SIZE        =    255    ----
   CONSTANT SIZE    =     10    ----
   XDATA SIZE       =   ----    ----
   PDATA SIZE       =   ----    ----
   DATA SIZE        =      3    ----
   IDATA SIZE       =   ----    ----
   BIT SIZE         =   ----    ----
END OF MODULE INFORMATION.


C51 COMPILATION COMPLETE.  0 WARNING(S),  0 ERROR(S)
