C51 COMPILER V9.57.0.0   RADMAIN                                                           12/10/2021 08:17:30 PAGE 1   


C51 COMPILER V9.57.0.0, COMPILATION OF MODULE RADMAIN
OBJECT MODULE PLACED IN .\Objects\RADMain.obj
COMPILER INVOKED BY: D:\keil5B\C51\BIN\C51.EXE RADMain.c OPTIMIZE(8,SPEED) BROWSE DEBUG OBJECTEXTEND PRINT(.\Listings\RA
                    -DMain.lst) TABS(2) OBJECT(.\Objects\RADMain.obj)

line level    source

   1          /*
   2           * @Author: your name
   3           * @Date: 2021-12-10 07:57:51
   4           * @LastEditTime: 2021-12-10 08:13:18
   5           * @LastEditors: your name
   6           * @Description: 打开koroFileHeader查看配置 进行设置: https://github.com/OBKoro1/koro1FileHeader
             -/wiki/%E9%85%8D%E7%BD%AE
   7           * @FilePath: \工程文件Project\RADMain.c
   8           */
   9          /*************************************************************************************
  10          
  11          *
  12          实验现象：下载程序后，数码管显示红外遥控键值数据
  13          
  14          接线说明： (具体接线图可见开发攻略对应实验的“实验现象”章节)
  15                 1，单片机-->红外接收模块
  16                  P32-->J11
  17                 2，单片机-->动态数码管模块
  18                  J22-->J6
  19                  P22-->J9(A)
  20                  P23-->J9(B)
  21                  P24-->J9(C)
  22          
  23          注意事项：红外遥控器上的电池绝缘隔片要拿掉
  24          
  25          
  26          **************************************************************************************
  27          
  28          */
  29          
  30          #include "reg52.h" //此文件中定义了单片机的一些特殊功能寄存器
  31          #include "redmod.h"
  32          
  33          sbit LSA = P2 ^ 2;
  34          sbit LSB = P2 ^ 3;
  35          sbit LSC = P2 ^ 4;
  36          
  37          u8 DisplayData[8];
  38          u8 code smgduan[17] = {
  39            0x3f, 0x06, 0x5b, 0x4f, 0x66, 0x6d, 0x7d, 0x07,
  40            0x7f, 0x6f, 0x77, 0x7c, 0x39, 0x5e, 0x79, 0x71, 0X76};
  41          // 0、1、2、3、4、5、6、7、8、9、A、b、C、d、E、F、H的显示码
  42          
  43          /*******************************************************************************
  44           * 函 数 名         : delay
  45           * 函数功能      : 延时函数，i=1时，大约延时10us
  46           *******************************************************************************/
  47          void delay(u16 i)
  48          {
  49   1        while (i--)
  50   1          ;
  51   1      }
  52          
  53          /*******************************************************************************
C51 COMPILER V9.57.0.0   RADMAIN                                                           12/10/2021 08:17:30 PAGE 2   

  54           * 函数名         :DigDisplay()
  55           * 函数功能    :数码管显示函数
  56           * 输入           : 无
  57           * 输出            : 无
  58           *******************************************************************************/
  59          void DigDisplay()
  60          {
  61   1        u8 i;
  62   1        for (i = 0; i < 3; i++)
  63   1        {
  64   2          switch (i) //位选，选择点亮的数码管，
  65   2          {
  66   3          case (0):
  67   3            LSA = 1;
  68   3            LSB = 1;
  69   3            LSC = 1;
  70   3            break; //显示第0位
  71   3          case (1):
  72   3            LSA = 0;
  73   3            LSB = 1;
  74   3            LSC = 1;
  75   3            break; //显示第1位
  76   3          case (2):
  77   3            LSA = 1;
  78   3            LSB = 0;
  79   3            LSC = 1;
  80   3            break; //显示第2位
  81   3          }
  82   2          P0 = DisplayData[i]; //发送数据
  83   2          delay(100);      //间隔一段时间扫描
  84   2          P0 = 0x00;       //消隐
  85   2        }
  86   1      }
  87          
  88          /*******************************************************************************
  89           * 函 数 名       : main
  90           * 函数功能    : 主函数
  91           * 输    入       : 无
  92           * 输    出      : 无
  93           *******************************************************************************/
  94          void main()
  95          {
  96   1        IrInit();
  97   1        while (1)
  98   1        {
  99   2          DisplayData[0] = smgduan[IrValue[2] / 16];
 100   2          DisplayData[1] = smgduan[IrValue[2] % 16];
 101   2          DisplayData[2] = smgduan[16];
 102   2          DigDisplay();
 103   2        }
 104   1      }


MODULE INFORMATION:   STATIC OVERLAYABLE
   CODE SIZE        =     97    ----
   CONSTANT SIZE    =     17    ----
   XDATA SIZE       =   ----    ----
   PDATA SIZE       =   ----    ----
   DATA SIZE        =      8    ----
   IDATA SIZE       =   ----    ----
   BIT SIZE         =   ----    ----
END OF MODULE INFORMATION.

C51 COMPILER V9.57.0.0   RADMAIN                                                           12/10/2021 08:17:30 PAGE 3   


C51 COMPILATION COMPLETE.  0 WARNING(S),  0 ERROR(S)
