C51 COMPILER V9.57.0.0   ____7B                                                            10/31/2021 17:45:43 PAGE 1   


C51 COMPILER V9.57.0.0, COMPILATION OF MODULE ____7B
OBJECT MODULE PLACED IN แุก7B.OBJ
COMPILER INVOKED BY: D:\keil5\C51\BIN\C51.EXE แุก7B.c OPTIMIZE(8,SPEED) BROWSE DEBUG OBJECTEXTEND TABS(2)

line level    source

   1          #include<reg51.h>
   2          #include <INTRINS.H>
   3          #define uchar unsigned char 
   4          #define l1  262
   5          #define l2  286
   6          #define l3  311
   7          #define l4  349
   8          #define l5  392
   9          #define l6  440
  10          #define l7  494
  11          #define m1  523
  12          #define m2  587
  13          #define m3  659
  14          #define m4   698
  15          #define m5   784
  16          #define m6   880
  17          #define m7   987
  18          #define h1   1046
  19          #define h2   1174
  20          #define h3   1318
  21          #define h4   1396
  22          #define h5   1567
  23          #define h6   1760
  24          #define h7   1975
  25          sbit sound=P3^7;
  26          unsigned int  C;
  27          unsigned char a;
  28          unsigned char b;
  29          unsigned char d;
  30          unsigned char e; 
  31          unsigned char f;  
  32          sbit k0=P2^3;
  33          sbit k1=P1^0;
  34          sbit k2=P1^1;
  35          sbit k3=P1^2;
  36          sbit k4=P1^3;
  37          sbit k5=P1^4;
  38          sbit k6=P1^5;
  39          sbit k7=P1^6;
  40          sbit k8=P2^0;
  41          sbit k9=P2^1;
  42          sbit k10=P2^2;
  43          void delay()
  44          {
  45   1        unsigned char i,j;
  46   1          for(i=0;i<250;i++)
  47   1           for(j=0;j<250;j++)
  48   1              ;
  49   1      }
  50          void time0() interrupt 1
  51          {
  52   1        sound=!sound;
  53   1        TH0=(8192-C)/32;
  54   1        TL0=(8192-C)%32;
  55   1      }
C51 COMPILER V9.57.0.0   ____7B                                                            10/31/2021 17:45:43 PAGE 2   

  56          unsigned code table[]={l1,l2,l3,l4,l5,l6,l7,m1,m2,m3,m4,m5,m6,m7,h1,h2,h3,h4,h5,h6,h7,0xff};
  57          void main()
  58          {
  59   1        EA=1;
  60   1        ET0=1;
  61   1        TMOD=0x00;
  62   1        d=1;
  63   1        e=1;
  64   1        f=1;
  65   1        while(1)
  66   1        {
  67   2          a=21;
  68   2                if(k1==0&k8==0)
  69   2                  a=0;
  70   2                if(k2==0&k8==0)
  71   2                  a=1;
  72   2                if(k3==0&k8==0)
  73   2                  a=2;
  74   2                if(k4==0&k8==0)
  75   2                  a=3;
  76   2                if(k5==0&k8==0)
  77   2                  a=4;
  78   2                if(k6==0&k8==0)
  79   2                  a=5;
  80   2                if(k7==0&k8==0)
  81   2                  a=6;
  82   2                if(k1==0&k9==0)
  83   2                  a=7;
  84   2                if(k2==0&k9==0)
  85   2                  a=8;
  86   2                if(k3==0&k9==0)
  87   2                  a=9;
  88   2                if(k4==0&k9==0)
  89   2                  a=10;
  90   2                if(k5==0&k9==0)
  91   2                  a=11;
  92   2                if(k6==0&k9==0)
  93   2                  a=12;
  94   2                if(k7==0&k9==0)
  95   2                  a=13;
  96   2                if(k1==0&k10==0)
  97   2                  a=14;
  98   2                if(k2==0&k10==0)
  99   2                  a=15;
 100   2                if(k3==0&k10==0)
 101   2                  a=16;
 102   2                if(k4==0&k10==0)
 103   2                  a=17;
 104   2                if(k5==0&k10==0)
 105   2                  a=18;
 106   2                if(k6==0&k10==0)
 107   2                  a=19;
 108   2                if(k7==0&k10==0)
 109   2                  a=20;
 110   2          while(a!=21)
 111   2          {
 112   3            C=460830/table[a];
 113   3            TH0=(8192-C)/32;
 114   3            TL0=(8192-C)%32;
 115   3            TR0=1;
 116   3              for(b=0;b<2;b++)
 117   3              delay();
C51 COMPILER V9.57.0.0   ____7B                                                            10/31/2021 17:45:43 PAGE 3   

 118   3              TR0=0;
 119   3              sound=1;
 120   3              a=21;
 121   3          }
 122   2        }
 123   1      }
 124          
 125          
 126          
 127          


MODULE INFORMATION:   STATIC OVERLAYABLE
   CODE SIZE        =    719    ----
   CONSTANT SIZE    =     44    ----
   XDATA SIZE       =   ----    ----
   PDATA SIZE       =   ----    ----
   DATA SIZE        =      7    ----
   IDATA SIZE       =   ----    ----
   BIT SIZE         =   ----    ----
END OF MODULE INFORMATION.


C51 COMPILATION COMPLETE.  0 WARNING(S),  0 ERROR(S)
