[2022-06-15 15:12:11]	link failed !, exit code: 1
   at unify_builder.Program.Main(String[] args)
---
Error: L6218E: Undefined symbol Car_PWM_Init (referred from main.o).
Error: L6218E: Undefined symbol Encoder_Init_TIM2 (referred from main.o).
Error: L6218E: Undefined symbol Encoder_Init_TIM3 (referred from main.o).
Error: L6218E: Undefined symbol Encoder_Start (referred from main.o).
Error: L6218E: Undefined symbol My_Usart_Init (referred from main.o).
Error: L6218E: Undefined symbol PWM_Out (referred from main.o).
Error: L6218E: Undefined symbol Read_Encoder (referred from main.o).
Not enough information to list image symbols.
Finished: 1 information, 0 warning and 7 error messages.


[2022-06-15 15:12:58]	compilation failed at : "e:\1.咸鱼先生的单片机开发文件\2.ARM工程\18.视觉小车\STM32工程文件\USER\My_USART.c", exit code: 1
   at unify_builder.Program.Main(String[] args)
---
".\My_USART.c", line 109: Error:  #260-D: explicit type is missing ("int" assumed)
  _sys_exit(int x)
  ^
.\My_USART.c: 0 warnings, 1 error

[2022-06-15 15:13:12]	compilation failed at : "e:\1.咸鱼先生的单片机开发文件\2.ARM工程\18.视觉小车\STM32工程文件\USER\My_USART.c", exit code: 1
   at unify_builder.Program.Main(String[] args)
---
".\My_USART.c", line 109: Error:  #260-D: explicit type is missing ("int" assumed)
  _sys_exit(int x)
  ^
.\My_USART.c: 0 warnings, 1 error

[2022-06-15 15:13:21]	[done]
	build successfully !

[2022-07-14 11:23:16]	compilation failed at : "e:\1.咸鱼先生的单片机开发文件\2.ARM工程\18.视觉小车_2\18.视觉小车\STM32工程文件\USER\USER\My_GPIO.c", exit code: 1
   at unify_builder.Program.compileByMulThread(Int32 thrNum, CmdInfo[] cmds, List`1 errLogs)
   at unify_builder.Program.Main(String[] args)
---
".\stm32f10x.h", line 478: Error:  #5: cannot open source input file "core_cm3.h": No such file or directory
  #include "core_cm3.h"
                       ^
.\GPIOBIint.c: 0 warnings, 1 error
".\stm32f10x.h", line 478: Error:  #5: cannot open source input file "core_cm3.h": No such file or directory
  #include "core_cm3.h"
                       ^
.\My_USART.c: 0 warnings, 1 error
".\stm32f10x.h", line 478: Error:  #5: cannot open source input file "core_cm3.h": No such file or directory
  #include "core_cm3.h"
                       ^
.\stm32f10x_it.c: 0 warnings, 1 error
".\stm32f10x.h", line 478: Error:  #5: cannot open source input file "core_cm3.h": No such file or directory
  #include "core_cm3.h"
                       ^
.\My_GPIO.c: 0 warnings, 1 error

