C51 COMPILER V9.57.0.0   TURINGSERVO                                                       12/11/2021 19:35:59 PAGE 1   


C51 COMPILER V9.57.0.0, COMPILATION OF MODULE TURINGSERVO
OBJECT MODULE PLACED IN .\build\Target 1\TuringServo.o
COMPILER INVOKED BY: D:\keil5B\C51\BIN\C51.exe .\TURINGSERVO.C PRINT(.\build\Target 1\TuringServo.lst) OMF2 TABS(4) CODE
                    - NOCOND SYMBOLS OPTIMIZE(8,SPEED) SMALL ROM(LARGE) INCDIR(D:\keil5B\C51\INC\Atmel;D:\keil5B\C51\INC) DEFINE(__UVISION_VE
                    -RSION=526) OBJECT(.\build\Target 1\TuringServo.o)

line level    source

   1          #include "TuringServo.h"
   2          #include "Servo.h"
   3          //#include "engine.h"
   4          /*void delay3(void)   //è¯¯å·® 0us
   5          //{
   6          //    unsigned char a,b;
   7          //    for(b=173;b>0;b--)
   8          //        for(a=143;a>0;a--);
   9          //}
  10          */
  11          /***************************************************
  12           * å‡½æ•°åç§°ï¼šmoves1
  13           * å…¥å£å‚æ•°ï¼š//int mod1// int angle1//int mode1/------||-------/mod1--4é€†æ—¶é’ˆ 5--é¡ºæ—¶é’ˆ angle--
             -è½¬çš„è§’åº¦ mode--å“ªä½èˆµæœº
  14           * è¾“å‡ºï¼šå½“å‰è®¾å®šçš„è§’åº¦
  15           * åŠŸèƒ½ï¼šé©±åŠ¨èˆµæœº
  16          * å¤‡æ³¨ï¼šæ­¥è¿›=50*1us
  17           * *************************************************/
  18          int moves1(int mod1, int angle1,int mode1 ){//mod1--4é€†æ—¶é’ˆ 5--é¡ºæ—¶é’ˆ angle--è½¬çš„è§’åº¦ mode--å“ªä
             -½èˆµæœº
  19   1          int i = 0;
  20   1          switch (mod1)
  21   1          {
  22   2          case 4:
  23   2              angle1+=Step;
  24   2              if (angle1 > 2000) {angle1 = 2000;}
  25   2      //            move(mode1, angle1);//
  26   2                          servo0(mode1, angle1);
  27   2      //                  delay3();
  28   2              break;
  29   2          case 5:
  30   2              angle1-=Step;//å°è¯•é›†ï¼š80,50
  31   2              if (angle1 < 0){angle1 = 0;}
  32   2      //            move(mode1, angle1);//
  33   2                          servo0(mode1, angle1);//
  34   2      //                  delay3();
  35   2              break;
  36   2          default:
  37   2              break;
  38   2          }
  39   1         // }
  40   1          return  angle1;
  41   1      }
  42          /***************************************************
  43           * å‡½æ•°åç§°ï¼šmoves2
  44           * å…¥å£å‚æ•°ï¼š//int from// int to//int mode1/------||-------/from--å½“å‰è§’åº¦ï¼›to--ç›®æ ‡è§’åº¦ï¼›m
             -ode--å“ªä½èˆµæœº
  45           * è¾“å‡ºï¼šæ— 
  46           * åŠŸèƒ½ï¼šæ¯”è¾ƒå½“å‰å§¿æ€(from)ä¸ç›®æ ‡å§¿æ€(to)å¹¶å‡é€Ÿè¿åŠ¨ å³ï¼šæœ‰è®°å¿†åœ°è¾“å‡ºåˆ°èˆµæœº(ç
             -®€åŒ–æ¿moves1() )
  47          * å¤‡æ³¨ï¼šæ— 
  48           * *************************************************/
  49          void moves2(int from ,int to ,int mode2){
C51 COMPILER V9.57.0.0   TURINGSERVO                                                       12/11/2021 19:35:59 PAGE 2   

  50   1          int w=0;
  51   1          int i=0;
  52   1          if (from>to){ for(w=from;w>=to;w-=Step1){for(i=0;i<7;i++){servo0(mode2,w);}}}
  53   1          else if (from<to){ for(w=from;w<=to;w+=Step1){for(i=0;i<7;i++){servo0(mode2,w);}}}
  54   1      }
  55          
  56          
  57          
C51 COMPILER V9.57.0.0   TURINGSERVO                                                       12/11/2021 19:35:59 PAGE 3   

ASSEMBLY LISTING OF GENERATED OBJECT CODE


             ; FUNCTION _moves1 (BEGIN)
                                           ; SOURCE LINE # 18
0000 8C00        R     MOV     angle1,R4
0002 8D00        R     MOV     angle1+01H,R5
0004 8A00        R     MOV     mode1,R2
0006 8B00        R     MOV     mode1+01H,R3
;---- Variable 'mod1' assigned to Register 'R6/R7' ----
                                           ; SOURCE LINE # 19
0008 E4                CLR     A
0009 F500        R     MOV     i,A
000B F500        R     MOV     i+01H,A
                                           ; SOURCE LINE # 20
000D EE                MOV     A,R6
000E 704B              JNZ     ?C0001
0010 EF                MOV     A,R7
0011 24FB              ADD     A,#0FBH
0013 6023              JZ      ?C0004
0015 04                INC     A
0016 7043              JNZ     ?C0001
                                           ; SOURCE LINE # 21
                                           ; SOURCE LINE # 22
0018         ?C0002:
                                           ; SOURCE LINE # 23
0018 7432              MOV     A,#032H
001A 2500        R     ADD     A,angle1+01H
001C F500        R     MOV     angle1+01H,A
001E E4                CLR     A
001F 3500        R     ADDC    A,angle1
0021 F500        R     MOV     angle1,A
                                           ; SOURCE LINE # 24
0023 D3                SETB    C
0024 E500        R     MOV     A,angle1+01H
0026 94D0              SUBB    A,#0D0H
0028 E500        R     MOV     A,angle1
002A 6480              XRL     A,#080H
002C 9487              SUBB    A,#087H
002E 4020              JC      ?C0026
0030 750007      R     MOV     angle1,#07H
0033 7500D0      R     MOV     angle1+01H,#0D0H
0036         ?C0003:
                                           ; SOURCE LINE # 26
                                           ; SOURCE LINE # 28
0036 8018              SJMP    ?C0026
                                           ; SOURCE LINE # 29
0038         ?C0004:
                                           ; SOURCE LINE # 30
0038 74CE              MOV     A,#0CEH
003A 2500        R     ADD     A,angle1+01H
003C F500        R     MOV     angle1+01H,A
003E 74FF              MOV     A,#0FFH
0040 3500        R     ADDC    A,angle1
0042 F500        R     MOV     angle1,A
                                           ; SOURCE LINE # 31
0044 C3                CLR     C
0045 6480              XRL     A,#080H
0047 9480              SUBB    A,#080H
0049 5005              JNC     ?C0005
004B E4                CLR     A
004C F500        R     MOV     angle1,A
C51 COMPILER V9.57.0.0   TURINGSERVO                                                       12/11/2021 19:35:59 PAGE 4   

004E F500        R     MOV     angle1+01H,A
0050         ?C0005:
                                           ; SOURCE LINE # 33
0050         ?C0026:
0050 AD00        R     MOV     R5,angle1+01H
0052 AC00        R     MOV     R4,angle1
0054 AF00        R     MOV     R7,mode1+01H
0056 AE00        R     MOV     R6,mode1
0058 120000      E     LCALL   _servo0
                                           ; SOURCE LINE # 35
                                           ; SOURCE LINE # 36
                                           ; SOURCE LINE # 37
                                           ; SOURCE LINE # 38
005B         ?C0001:
                                           ; SOURCE LINE # 40
005B AE00        R     MOV     R6,angle1
005D AF00        R     MOV     R7,angle1+01H
                                           ; SOURCE LINE # 41
005F 22                RET     
             ; FUNCTION _moves1 (END)

             ; FUNCTION _moves2 (BEGIN)
                                           ; SOURCE LINE # 49
0000 8E00        R     MOV     from,R6
0002 8F00        R     MOV     from+01H,R7
0004 8C00        R     MOV     to,R4
0006 8D00        R     MOV     to+01H,R5
0008 8A00        R     MOV     mode2,R2
000A 8B00        R     MOV     mode2+01H,R3
                                           ; SOURCE LINE # 50
000C E4                CLR     A
000D F500        R     MOV     w,A
000F F500        R     MOV     w+01H,A
                                           ; SOURCE LINE # 51
0011 F500        R     MOV     i,A
0013 F500        R     MOV     i+01H,A
                                           ; SOURCE LINE # 52
0015 D3                SETB    C
0016 E500        R     MOV     A,from+01H
0018 9500        R     SUBB    A,to+01H
001A E500        R     MOV     A,to
001C 6480              XRL     A,#080H
001E F8                MOV     R0,A
001F E500        R     MOV     A,from
0021 6480              XRL     A,#080H
0023 98                SUBB    A,R0
0024 404B              JC      ?C0008
0026 850000      R     MOV     w,from
0029 850000      R     MOV     w+01H,from+01H
002C         ?C0009:
002C C3                CLR     C
002D E500        R     MOV     A,w+01H
002F 9500        R     SUBB    A,to+01H
0031 E500        R     MOV     A,to
0033 6480              XRL     A,#080H
0035 F8                MOV     R0,A
0036 E500        R     MOV     A,w
0038 6480              XRL     A,#080H
003A 98                SUBB    A,R0
003B 5003              JNC     $ + 5H
003D 020000      R     LJMP    ?C0023
0040 E4                CLR     A
C51 COMPILER V9.57.0.0   TURINGSERVO                                                       12/11/2021 19:35:59 PAGE 5   

0041 F500        R     MOV     i,A
0043 F500        R     MOV     i+01H,A
0045         ?C0012:
0045 AD00        R     MOV     R5,w+01H
0047 AC00        R     MOV     R4,w
0049 AF00        R     MOV     R7,mode2+01H
004B AE00        R     MOV     R6,mode2
004D 120000      E     LCALL   _servo0
0050 0500        R     INC     i+01H
0052 E500        R     MOV     A,i+01H
0054 7002              JNZ     ?C0024
0056 0500        R     INC     i
0058         ?C0024:
0058 C3                CLR     C
0059 9407              SUBB    A,#07H
005B E500        R     MOV     A,i
005D 6480              XRL     A,#080H
005F 9480              SUBB    A,#080H
0061 40E2              JC      ?C0012
0063         ?C0011:
0063 74BA              MOV     A,#0BAH
0065 2500        R     ADD     A,w+01H
0067 F500        R     MOV     w+01H,A
0069 74FF              MOV     A,#0FFH
006B 3500        R     ADDC    A,w
006D F500        R     MOV     w,A
006F 80BB              SJMP    ?C0009
0071         ?C0008:
                                           ; SOURCE LINE # 53
0071 C3                CLR     C
0072 E500        R     MOV     A,from+01H
0074 9500        R     SUBB    A,to+01H
0076 E500        R     MOV     A,to
0078 6480              XRL     A,#080H
007A F8                MOV     R0,A
007B E500        R     MOV     A,from
007D 6480              XRL     A,#080H
007F 98                SUBB    A,R0
0080 5047              JNC     ?C0023
0082 850000      R     MOV     w,from
0085 850000      R     MOV     w+01H,from+01H
0088         ?C0017:
0088 D3                SETB    C
0089 E500        R     MOV     A,w+01H
008B 9500        R     SUBB    A,to+01H
008D E500        R     MOV     A,to
008F 6480              XRL     A,#080H
0091 F8                MOV     R0,A
0092 E500        R     MOV     A,w
0094 6480              XRL     A,#080H
0096 98                SUBB    A,R0
0097 5030              JNC     ?C0023
0099 E4                CLR     A
009A F500        R     MOV     i,A
009C F500        R     MOV     i+01H,A
009E         ?C0020:
009E AD00        R     MOV     R5,w+01H
00A0 AC00        R     MOV     R4,w
00A2 AF00        R     MOV     R7,mode2+01H
00A4 AE00        R     MOV     R6,mode2
00A6 120000      E     LCALL   _servo0
00A9 0500        R     INC     i+01H
C51 COMPILER V9.57.0.0   TURINGSERVO                                                       12/11/2021 19:35:59 PAGE 6   

00AB E500        R     MOV     A,i+01H
00AD 7002              JNZ     ?C0025
00AF 0500        R     INC     i
00B1         ?C0025:
00B1 C3                CLR     C
00B2 9407              SUBB    A,#07H
00B4 E500        R     MOV     A,i
00B6 6480              XRL     A,#080H
00B8 9480              SUBB    A,#080H
00BA 40E2              JC      ?C0020
00BC         ?C0019:
00BC 7446              MOV     A,#046H
00BE 2500        R     ADD     A,w+01H
00C0 F500        R     MOV     w+01H,A
00C2 E4                CLR     A
00C3 3500        R     ADDC    A,w
00C5 F500        R     MOV     w,A
00C7 80BF              SJMP    ?C0017
                                           ; SOURCE LINE # 54
00C9         ?C0023:
00C9 22                RET     
             ; FUNCTION _moves2 (END)

C51 COMPILER V9.57.0.0   TURINGSERVO                                                       12/11/2021 19:35:59 PAGE 7   

NAME                                    CLASS   MSPACE  TYPE    OFFSET  SIZE
====                                    =====   ======  ====    ======  ====


P0 . . . . . . . . . . . . . . . . . .  SFR      DATA   U_CHAR   0080H  1
P1 . . . . . . . . . . . . . . . . . .  SFR      DATA   U_CHAR   0090H  1
P2 . . . . . . . . . . . . . . . . . .  SFR      DATA   U_CHAR   00A0H  1
P3 . . . . . . . . . . . . . . . . . .  SFR      DATA   U_CHAR   00B0H  1
T0 . . . . . . . . . . . . . . . . . .  ABSBIT   -----  BIT      00B4H  1
AC . . . . . . . . . . . . . . . . . .  ABSBIT   -----  BIT      00D6H  1
T1 . . . . . . . . . . . . . . . . . .  ABSBIT   -----  BIT      00B5H  1
EA . . . . . . . . . . . . . . . . . .  ABSBIT   -----  BIT      00AFH  1
IE . . . . . . . . . . . . . . . . . .  SFR      DATA   U_CHAR   00A8H  1
a1 . . . . . . . . . . . . . . . . . .  ABSBIT   -----  BIT      00A1H  1
a2 . . . . . . . . . . . . . . . . . .  ABSBIT   -----  BIT      00A2H  1
a3 . . . . . . . . . . . . . . . . . .  ABSBIT   -----  BIT      00A3H  1
RD . . . . . . . . . . . . . . . . . .  ABSBIT   -----  BIT      00B7H  1
ES . . . . . . . . . . . . . . . . . .  ABSBIT   -----  BIT      00ACH  1
IP . . . . . . . . . . . . . . . . . .  SFR      DATA   U_CHAR   00B8H  1
RI . . . . . . . . . . . . . . . . . .  ABSBIT   -----  BIT      0098H  1
INT0 . . . . . . . . . . . . . . . . .  ABSBIT   -----  BIT      00B2H  1
CY . . . . . . . . . . . . . . . . . .  ABSBIT   -----  BIT      00D7H  1
TI . . . . . . . . . . . . . . . . . .  ABSBIT   -----  BIT      0099H  1
INT1 . . . . . . . . . . . . . . . . .  ABSBIT   -----  BIT      00B3H  1
PS . . . . . . . . . . . . . . . . . .  ABSBIT   -----  BIT      00BCH  1
SP . . . . . . . . . . . . . . . . . .  SFR      DATA   U_CHAR   0081H  1
OV . . . . . . . . . . . . . . . . . .  ABSBIT   -----  BIT      00D2H  1
WR . . . . . . . . . . . . . . . . . .  ABSBIT   -----  BIT      00B6H  1
SBUF . . . . . . . . . . . . . . . . .  SFR      DATA   U_CHAR   0099H  1
PCON . . . . . . . . . . . . . . . . .  SFR      DATA   U_CHAR   0087H  1
SCON . . . . . . . . . . . . . . . . .  SFR      DATA   U_CHAR   0098H  1
TMOD . . . . . . . . . . . . . . . . .  SFR      DATA   U_CHAR   0089H  1
TCON . . . . . . . . . . . . . . . . .  SFR      DATA   U_CHAR   0088H  1
IE0. . . . . . . . . . . . . . . . . .  ABSBIT   -----  BIT      0089H  1
IE1. . . . . . . . . . . . . . . . . .  ABSBIT   -----  BIT      008BH  1
B. . . . . . . . . . . . . . . . . . .  SFR      DATA   U_CHAR   00F0H  1
ACC. . . . . . . . . . . . . . . . . .  SFR      DATA   U_CHAR   00E0H  1
ET0. . . . . . . . . . . . . . . . . .  ABSBIT   -----  BIT      00A9H  1
ET1. . . . . . . . . . . . . . . . . .  ABSBIT   -----  BIT      00ABH  1
TF0. . . . . . . . . . . . . . . . . .  ABSBIT   -----  BIT      008DH  1
TF1. . . . . . . . . . . . . . . . . .  ABSBIT   -----  BIT      008FH  1
RB8. . . . . . . . . . . . . . . . . .  ABSBIT   -----  BIT      009AH  1
TH0. . . . . . . . . . . . . . . . . .  SFR      DATA   U_CHAR   008CH  1
EX0. . . . . . . . . . . . . . . . . .  ABSBIT   -----  BIT      00A8H  1
IT0. . . . . . . . . . . . . . . . . .  ABSBIT   -----  BIT      0088H  1
TH1. . . . . . . . . . . . . . . . . .  SFR      DATA   U_CHAR   008DH  1
TB8. . . . . . . . . . . . . . . . . .  ABSBIT   -----  BIT      009BH  1
EX1. . . . . . . . . . . . . . . . . .  ABSBIT   -----  BIT      00AAH  1
IT1. . . . . . . . . . . . . . . . . .  ABSBIT   -----  BIT      008AH  1
P. . . . . . . . . . . . . . . . . . .  ABSBIT   -----  BIT      00D0H  1
SM0. . . . . . . . . . . . . . . . . .  ABSBIT   -----  BIT      009FH  1
TL0. . . . . . . . . . . . . . . . . .  SFR      DATA   U_CHAR   008AH  1
SM1. . . . . . . . . . . . . . . . . .  ABSBIT   -----  BIT      009EH  1
TL1. . . . . . . . . . . . . . . . . .  SFR      DATA   U_CHAR   008BH  1
SM2. . . . . . . . . . . . . . . . . .  ABSBIT   -----  BIT      009DH  1
PT0. . . . . . . . . . . . . . . . . .  ABSBIT   -----  BIT      00B9H  1
PT1. . . . . . . . . . . . . . . . . .  ABSBIT   -----  BIT      00BBH  1
RS0. . . . . . . . . . . . . . . . . .  ABSBIT   -----  BIT      00D3H  1
TR0. . . . . . . . . . . . . . . . . .  ABSBIT   -----  BIT      008CH  1
RS1. . . . . . . . . . . . . . . . . .  ABSBIT   -----  BIT      00D4H  1
TR1. . . . . . . . . . . . . . . . . .  ABSBIT   -----  BIT      008EH  1
C51 COMPILER V9.57.0.0   TURINGSERVO                                                       12/11/2021 19:35:59 PAGE 8   

NAME                                    CLASS   MSPACE  TYPE    OFFSET  SIZE
====                                    =====   ======  ====    ======  ====


PX0. . . . . . . . . . . . . . . . . .  ABSBIT   -----  BIT      00B8H  1
PX1. . . . . . . . . . . . . . . . . .  ABSBIT   -----  BIT      00BAH  1
DPH. . . . . . . . . . . . . . . . . .  SFR      DATA   U_CHAR   0083H  1
_moves1. . . . . . . . . . . . . . . .  PUBLIC   CODE   PROC     0000H  -----
  mod1 . . . . . . . . . . . . . . . .  * REG *  DATA   INT      0006H  2
  angle1 . . . . . . . . . . . . . . .  AUTO     DATA   INT      0000H  2
  mode1. . . . . . . . . . . . . . . .  AUTO     DATA   INT      0002H  2
  i. . . . . . . . . . . . . . . . . .  AUTO     DATA   INT      0004H  2
_moves2. . . . . . . . . . . . . . . .  PUBLIC   CODE   PROC     0000H  -----
  from . . . . . . . . . . . . . . . .  AUTO     DATA   INT      0000H  2
  to . . . . . . . . . . . . . . . . .  AUTO     DATA   INT      0002H  2
  mode2. . . . . . . . . . . . . . . .  AUTO     DATA   INT      0004H  2
  w. . . . . . . . . . . . . . . . . .  AUTO     DATA   INT      0006H  2
  i. . . . . . . . . . . . . . . . . .  AUTO     DATA   INT      0008H  2
DPL. . . . . . . . . . . . . . . . . .  SFR      DATA   U_CHAR   0082H  1
_servo0. . . . . . . . . . . . . . . .  EXTERN   CODE   PROC     -----  -----
REN. . . . . . . . . . . . . . . . . .  ABSBIT   -----  BIT      009CH  1
RXD. . . . . . . . . . . . . . . . . .  ABSBIT   -----  BIT      00B0H  1
TXD. . . . . . . . . . . . . . . . . .  ABSBIT   -----  BIT      00B1H  1
F0 . . . . . . . . . . . . . . . . . .  ABSBIT   -----  BIT      00D5H  1
PSW. . . . . . . . . . . . . . . . . .  SFR      DATA   U_CHAR   00D0H  1
M0 . . . . . . . . . . . . . . . . . .  ABSBIT   -----  BIT      00A0H  1


MODULE INFORMATION:   STATIC OVERLAYABLE
   CODE SIZE        =    298    ----
   CONSTANT SIZE    =   ----    ----
   XDATA SIZE       =   ----    ----
   PDATA SIZE       =   ----    ----
   DATA SIZE        =   ----      16
   IDATA SIZE       =   ----    ----
   BIT SIZE         =   ----    ----
   EDATA SIZE       =   ----    ----
   HDATA SIZE       =   ----    ----
   XDATA CONST SIZE =   ----    ----
   FAR CONST SIZE   =   ----    ----
END OF MODULE INFORMATION.


C51 COMPILATION COMPLETE.  0 WARNING(S),  0 ERROR(S)
