[2021-12-14 09:05:22]	[done]
	build successfully !

[2021-12-14 09:05:36]	[done]
	build successfully !

[2021-12-14 09:06:59]	[done]
	build successfully !

[2021-12-14 09:07:56]	[done]
	build successfully !

[2021-12-14 09:14:24]	[done]
	build successfully !

[2021-12-14 09:15:44]	[done]
	build successfully !

[2021-12-14 09:16:13]	[done]
	build successfully !

[2021-12-14 09:18:25]	[done]
	build successfully !

[2021-12-14 09:18:39]	[done]
	build successfully !

[2021-12-14 09:21:08]	[done]
	build successfully !

[2021-12-14 09:21:47]	[done]
	build successfully !

[2021-12-14 09:23:12]	[done]
	build successfully !

[2021-12-14 09:24:23]	[done]
	build successfully !

[2021-12-14 09:24:55]	[done]
	build successfully !

[2021-12-14 09:27:33]	[done]
	build successfully !

[2021-12-14 09:28:38]	[done]
	build successfully !

[2021-12-14 09:29:25]	[done]
	build successfully !

[2021-12-14 09:29:55]	[done]
	build successfully !

[2021-12-14 09:30:32]	[done]
	build successfully !

[2021-12-14 09:31:49]	[done]
	build successfully !

[2021-12-14 09:33:13]	[done]
	build successfully !

[2021-12-14 09:33:53]	[done]
	build successfully !

[2021-12-14 09:35:54]	[done]
	build successfully !

[2021-12-14 09:36:56]	[done]
	build successfully !

[2021-12-14 09:41:24]	[done]
	build successfully !

[2021-12-14 09:42:11]	[done]
	build successfully !

[2021-12-14 09:42:47]	[done]
	build successfully !

[2021-12-14 09:43:44]	[done]
	build successfully !

[2021-12-14 09:47:09]	[done]
	build successfully !

[2021-12-14 09:49:07]	[done]
	build successfully !

[2021-12-14 09:50:38]	[done]
	build successfully !

[2021-12-14 09:52:15]	[done]
	build successfully !

[2021-12-14 09:57:07]	[done]
	build successfully !

[2021-12-14 09:58:44]	[done]
	build successfully !

[2021-12-14 10:32:28]	[done]
	build successfully !

[2021-12-14 10:36:18]	[done]
	build successfully !

[2021-12-14 10:37:38]	[done]
	build successfully !

[2021-12-14 10:47:09]	compilation failed at : "e:\咸鱼先生的单片机开发文件\2.ARM工程\8.5110覆写\STM32工程文件\USER\RED.c", exit code: 1
  at unify_builder.Program.compileByMulThread (System.Int32 thrNum, unify_builder.CmdGenerator+CmdInfo[] cmds, System.Collections.Generic.List`1[T] doneList) [0x000e4] in <659107f5192b4415be1d55e0728fa07f>:0 
  at unify_builder.Program.Main (System.String[] args) [0x0155a] in <659107f5192b4415be1d55e0728fa07f>:0 

[2021-12-14 10:47:28]	compilation failed at : "e:\咸鱼先生的单片机开发文件\2.ARM工程\8.5110覆写\STM32工程文件\USER\RED.c", exit code: 1
  at unify_builder.Program.compileByMulThread (System.Int32 thrNum, unify_builder.CmdGenerator+CmdInfo[] cmds, System.Collections.Generic.List`1[T] doneList) [0x000e4] in <659107f5192b4415be1d55e0728fa07f>:0 
  at unify_builder.Program.Main (System.String[] args) [0x0155a] in <659107f5192b4415be1d55e0728fa07f>:0 

[2021-12-14 10:47:58]	[done]
	build successfully !

[2021-12-14 10:48:50]	[done]
	build successfully !

[2021-12-14 10:51:36]	[done]
	build successfully !

[2021-12-14 10:53:21]	[done]
	build successfully !

[2021-12-14 10:53:27]	[done]
	build successfully !

[2021-12-14 10:53:34]	[done]
	build successfully !

[2021-12-14 10:55:05]	[done]
	build successfully !

[2021-12-14 10:57:09]	[done]
	build successfully !

[2021-12-14 10:57:15]	[done]
	build successfully !

[2021-12-14 11:03:26]	[done]
	build successfully !

[2021-12-14 11:06:12]	[done]
	build successfully !

[2021-12-14 11:12:34]	[done]
	build successfully !

[2021-12-14 11:12:43]	[done]
	build successfully !

[2021-12-14 11:14:36]	[done]
	build successfully !

[2021-12-14 11:15:40]	[done]
	build successfully !

[2021-12-14 11:16:49]	[done]
	build successfully !

[2021-12-14 11:18:27]	[done]
	build successfully !

[2021-12-14 11:20:33]	[done]
	build successfully !

[2021-12-14 11:21:19]	[done]
	build successfully !

[2021-12-14 11:28:28]	link failed !, exit code: 1
  at unify_builder.Program.Main (System.String[] args) [0x0166f] in <659107f5192b4415be1d55e0728fa07f>:0 

[2021-12-14 11:29:32]	compilation failed at : "e:\咸鱼先生的单片机开发文件\2.ARM工程\8.5110覆写\STM32工程文件\USER\main.c", exit code: 1
  at unify_builder.Program.compileByMulThread (System.Int32 thrNum, unify_builder.CmdGenerator+CmdInfo[] cmds, System.Collections.Generic.List`1[T] doneList) [0x000e4] in <659107f5192b4415be1d55e0728fa07f>:0 
  at unify_builder.Program.Main (System.String[] args) [0x0155a] in <659107f5192b4415be1d55e0728fa07f>:0 

[2021-12-14 11:29:55]	compilation failed at : "e:\咸鱼先生的单片机开发文件\2.ARM工程\8.5110覆写\STM32工程文件\USER\main.c", exit code: 1
  at unify_builder.Program.compileByMulThread (System.Int32 thrNum, unify_builder.CmdGenerator+CmdInfo[] cmds, System.Collections.Generic.List`1[T] doneList) [0x000e4] in <659107f5192b4415be1d55e0728fa07f>:0 
  at unify_builder.Program.Main (System.String[] args) [0x0155a] in <659107f5192b4415be1d55e0728fa07f>:0 

[2021-12-14 11:32:38]	link failed !, exit code: 1
  at unify_builder.Program.Main (System.String[] args) [0x0166f] in <659107f5192b4415be1d55e0728fa07f>:0 

[2021-12-14 11:32:49]	link failed !, exit code: 1
  at unify_builder.Program.Main (System.String[] args) [0x0166f] in <659107f5192b4415be1d55e0728fa07f>:0 

[2021-12-14 12:45:18]	[done]
	build successfully !

[2021-12-14 12:45:48]	[done]
	build successfully !

[2021-12-14 12:46:48]	[done]
	build successfully !

[2021-12-14 12:47:39]	link failed !, exit code: 1
  at unify_builder.Program.Main (System.String[] args) [0x0166f] in <659107f5192b4415be1d55e0728fa07f>:0 

[2021-12-14 12:48:16]	link failed !, exit code: 1
  at unify_builder.Program.Main (System.String[] args) [0x0166f] in <659107f5192b4415be1d55e0728fa07f>:0 

[2021-12-14 12:48:31]	link failed !, exit code: 1
  at unify_builder.Program.Main (System.String[] args) [0x0166f] in <659107f5192b4415be1d55e0728fa07f>:0 

[2021-12-14 12:49:23]	link failed !, exit code: 1
  at unify_builder.Program.Main (System.String[] args) [0x0166f] in <659107f5192b4415be1d55e0728fa07f>:0 

[2021-12-14 20:09:20]	[done]
	build successfully !

