C51 COMPILER V9.57.0.0   TURINGSERVO                                                       12/11/2021 20:34:25 PAGE 1   


C51 COMPILER V9.57.0.0, COMPILATION OF MODULE TURINGSERVO
OBJECT MODULE PLACED IN .\Objects\TuringServo.obj
COMPILER INVOKED BY: D:\keil5B\C51\BIN\C51.EXE TuringServo.c COMPACT OPTIMIZE(8,SPEED) BROWSE DEBUG OBJECTEXTEND PRINT(.
                    -\Listings\TuringServo.lst) TABS(2) OBJECT(.\Objects\TuringServo.obj)

line level    source

   1          #include "TuringServo.h"
   2          #include "Servo.h"
   3          //#include "engine.h"
   4          /*void delay3(void)   //è¯¯å·® 0us
   5          //{
   6          //    unsigned char a,b;
   7          //    for(b=173;b>0;b--)
   8          //        for(a=143;a>0;a--);
   9          //}
  10          */
  11          /***************************************************
  12           * å‡½æ•°åç§°ï¼šmoves1
  13           * å…¥å£å‚æ•°ï¼š//int mod1// int angle1//int mode1/------||-------/mod1--4é€†æ—¶é’ˆ 5--é¡ºæ—¶é’ˆ angle--
             -è½¬çš„è§’åº¦ mode--å“ªä½èˆµæœº
  14           * è¾“å‡ºï¼šå½“å‰è®¾å®šçš„è§’åº¦
  15           * åŠŸèƒ½ï¼šé©±åŠ¨èˆµæœº
  16          * å¤‡æ³¨ï¼šæ­¥è¿›=50*1us
  17           * *************************************************/
  18          int moves1(int mod1, int angle1,int mode1 ){//mod1--4é€†æ—¶é’ˆ 5--é¡ºæ—¶é’ˆ angle--è½¬çš„è§’åº¦ mode--å“ªä
             -½èˆµæœº
  19   1          int i = 0;
  20   1          switch (mod1)
  21   1          {
  22   2          case 4:
  23   2              angle1+=Step;
  24   2              if (angle1 > 2000) {angle1 = 2000;}
  25   2      //            move(mode1, angle1);//
  26   2                servo0(mode1, angle1);
  27   2      //          delay3();
  28   2              break;
  29   2          case 5:
  30   2              angle1-=Step;//å°è¯•é›†ï¼š80,50
  31   2              if (angle1 < 0){angle1 = 0;}
  32   2      //            move(mode1, angle1);//
  33   2                servo0(mode1, angle1);//
  34   2      //          delay3();
  35   2              break;
  36   2          default:
  37   2              break;
  38   2          }
  39   1         // }
  40   1        return  angle1;
  41   1      }
  42          /***************************************************
  43           * å‡½æ•°åç§°ï¼šmoves2
  44           * å…¥å£å‚æ•°ï¼š//int from// int to//int mode1/------||-------/from--å½“å‰è§’åº¦ï¼›to--ç›®æ ‡è§’åº¦ï¼›m
             -ode--å“ªä½èˆµæœº
  45           * è¾“å‡ºï¼šæ— 
  46           * åŠŸèƒ½ï¼šæ¯”è¾ƒå½“å‰å§¿æ€(from)ä¸ç›®æ ‡å§¿æ€(to)å¹¶å‡é€Ÿè¿åŠ¨ å³ï¼šæœ‰è®°å¿†åœ°è¾“å‡ºåˆ°èˆµæœº(ç
             -®€åŒ–æ¿moves1() )
  47          * å¤‡æ³¨ï¼šæ— 
  48           * *************************************************/
  49          void moves2(int from ,int to ,int mode2){
  50   1        int w=0;
C51 COMPILER V9.57.0.0   TURINGSERVO                                                       12/11/2021 20:34:25 PAGE 2   

  51   1        int i=0;
  52   1        if (from>to){ for(w=from;w>=to;w-=Step1){for(i=0;i<3;i++){servo0(mode2,w);}}}
  53   1        else if (from<to){ for(w=from;w<=to;w+=Step1){for(i=0;i<3;i++){servo0(mode2,w);}}}
  54   1      }
  55          
  56          
  57          


MODULE INFORMATION:   STATIC OVERLAYABLE
   CODE SIZE        =    376    ----
   CONSTANT SIZE    =   ----    ----
   XDATA SIZE       =   ----    ----
   PDATA SIZE       =   ----      16
   DATA SIZE        =   ----    ----
   IDATA SIZE       =   ----    ----
   BIT SIZE         =   ----    ----
END OF MODULE INFORMATION.


C51 COMPILATION COMPLETE.  0 WARNING(S),  0 ERROR(S)
