C51 COMPILER V9.57.0.0   ________A                                                         12/08/2021 15:09:09 PAGE 1   


C51 COMPILER V9.57.0.0, COMPILATION OF MODULE ________A
OBJECT MODULE PLACED IN .\Objects\´®¿ÚÍ¨ÐÅA.obj
COMPILER INVOKED BY: D:\keil5B\C51\BIN\C51.EXE ´®¿ÚÍ¨ÐÅA.c COMPACT OPTIMIZE(8,SPEED) BROWSE DEBUG OBJECTEXTEND PRINT(.\L
                    -istings\´®¿ÚÍ¨ÐÅA.lst) TABS(2) OBJECT(.\Objects\´®¿ÚÍ¨ÐÅA.obj)

line level    source

   1          /*
   2           * @Author: your name
   3           * @Date: 2021-11-24 14:08:41
   4           * @LastEditTime: 2021-12-08 12:53:26
   5           * @LastEditors: Please set LastEditors
   6           * @Description: æ‰“å¼€koroFileHeaderæŸ¥çœ‹é…ç½® è¿›è¡Œè®¾ç½®: https://github.com/OBKoro1/koro1FileHeader
             -/wiki/%E9%85%8D%E7%BD%AE
   7           * @FilePath: \æœºæ¢°è‡‚\ä¸²å£é€šä¿¡A.c
   8           */
   9          #include "Uart.h"
  10          unsigned char a;
  11          int tmp=0,j=0,i=0;
  12           unsigned char rev;
  13          void Delay10ms(unsigned int c){
  14   1         unsigned char a, b;
  15   1          for (;c>0;c--)
  16   1          {
  17   2              for (b=38;b>0;b--)
  18   2              {
  19   3                  for (a=130;a>0;a--);
  20   3              }          
  21   2          }       
  22   1      }
  23          void Uart_init(void){
  24   1        EA=0;
  25   1        TMOD|=0X20;//åŠ |é˜²æ­¢è¢«è¦†ç›–ï¼ï¼ï¼ï¼
  26   1        SCON=0X50;
  27   1        TH1=0XFD;
  28   1        TL1=TH1;
  29   1        PCON=0X00;
  30   1        EA=1;
  31   1        ES=1;
  32   1        TR1=1;
  33   1        REN=1;
  34   1        PT1=1;
  35   1        PT0=0;
  36   1        PS=1;
  37   1      //  PX0=0;
  38   1      }
  39          /***************************************************
  40           * å‡½æ•°åç§°ï¼šBluetoothGet
  41           * å…¥å£å‚æ•°ï¼šæ— 
  42           * è¾“å‡ºï¼šæ— 
  43           * åŠŸèƒ½ï¼šè¯†åˆ«è“ç‰™
  44          * å¤‡æ³¨ï¼šè¯†åˆ«ä¸¤æ¬¡ç›¸åŒçš„å­—
  45           * *************************************************/
  46          int BluetoothGet(void){
  47   1      //  j=0;
  48   1        Uart_init();//åˆå§‹åŒ–ä¸²å£
  49   1      //  while(j==0)
  50   1      //    ;
  51   1        switch (a){
  52   2          case 1:
  53   2            return 0;
C51 COMPILER V9.57.0.0   ________A                                                         12/08/2021 15:09:09 PAGE 2   

  54   2          case 2:
  55   2            return 1;
  56   2          case 3:
  57   2            return 2;
  58   2          case 4:
  59   2            return 3;
  60   2          case 5:
  61   2            while(a!=0)
  62   2                ;
  63   2            return 4;
  64   2          case 6:
  65   2            while(a!=0)
  66   2                ;
  67   2            return 5;
  68   2          case 7:
  69   2            while(a!=0)
  70   2                ;
  71   2            return 6;
  72   2          case 8:
  73   2            while(a!=0)
  74   2                ;
  75   2            return 7;
  76   2          case 9:
  77   2            while(a!=0)
  78   2                ;
  79   2            return 8;
  80   2          case  0xff:
  81   2            return 9;
  82   2          default:
  83   2            break;
  84   2        }
  85   1        return -1;
  86   1      }
  87          /***************************************************
  88           * å‡½æ•°åç§°ï¼šBluetoothGetOnce
  89           * å…¥å£å‚æ•°ï¼šæ— 
  90           * è¾“å‡ºï¼šæ— 
  91           * åŠŸèƒ½ï¼šè¯†åˆ«è“ç‰™
  92          * å¤‡æ³¨ï¼šè¯†åˆ«ä¸€æ¬¡ç›¸åŒçš„å­—
  93           * *************************************************/
  94          int BluetoothGetOnce(void){
  95   1        int val=0;
  96   1        static unsigned char R;
  97   1        Uart_init();
  98   1        R=a;
  99   1        switch (R){
 100   2          case 0x01:
 101   2            val= 0;
 102   2            break;
 103   2          case 0x02:
 104   2            val= 1;
 105   2            break;    
 106   2          case 0x03:
 107   2            val= 2;
 108   2            break;
 109   2          case 0x04:
 110   2            val= 3;
 111   2            break;
 112   2          case 0x05:
 113   2            val= 4;
 114   2            break;
 115   2          case 0x06:
C51 COMPILER V9.57.0.0   ________A                                                         12/08/2021 15:09:09 PAGE 3   

 116   2            val= 5;
 117   2            break;
 118   2          case 0x07:
 119   2            val= 6;
 120   2            break;
 121   2          case 0x08:
 122   2            val= 7;
 123   2            break;
 124   2          case 0x09:
 125   2            val= 8;
 126   2            break;
 127   2          case  0xff:
 128   2            val= 9;
 129   2            break;
 130   2          case 0x00:
 131   2            val=-1;
 132   2            break;
 133   2          default:
 134   2              val=-1;
 135   2            break;
 136   2        }
 137   1        if(val!=4&&val!=5&&val!=-1){
 138   2              while(a!=0)
 139   2                ;
 140   2        }
 141   1        return val;
 142   1      }
 143          
 144          /*void main(void){
 145          //  j=0;
 146          //  init();
 147          //  LCD_init();
 148          //  LCD_set_XY(3,9);LCD_write_char(l0);
 149          //  while(1){
 150          //  if(j==1){display(BluetoothGet()*8,5,l0);}
 151          //  }
 152          //}
 153          */
 154          
 155          void Uart() interrupt 4
 156          {
 157   1        /*æŽ¥æ”¶éƒ¨åˆ†*/
 158   1          a = SBUF;
 159   1          RI=0; // æŽ¥æ”¶ä¸­æ–­æ ‡å¿—ä½ç½®0ï¼›
 160   1        /*å‘é€éƒ¨åˆ†*/
 161   1          SBUF = a;
 162   1          while(!TI);
 163   1          TI = 0;       // å‘é€ä¸­æ–­æ ‡å¿—ä½ç½®0ï¼›
 164   1        /*é€‰æ‹©æ ‡å¿—éƒ¨åˆ†*/
 165   1        if(i==0){i++;j=0;}
 166   1        else if (i>=1){i=0;j=1;}
 167   1      }


MODULE INFORMATION:   STATIC OVERLAYABLE
   CODE SIZE        =    486    ----
   CONSTANT SIZE    =   ----    ----
   XDATA SIZE       =   ----    ----
   PDATA SIZE       =      9       2
   DATA SIZE        =   ----    ----
   IDATA SIZE       =   ----    ----
   BIT SIZE         =   ----    ----
C51 COMPILER V9.57.0.0   ________A                                                         12/08/2021 15:09:09 PAGE 4   

END OF MODULE INFORMATION.


C51 COMPILATION COMPLETE.  0 WARNING(S),  0 ERROR(S)
