C51 COMPILER V9.00   แ_ุก3                                                                 07/08/2021 17:27:23 PAGE 1   


C51 COMPILER V9.00, COMPILATION OF MODULE แ_ุก3
OBJECT MODULE PLACED IN ..\..\แุก3.obj
COMPILER INVOKED BY: C:\Keil\C51\BIN\C51.EXE แุก3.c BROWSE DEBUG OBJECTEXTEND OBJECT(..\..\แุก3.obj)

line level    source

   1          #include<reg52.h>
   2          sbit P2_0 = P2^0;
   3          sbit P1_1 = P1^1;
   4          sbit P1_2 = P1^2;
   5          sbit P2_1 = P2^1;
   6          sbit P1_3 = P1^3;
   7          sbit P1_4 = P1^4;
   8          void main()
   9          {
  10   1              while(1)
  11   1              {
  12   2                      if(P2_0 == 0)
  13   2                      {
  14   3                                      P1_1=0;
  15   3                                      P1_2=1;
  16   3                      }
  17   2                       else if (P2_0 ==1)
  18   2                       {
  19   3                                      P1_1=1;
  20   3                                      P1_2=0;                  
  21   3                        }
  22   2                        if(P2_1 == 0)
  23   2                      {
  24   3                                      P1_3=0;
  25   3                                      P1_4=1;
  26   3                      }
  27   2                       else if (P2_1 ==1)
  28   2                       {
  29   3                                      P1_3=1;
  30   3                                      P1_4=0;                  
  31   3                        }
  32   2               }
  33   1       }
  34            
  35          


MODULE INFORMATION:   STATIC OVERLAYABLE
   CODE SIZE        =     34    ----
   CONSTANT SIZE    =   ----    ----
   XDATA SIZE       =   ----    ----
   PDATA SIZE       =   ----    ----
   DATA SIZE        =   ----    ----
   IDATA SIZE       =   ----    ----
   BIT SIZE         =   ----    ----
END OF MODULE INFORMATION.


C51 COMPILATION COMPLETE.  0 WARNING(S),  0 ERROR(S)
