C51 COMPILER V9.57.0.0   TET                                                               04/03/2022 10:36:41 PAGE 1   


C51 COMPILER V9.57.0.0, COMPILATION OF MODULE TET
OBJECT MODULE PLACED IN .\Objects\tet.obj
COMPILER INVOKED BY: D:\keil5B\C51\BIN\C51.EXE tet.c OPTIMIZE(8,SPEED) BROWSE DEBUG OBJECTEXTEND PRINT(.\Listings\tet.ls
                    -t) TABS(2) OBJECT(.\Objects\tet.obj)

line level    source

   1          #include<reg52.h>
   2          sbit P2_0=P2^0;
   3          sbit P3_2=P3^2;
   4          sbit P3_3=P3^3;
   5          void delay(void)   //delay 0.5s
   6          {
   7   1          unsigned char a,b,c;
   8   1          for(c=98;c>0;c--)
   9   1              for(b=127;b>0;b--)
  10   1                  for(a=17;a>0;a--);
  11   1      }
  12          void main(void){
  13   1        EA=1;
  14   1        EX0=1;
  15   1        EX1=1;
  16   1        IT0=1;
  17   1        IT1=1;
  18   1        P1=0XFE;
  19   1        delay();//1
  20   1        P1=0XFD;
  21   1        delay();//2
  22   1        P1=0XFB;
  23   1        delay();//3
  24   1        P1=0XF7;
  25   1        delay();//4
  26   1        P1=0XEF;
  27   1        delay();//5
  28   1        P1=0XDF;
  29   1        delay();//6
  30   1        P1=0XBF;
  31   1        delay();//7
  32   1        P1=0X7F;
  33   1        delay();
  34   1      }
  35          void inter1() interrupt 2{
  36   1        P1=0xff;
  37   1        delay();
  38   1            ;
  39   1      }
  40          void inter() interrupt 0{
  41   1        delay();
  42   1        while(1){
  43   2            if(P3_2==1){
  44   3              break;
  45   3            }
  46   2            }
  47   1        }


MODULE INFORMATION:   STATIC OVERLAYABLE
   CODE SIZE        =    123    ----
   CONSTANT SIZE    =   ----    ----
   XDATA SIZE       =   ----    ----
   PDATA SIZE       =   ----    ----
C51 COMPILER V9.57.0.0   TET                                                               04/03/2022 10:36:41 PAGE 2   

   DATA SIZE        =   ----    ----
   IDATA SIZE       =   ----    ----
   BIT SIZE         =   ----    ----
END OF MODULE INFORMATION.


C51 COMPILATION COMPLETE.  0 WARNING(S),  0 ERROR(S)
