C51 COMPILER V9.57.0.0   ________                                                          11/12/2021 08:46:20 PAGE 1   


C51 COMPILER V9.57.0.0, COMPILATION OF MODULE ________
OBJECT MODULE PLACED IN .\Objects\按键实验.obj
COMPILER INVOKED BY: D:\keil5\C51\BIN\C51.EXE 按键实验.c OPTIMIZE(8,SPEED) BROWSE DEBUG OBJECTEXTEND PRINT(.\Listings\按
                    -键实验.lst) TABS(2) OBJECT(.\Objects\按键实验.obj)

line level    source

   1          #include<reg52.h>
   2          
   3          sbit KEY0=P2^4;
   4          
   5          sbit P2_0=P2^3;
   6          
   7          #define uchar unsigned char 
   8          
   9          uchar code table[]={0xc0,0xf9,0xa4,0xb0,0x99,0x92,0x82,0xf8,0x80,0x90};
  10          
  11          void delay10ms(void)   //延时10ms
  12          {
  13   1          unsigned char a,b,c;
  14   1        
  15   1          for(c=1;c>0;c--)
  16   1        
  17   1              for(b=38;b>0;b--)
  18   1        
  19   1                  for(a=130;a>0;a--);
  20   1        
  21   1      }
  22          
  23          void main(void){
  24   1        
  25   1        int count=0;
  26   1        
  27   1        int i=0;
  28   1        
  29   1        while(1){
  30   2          P2_0=0;
  31   2              
  32   2          P0=table[i];
  33   2              
  34   2          delay10ms();
  35   2          
  36   2          P2_0=1;
  37   2          
  38   2          if(KEY0==0){
  39   3            
  40   3            delay10ms();
  41   3            
  42   3            if(KEY0==0&&count==0){        
  43   4              
  44   4              count++;
  45   4              
  46   4              i++;
  47   4            }
  48   3          }
  49   2          else{
  50   3            
  51   3            count=0;
  52   3            
  53   3          }
  54   2          
C51 COMPILER V9.57.0.0   ________                                                          11/12/2021 08:46:20 PAGE 2   

  55   2          if(i>=10){
  56   3            
  57   3            i=0;
  58   3            
  59   3          }
  60   2          
  61   2        }
  62   1        
  63   1      }


MODULE INFORMATION:   STATIC OVERLAYABLE
   CODE SIZE        =     92    ----
   CONSTANT SIZE    =     10    ----
   XDATA SIZE       =   ----    ----
   PDATA SIZE       =   ----    ----
   DATA SIZE        =   ----       2
   IDATA SIZE       =   ----    ----
   BIT SIZE         =   ----    ----
END OF MODULE INFORMATION.


C51 COMPILATION COMPLETE.  0 WARNING(S),  0 ERROR(S)
