C51 COMPILER V9.57.0.0   I2CA                                                              11/03/2021 09:52:14 PAGE 1   


C51 COMPILER V9.57.0.0, COMPILATION OF MODULE I2CA
OBJECT MODULE PLACED IN .\Objects\I2CA.obj
COMPILER INVOKED BY: D:\keil5\C51\BIN\C51.EXE I2C\I2CA.c OPTIMIZE(8,SPEED) BROWSE INCDIR(.\I2C;.\I2C) DEBUG OBJECTEXTEND
                    - PRINT(.\Listings\I2CA.lst) TABS(2) OBJECT(.\Objects\I2CA.obj)

line level    source

   1          /*---------------------------------------------------------------
   2                   IIC总线所需的通用函数
   3          ----------------------------------------------------------------*/
   4          #include"I2CA.h"
   5          #include<reg52.h>
   6          /*---------------------------------------------------------------
   7                           微妙级别延时函数 大于4.7us
   8          ----------------------------------------------------------------*/
   9          void delayus()//延时5us(大约)
  10          {
  11   1          _nop_();          //在intrins.h文件里
  12   1          _nop_();
  13   1          _nop_();
  14   1          _nop_();
  15   1          _nop_();
  16   1      }
  17          /*---------------------------------------------------------------
  18                           IIC总线初始化函数 
  19          ----------------------------------------------------------------*/
  20          void init()
  21          {
  22   1          sda=1;                //sda scl使用前总是被拉高
  23   1          delayus();
  24   1          scl=1;
  25   1          delayus();
  26   1      }
  27          /*---------------------------------------------------------------
  28                           IIC总线启动信号函数
  29          ----------------------------------------------------------------*/
  30          void start()
  31          {
  32   1          sda=1;
  33   1          delayus();
  34   1          scl=1;                        //scl拉高时 sda突然来个低电平 就启动了IIC总线
  35   1          delayus();
  36   1          sda=0;
  37   1          delayus();
  38   1          scl=0;
  39   1          delayus();
  40   1      }
  41          /*---------------------------------------------------------------
  42                           IIC总线停止信号函数
  43          ----------------------------------------------------------------*/
  44          void stop()
  45          {
  46   1          sda=0;
  47   1          delayus();
  48   1          scl=1;                         //scl拉高时 sda突然来个高电平 就停止了IIC总线
  49   1          delayus();
  50   1          sda=1;                   
  51   1          delayus();
  52   1      }
  53          /*---------------------------------------------------------------
  54                           IIC总线应答信号函数
C51 COMPILER V9.57.0.0   I2CA                                                              11/03/2021 09:52:14 PAGE 2   

  55          ----------------------------------------------------------------*/
  56          void ACK()
  57          {
  58   1          uchar i;
  59   1          scl=1;
  60   1          delayus();
  61   1          while((sda=1)&&(i<255))         
  62   1            i++;                                        
  63   1          scl=0;                                  
  64   1          delayus();
  65   1      }
  66          /*---------------------------------------------------------------
  67                           写一个字节,无返回值，需输入一个字节值
  68          ----------------------------------------------------------------*/
  69          void write_byte(uchar byte)
  70          {
  71   1          uchar i,temp;
  72   1          temp=byte;
  73   1          for(i=0;i<8;i++)
  74   1          {
  75   2              temp=temp<<1;  
  76   2              scl=0;                  
  77   2              delayus();
  78   2              sda=CY;                 
  79   2              delayus();
  80   2              scl=1;           
  81   2              delayus();
  82   2          }
  83   1          scl=0;                  
  84   1          delayus();
  85   1          sda=1;                 
  86   1          delayus();
  87   1      }
  88          /*---------------------------------------------------------------
  89                           读一个字节函数，有返回值
  90          ----------------------------------------------------------------*/
  91          uchar read_byte()//uchar 范围=（0~256）=2^8
  92          {
  93   1          uchar i,j,k;
  94   1          scl=0;
  95   1          delayus();
  96   1          sda=1;
  97   1          delayus();
  98   1          for(i=0;i<8;i++)        
  99   1          {
 100   2            delayus();
 101   2            scl=1;
 102   2            delayus();
 103   2            if(sda==1)
 104   2            {
 105   3                j=1;
 106   3            }
 107   2            else j=0;
 108   2            k=(k<< 1)|j;  
 109   2            scl=0;            
 110   2          }
 111   1          delayus();
 112   1          return k;
 113   1      }


MODULE INFORMATION:   STATIC OVERLAYABLE
C51 COMPILER V9.57.0.0   I2CA                                                              11/03/2021 09:52:14 PAGE 3   

   CODE SIZE        =    138    ----
   CONSTANT SIZE    =   ----    ----
   XDATA SIZE       =   ----    ----
   PDATA SIZE       =   ----    ----
   DATA SIZE        =   ----       1
   IDATA SIZE       =   ----    ----
   BIT SIZE         =   ----    ----
END OF MODULE INFORMATION.


C51 COMPILATION COMPLETE.  0 WARNING(S),  0 ERROR(S)
