C51 COMPILER V9.57.0.0   MAIN                                                              11/23/2021 17:36:39 PAGE 1   


C51 COMPILER V9.57.0.0, COMPILATION OF MODULE MAIN
OBJECT MODULE PLACED IN .\Objects\main.obj
COMPILER INVOKED BY: D:\keil5\C51\BIN\C51.EXE main.c LARGE OPTIMIZE(8,SPEED) BROWSE INCDIR(.\I2C;..\OLED糞刮) DEBUG OBJE
                    -CTEXTEND PRINT(.\Listings\main.lst) TABS(2) OBJECT(.\Objects\main.obj)

line level    source

   1          //////////////////////////////////////////////////////////////////////////////////         
   2          //云殻會峪工僥楼聞喘隆将恬宀俯辛音誼喘噐凪万販採喘余
   3          //嶄尚坩窮徨
   4          //  猟 周 兆   : main.c
   5          //  井 云 催   : v2.0
   6          //  恬    宀   : HuangKai
   7          //  伏撹晩豚   : 2014-0101
   8          //  恷除俐個   :
   9          //  孔嬬宙峰   : OLED IIC俊笥處幣箭殻(51狼双)
  10          // 俐個煽雰   :
  11          // 晩    豚   :
  12          // 恬    宀   : HuangKai
  13          // 俐個坪否   : 幹秀猟周
  14          //井幡侭嗤義井駅梢。
  15          //Copyright(C) 嶄尚坩窮徨2014/3/16
  16          //All rights reserved
  17          //******************************************************************************/
  18          #include "reg52.h"
  19          #include<string.h>
  20          #define high 1
  21          #define low 0
  22          /*************Pin Define***************/
  23          sbit SCL=P3^6;
  24          sbit SDA=P3^7;
  25          /****************************************************/
  26          void Initial_LY096BG30();
  27          void Delay_50ms(unsigned int Del_50ms);
  28          void Delay_1ms(unsigned int Del_1ms);
  29          void fill_picture(unsigned char fill_Data);
  30          void Picture_1();
  31          void IIC_Start();
  32          void IIC_Stop();
  33          void Write_IIC_Command(unsigned char IIC_Command);
  34          void Write_IIC_Data(unsigned char IIC_Data);
  35          void Write_IIC_Byte(unsigned char IIC_Byte);
  36          /***********************Initial code*********************/
  37          void Initial_LY096BG30()
  38          {
  39   1              Write_IIC_Command(0xAE);//display off┨慙塋升||0xAE購液徳鳥
  40   1          /*！！！！！！！！！！！！！！！！！！！！！！！！！！！！！！！！！！！！！！！！！！！！！！！！！！！
             -！！！！！！！！！！！！！！！！！！！！！！！！！！！！！！！！！！！！！！！！！！！！！！！！！！！！！！！！！！！！
             -！！！！！*/
  41   1              Write_IIC_Command(0x20);//Set Memory Addressing Mode譜崔坪贋儖峽庁塀       
  42   1              Write_IIC_Command(0x10);//00邦峠儖峽庁塀01換岷儖峽圭塀10、匈中儖峽庁塀┯肝撮11涙丼
             -
  43   1                                      //00,Horizontal Addressing Mode;01,Vertical Addressing Mode;10,Page Addressing Mode (RESE
             -T);11,Invalid
  44   1          /*！！！！！！！！！！！！！！！！！！！！！！！！！！！！！！！！！！！！！！！！！！！！！！！！！！！
             -！！！！！！！！！！！！！！！！！！！！！！！！！！！！！！！！！！！！！！！！！！！！！！！！！！！！！！！！！！！！
             -！！！！！*/
  45   1              Write_IIC_Command(0xb0);/*(譜崔匈中儖峽庁塀議匈中軟兵仇峽0-7)
  46   1                                      Set Page Start Address for Page Addressing Mode,0-7*/
  47   1          /*！！！！！！！！！！！！！！！！！！！！！！！！！！！！！！！！！！！！！！！！！！！！！！！！！！！
             -！！！！！！！！！！！！！！！！！！！！！！！！！！！！！！！！！！！！！！！！！！！！！！！！！！！！！！！！！！！！
C51 COMPILER V9.57.0.0   MAIN                                                              11/23/2021 17:36:39 PAGE 2   

             -！！！！！*/
  48   1              Write_IIC_Command(0xc8);//(譜崔COM補竃膝宙圭)Set COM Output Scan Direction
  49   1          /*！！！！！！！！！！！！！！！！！！！！！！！！！！！！！！！！！！！！！！！！！！！！！！！！！！！
             -！！！！！！！！！！！！！！！！！！！！！！！！！！！！！！！！！！！！！！！！！！！！！！！！！！！！！！！！！！！！
             -！！！！！*/
  50   1              Write_IIC_Command(0x00);//---(譜崔詰双仇峽)set low column address
  51   1              Write_IIC_Command(0x10);//---(譜崔互双仇峽)set high column address
  52   1              Write_IIC_Command(0x40);//--譜崔軟兵佩仇峽set start line address
  53   1          /*！！！！！！！！！！！！！！！！！！！！！！！！！！！！！！！！！！！！！！！！！！！！！！！！！！！
             -！！！！！！！！！！！！！！！！！！！！！！！！！！！！！！！！！！！！！！！！！！！！！！！！！！！！！！！！！！！！
             -！！！！！*/
  54   1              Write_IIC_Command(0x81);//--譜崔斤曳業陣崙篠贋匂set contrast control register
  55   1              Write_IIC_Command(0x7f);/*譜崔斤曳業 81H+A[7:0]
  56   1                                        宸頁匯訳褒忖准峺綜喇及屈訳峺綜峺協勣譜崔議斤曳業雫方。
  57   1                                        A[7:0] 貫 00H~FFH 蛍艶峺協斤曳業葎 1~256 雫。SEG╋裡
  58   1                                        補竃議窮送寄弌昧斤曳業雫方議奐紗遇奐紗。*/
  59   1          /*！！！！！！！！！！！！！！！！！！！！！！！！！！！！！！！！！！！！！！！！！！！！！！！！！！！
             -！！！！！！！！！！！！！！！！！！！！！！！！！！！！！！！！！！！！！！！！！！！！！！！！！！！！！！！！！！！！
             -！！！！！*/
  60   1              Write_IIC_Command(0xa1);//--┰粁嶷仟啌符0譜崔葎127set segment re-map 0 to 127
  61   1          /*！！！！！！！！！！！！！！！！！！！！！！！！！！！！！！！！！！！！！！！！！！！！！！！！！！！
             -！！！！！！！！！！！！！！！！！！！！！！！！！！！！！！！！！！！！！！！！！！！！！！！！！！！！！！！！！！！！
             -！！！！！*/
  62   1              Write_IIC_Command(0xa6);//--譜崔屎械塋升set normal display
  63   1          /*！！！！！！！！！！！！！！！！！！！！！！！！！！！！！！！！！！！！！！！！！！！！！！！！！！！
             -！！！！！！！！！！！！！！！！！！！！！！！！！！！！！！！！！！！！！！！！！！！！！！！！！！！！！！！！！！！！
             -！！！！！*/
  64   1              Write_IIC_Command(0xa8);//--譜崔謹揃鹸喘曳楕1欺64set multiplex ratio(1 to 64)
  65   1              Write_IIC_Command(0x3F);/*譜崔鹸喘楕 A8H+A[5:0]
  66   1                                        宸頁匯訳褒忖准峺綜喇A[5:0]峺協勣譜崔議鹸喘楕
  67   1                                        鹸喘楕MUX ratio軸僉宥議COM佩方音嬬詰噐16
  68   1                                        宥狛A[5:0]栖峺協。
  69   1                                        A[5:0] 互曾了涙号協篇葎0侭參及屈訳峺綜貫 0FH~3FH 
  70   1                                        議函峙譜崔鹸喘楕葎 1~64┝A[5:0]+1。A[5:0]貫0欺14議函峙脅頁涙丼議。*/
  71   1          /*！！！！！！！！！！！！！！！！！！！！！！！！！！！！！！！！！！！！！！！！！！！！！！！！！！！
             -！！！！！！！！！！！！！！！！！！！！！！！！！！！！！！！！！！！！！！！！！！！！！！！！！！！！！！！！！！！！
             -！！！！！*/
  72   1              Write_IIC_Command(0xa4);//0xa4補竃効昧RAM坪否0xa5補竃策待RAM坪否0xa4,Output follows RAM 
             -content;0xa5,Output ignores RAM content
  73   1              Write_IIC_Command(0xd3);//-譜崔塋焼卞楚set display offset
  74   1              Write_IIC_Command(0x00);//-短嗤陶卞楚not offset
  75   1          /*！！！！！！！！！！！！！！！！！！！！！！！！！！！！！！！！！！！！！！！！！！！！！！！！！！！
             -！！！！！！！！！！！！！！！！！！！！！！！！！！！！！！！！！！！！！！！！！！！！！！！！！！！！！！！！！！！！
             -！！！！！*/
  76   1              Write_IIC_Command(0xd5);//--譜崔塋省疫啖崙輝/尅鬼匂撞楕Cset display clock divide ratio/oscil
             -lator frequency
  77   1              Write_IIC_Command(0xf0);//--譜協蛍護曳楕set divide ratio
  78   1          /*！！！！！！！！！！！！！！！！！！！！！！！！！！！！！！！！！！！！！！！！！！！！！！！！！！！
             -！！！！！！！！！！！！！！！！！！！！！！！！！！！！！！！！！！！！！！！！！！！！！！！！！！！！！！！！！！！！
             -！！！！！*/
  79   1              Write_IIC_Command(0xd9);//--譜崔圓割窮巓豚 D9H+A[7:0]set pre-charge period
  80   1              Write_IIC_Command(0x22);//
  81   1          /*！！！！！！！！！！！！！！！！！！！！！！！！！！！！！！！！！！！！！！！！！！！！！！！！！！！
             -！！！！！！！！！！！！！！！！！！！！！！！！！！！！！！！！！！！！！！！！！！！！！！！！！！！！！！！！！！！！
             -！！！！！*/
  82   1              Write_IIC_Command(0xda);//--譜崔com哈重啣周塘崔set com pins hardware configuration
  83   1              Write_IIC_Command(0x12);/*6.譜崔COM啣周塘崔 DAH+A[5:4]
  84   1                                        宸頁匯訳褒忖准峺綜喇A[5:4]序佩譜崔。
  85   1                                        A[5] 了譜崔COM恣嘔郡崔A[4] 喘栖譜崔會双/姥僉哈重塘崔凪麿了嗤号協*/
  86   1          /*！！！！！！！！！！！！！！！！！！！！！！！！！！！！！！！！！！！！！！！！！！！！！！！！！！！
             -！！！！！！！！！！！！！！！！！！！！！！！！！！！！！！！！！！！！！！！！！！！！！！！！！！！！！！！！！！！！
             -！！！！！*/
C51 COMPILER V9.57.0.0   MAIN                                                              11/23/2021 17:36:39 PAGE 3   

  87   1              Write_IIC_Command(0xdb);//--3.譜崔VCOMH補竃議互窮峠 DBH+A[6:4]set vcomh
  88   1              Write_IIC_Command(0x20);//0x20,0.77xVcc
  89   1          /*！！！！！！！！！！！！！！！！！！！！！！！！！！！！！！！！！！！！！！！！！！！！！！！！！！！
             -！！！！！！！！！！！！！！！！！！！！！！！！！！！！！！！！！！！！！！！！！！！！！！！！！！！！！！！！！！！！
             -！！！！！*/
  90   1              Write_IIC_Command(0x8d);//--聞嬬DC-DC庁翠set DC-DC enable
  91   1              Write_IIC_Command(0x14);//
  92   1              Write_IIC_Command(0xaf);//--┫鮨oled中医turn on oled panel
  93   1      }
  94          /***********************Picture Code**************************/
  95          unsigned char code show1[]=
  96          {
  97          
  98          0x78,0x4E,0x42,0x42,0x42,0x42,0x4E,0x78,0x78,0x4E,0x42,0x42,0x42,0x42,0x4E,0x78
  99            
 100          };
 101          /**********************************************
 102          //IIC Start
 103          **********************************************/
 104          void IIC_Start()
 105          {
 106   1         SCL = high;
 107   1         //Delay_us(1);               
 108   1         SDA = high;
 109   1         //Delay_us(1);
 110   1         SDA = low;
 111   1        // Delay_us(1);
 112   1         SCL = low;
 113   1        // Delay_us(1);
 114   1      }
 115          
 116          /**********************************************
 117          //IIC Stop
 118          **********************************************/
 119          void IIC_Stop()
 120          {
 121   1         SCL = low;
 122   1         //Delay_us(1);
 123   1         SDA = low;
 124   1         //Delay_us(1);
 125   1         SCL = high;
 126   1         //Delay_us(1);
 127   1         SDA = high;
 128   1         //Delay_us(1);
 129   1      }
 130          /**********************************************
 131          // IIC Write byte
 132          **********************************************/
 133          void Write_IIC_Byte(unsigned char IIC_Byte)
 134          {
 135   1              unsigned char i;
 136   1              for(i=0;i<8;i++)               
 137   1              {
 138   2                      if(IIC_Byte & 0x80)                //1?0?
 139   2                      SDA=high;
 140   2                      else
 141   2                      SDA=low;
 142   2                      //Delay_us(1);
 143   2                      SCL=high;
 144   2                      //Delay_us(1);
 145   2                      SCL=low;
 146   2                      //Delay_us(1);
C51 COMPILER V9.57.0.0   MAIN                                                              11/23/2021 17:36:39 PAGE 4   

 147   2                      IIC_Byte<<=1;                        //loop
 148   2              }
 149   1              SDA=1;
 150   1              //Delay_us(1);
 151   1              SCL=1;
 152   1              //Delay_us(1);
 153   1              SCL=0;
 154   1              //Delay_us(1);
 155   1      }
 156          /**********************************************
 157          // IIC Write Command
 158          **********************************************/
 159          void Write_IIC_Command(unsigned char IIC_Command)
 160          {
 161   1         IIC_Start();
 162   1         Write_IIC_Byte(0x78);            //Slave address,SA0=0
 163   1         Write_IIC_Byte(0x00);                        //write command
 164   1         Write_IIC_Byte(IIC_Command);
 165   1         IIC_Stop();
 166   1      }
 167          /**********************************************
 168          // IIC Write Data
 169          **********************************************/
 170          void Write_IIC_Data(unsigned char IIC_Data)
 171          {
 172   1         IIC_Start();
 173   1         Write_IIC_Byte(0x78);                       
 174   1         Write_IIC_Byte(0x40);                        //write data
 175   1         Write_IIC_Byte(IIC_Data);
 176   1         IIC_Stop();
 177   1      }
 178          /********************************************
 179          // fill_Picture
 180          ********************************************/
 181          void fill_picture(unsigned char fill_Data)
 182          {
 183   1              unsigned char m,n;
 184   1              for(m=0;m<8;m++)
 185   1              {
 186   2                      Write_IIC_Command(0xb0+m);                //page0-page1
 187   2                      Write_IIC_Command(0x00);                //詰 双 軟兵仇峽
 188   2                      Write_IIC_Command(0x10);                //互双 軟兵仇峽
 189   2                      for(n=0;n<128;n++)
 190   2                              {
 191   3                                      Write_IIC_Data(fill_Data);
 192   3                              }
 193   2              }
 194   1      }
 195          /******************************************
 196          // picture
 197          ******************************************/
 198          /*void picture_1()
 199          //{
 200          //  unsigned char y;
 201          //  unsigned char i=0;
 202          //  for(y=0;y<8;y++)
 203          //    {
 204          //      Write_IIC_Command(0xb0+y);//
 205          //      Write_IIC_Command(0x00);
 206          //      Write_IIC_Command(0x10);
 207          //      for(i=0;i<16;i++)
 208          //        {
C51 COMPILER V9.57.0.0   MAIN                                                              11/23/2021 17:36:39 PAGE 5   

 209          //          Write_IIC_Data(show1[i++]);
 210          //        }
 211          //        i=0;
 212          //    }
 213          //}
 214          */
 215          void display(unsigned char  x,unsigned char  y,unsigned char* hok){//x=0~7;y=0~7;hok駛=8x8
 216   1        unsigned int i=0;
 217   1            Write_IIC_Command(0xb0+y);//
 218   1            Write_IIC_Command(((x&0xf0)>>4)|0x00);
 219   1            Write_IIC_Command((x&0x0f)|0x10);
 220   1            for(i=0;i<12;i++)
 221   1              {
 222   2                Write_IIC_Data(hok[i]);
 223   2              }
 224   1      }
 225          /***********************Delay****************************************/
 226          void Delay_50ms(unsigned int Del_50ms)                //
 227          {
 228   1              unsigned int m;
 229   1              for(;Del_50ms>0;Del_50ms--)
 230   1                      for(m=6245;m>0;m--);
 231   1      }
 232          
 233          void Delay_1ms(unsigned int Del_1ms)                //
 234          {
 235   1              unsigned char j;
 236   1              while(Del_1ms--)
 237   1              {       
 238   2                      for(j=0;j<123;j++);
 239   2              }
 240   1      }
 241          /*******************************Main*******************************/
 242          void main(void)
 243          {
 244   1        int i=0;
 245   1              Initial_LY096BG30();
 246   1              Delay_1ms(5);
 247   1                 fill_picture(0x00);   
 248   1      
 249   1              while(1)
 250   1              {
 251   2                display(i,4,show1);     
 252   2                    i++;
 253   2                if(i>=8){i=0;}          
 254   2              }
 255   1      }


MODULE INFORMATION:   STATIC OVERLAYABLE
   CODE SIZE        =    502    ----
   CONSTANT SIZE    =     16    ----
   XDATA SIZE       =   ----       7
   PDATA SIZE       =   ----    ----
   DATA SIZE        =   ----    ----
   IDATA SIZE       =   ----    ----
   BIT SIZE         =   ----    ----
END OF MODULE INFORMATION.


C51 COMPILATION COMPLETE.  0 WARNING(S),  0 ERROR(S)
