C51 COMPILER V9.57.0.0   ____7A                                                            12/02/2021 14:05:06 PAGE 1   


C51 COMPILER V9.57.0.0, COMPILATION OF MODULE ____7A
OBJECT MODULE PLACED IN แุก7A.OBJ
COMPILER INVOKED BY: D:\keil5\C51\BIN\C51.EXE แุก7A.c OPTIMIZE(8,SPEED) BROWSE DEBUG OBJECTEXTEND TABS(2)

line level    source

   1          #include<reg51.h>
   2          #include <INTRINS.H>
   3          #define uchar unsigned char 
   4          #define l1  262
   5          #define l2  286
   6          #define l3  311
   7          #define l4  349
   8          #define l5  392
   9          #define l6  440
  10          #define l7  494
  11          #define m1  523
  12          #define m2  587
  13          #define m3  659
  14          #define m4   698
  15          #define m5   784
  16          #define m6   880
  17          #define m7   987
  18          #define h1   1046
  19          #define h2   1174
  20          #define h3   1318
  21          #define h4   1396
  22          #define h5   1567
  23          #define h6   1760
  24          #define h7   1975
  25          sbit sound=P3^6;
  26          unsigned int  C;
  27          unsigned char a;
  28          unsigned char b;
  29          sbit k1=P1^0;
  30          sbit k2=P1^1;
  31          sbit k3=P1^2;
  32          sbit k4=P1^3;
  33          sbit k5=P1^4;
  34          sbit k6=P1^5;
  35          sbit k7=P1^6;
  36          sbit k8=P2^0;
  37          sbit k9=P2^1;
  38          sbit k10=P2^2;
  39          void delay()
  40          {
  41   1        unsigned char i,j;
  42   1          for(i=0;i<250;i++)
  43   1           for(j=0;j<250;j++)
  44   1              ;
  45   1      }
  46          void time0() interrupt 1
  47          {
  48   1        sound=!sound;
  49   1        TH0=(8192-C)/32;
  50   1        TL0=(8192-C)%32;
  51   1      }
  52          unsigned code table[]={l1,l2,l3,l4,l5,l6,l7,m1,m2,m3,m4,m5,m6,m7,h1,h2,h3,h4,h5,h6,h7,0xff};
  53          void main()
  54          {
  55   1        EA=1;
C51 COMPILER V9.57.0.0   ____7A                                                            12/02/2021 14:05:06 PAGE 2   

  56   1        ET0=1;
  57   1        TMOD=0x00;
  58   1        while(1)
  59   1        {
  60   2          a=21; 
  61   2                if(k1==0&k8==0)
  62   2                  a=0;
  63   2                if(k2==0&k8==0)
  64   2                  a=1;
  65   2                if(k3==0&k8==0)
  66   2                  a=2;
  67   2                if(k4==0&k8==0)
  68   2                  a=3;
  69   2                if(k5==0&k8==0)
  70   2                  a=4;
  71   2                if(k6==0&k8==0)
  72   2                  a=5;
  73   2                if(k7==0&k8==0)
  74   2                  a=6;
  75   2                if(k1==0&k9==0)
  76   2                  a=7;
  77   2                if(k2==0&k9==0)
  78   2                  a=8;
  79   2                if(k3==0&k9==0)
  80   2                  a=9;
  81   2                if(k4==0&k9==0)
  82   2                  a=10;
  83   2                if(k5==0&k9==0)
  84   2                  a=11;
  85   2                if(k6==0&k9==0)
  86   2                  a=12;
  87   2                if(k7==0&k9==0)
  88   2                  a=13;
  89   2                if(k1==0&k10==0)
  90   2                  a=14;
  91   2                if(k2==0&k10==0)
  92   2                  a=15;
  93   2                if(k3==0&k10==0)
  94   2                  a=16;
  95   2                if(k4==0&k10==0)
  96   2                  a=17;
  97   2                if(k5==0&k10==0)
  98   2                  a=18;
  99   2                if(k6==0&k10==0)
 100   2                  a=19;
 101   2                if(k7==0&k10==0)
 102   2                  a=20;
 103   2          while(a!=21)
 104   2          {
 105   3            C=460830/table[a];
 106   3            TH0=(8192-C)/32;
 107   3            TL0=(8192-C)%32;
 108   3            TR0=1;
 109   3              for(b=0;b<2;b++)
 110   3              delay();
 111   3              TR0=0;
 112   3              sound=1;
 113   3              a=21;
 114   3          }
 115   2        }
 116   1      }
 117          
C51 COMPILER V9.57.0.0   ____7A                                                            12/02/2021 14:05:06 PAGE 3   

 118          
 119          
 120          


MODULE INFORMATION:   STATIC OVERLAYABLE
   CODE SIZE        =    710    ----
   CONSTANT SIZE    =     44    ----
   XDATA SIZE       =   ----    ----
   PDATA SIZE       =   ----    ----
   DATA SIZE        =      4    ----
   IDATA SIZE       =   ----    ----
   BIT SIZE         =   ----    ----
END OF MODULE INFORMATION.


C51 COMPILATION COMPLETE.  0 WARNING(S),  0 ERROR(S)
