C51 COMPILER V9.57.0.0   MAIN                                                              10/22/2021 11:22:41 PAGE 1   


C51 COMPILER V9.57.0.0, COMPILATION OF MODULE MAIN
OBJECT MODULE PLACED IN ..\输出文件Output\main.obj
COMPILER INVOKED BY: D:\keil5\C51\BIN\C51.EXE main.c OPTIMIZE(8,SPEED) BROWSE DEBUG OBJECTEXTEND PRINT(..\编译文件Listin
                    -g\main.lst) TABS(2) OBJECT(..\输出文件Output\main.obj)

line level    source

   1          #include<main.h>
   2          void main(void){
   3   1      A=1;
   4   1      C=1;
   5   1      init();
   6   1      write_com(0x38 );
   7   1      write_com(0x0E);
   8   1      write_com(0x06);
   9   1      write_com(0x80 );
  10   1      delay(6);
  11   1      write_data('E');
  12   1      delay(20);
  13   1      while(1)
  14   1      ;}


MODULE INFORMATION:   STATIC OVERLAYABLE
   CODE SIZE        =     56    ----
   CONSTANT SIZE    =   ----    ----
   XDATA SIZE       =   ----    ----
   PDATA SIZE       =   ----    ----
   DATA SIZE        =   ----    ----
   IDATA SIZE       =   ----    ----
   BIT SIZE         =   ----    ----
END OF MODULE INFORMATION.


C51 COMPILATION COMPLETE.  0 WARNING(S),  0 ERROR(S)
