C51 COMPILER V9.00   TSXX                                                                  10/16/2021 08:55:58 PAGE 1   


C51 COMPILER V9.00, COMPILATION OF MODULE TSXX
OBJECT MODULE PLACED IN ..\..\..\tsxx.obj
COMPILER INVOKED BY: C:\Keil\C51\BIN\C51.EXE tsxx.c BROWSE DEBUG OBJECTEXTEND OBJECT(..\..\..\tsxx.obj)

line level    source

   1          #include<reg51.h>
   2          sbit p1_0=P1^0;
   3          void main(void)
   4          {
   5   1      while(1){
   6   2              p1_0=1;
   7   2      }
   8   1      }


MODULE INFORMATION:   STATIC OVERLAYABLE
   CODE SIZE        =      4    ----
   CONSTANT SIZE    =   ----    ----
   XDATA SIZE       =   ----    ----
   PDATA SIZE       =   ----    ----
   DATA SIZE        =   ----    ----
   IDATA SIZE       =   ----    ----
   BIT SIZE         =   ----    ----
END OF MODULE INFORMATION.


C51 COMPILATION COMPLETE.  0 WARNING(S),  0 ERROR(S)
