C51 COMPILER V9.57.0.0   FONT_CODE                                                         11/16/2021 14:15:52 PAGE 1   


C51 COMPILER V9.57.0.0, COMPILATION OF MODULE FONT_CODE
OBJECT MODULE PLACED IN Font_code.OBJ
COMPILER INVOKED BY: D:\keil5\C51\BIN\C51.EXE Font_code.C OPTIMIZE(8,SPEED) BROWSE DEBUG OBJECTEXTEND TABS(2)

line level    source

   1          /*--------------------------------------------------------------*/
   2          //字库码的引索
   3          /*
   4            (0)  !(1)  "(2)  #(3)  $(4)  %(5)  &(6)  '(7)
   5           ((8)  )(9)  *(10) +(11) ,(12) -(13) .(14) /(15)
   6           0(16) 1(17) 2(18) 3(19) 4(20) 5(21) 6(22) 7(23)
   7           8(24) 9(25) :(26) ;(27) <(28) =(29) >(30) ?(31)
   8           @(32) A(33) B(34) C(35) D(36) E(37) F(38) G(39)
   9           H(40) I(41) J(42) K(43) L(44) M(45) N(46) O(47)
  10           P(48) Q(49) R(50) S(51) T(52) U(53) V(54) W(55)
  11           X(56) Y(57) Z(58) [(59) \(60) ](61) ^(62) _(63)
  12           `(64) a(65) b(66) c(67) d(68) e(69) f(70) g(71)
  13           h(72) i(73) j(74) k(75) l(76) m(77) n(78) o(79)
  14           p(80) q(81) r(82) s(83) t(84) u(85) v(86) w(87)
  15           x(88) y(89) z(90) {(91) |(92) }(93) ~(94)
  16          
  17          /*--------------------------------------------------------------*/
  18          
  19          
  20          
  21          /*--------------------------------------------------------------*/
  22          //    字体: Fixedsys
  23          //取码规则: 低位在前, 列行扫描, 阴码(1-亮, 0-灭)
  24          //查表方法: 要显示的ASCII码-32就可以得到字库码的指针
  25          unsigned char code Font_code[][16] = {
  26          {0x00,0x00,0x00,0x00,0x00,0x00,0x00,0x00,0x00,0x00,0x00,0x00,0x00,0x00,0x00,0x00},// 0
  27          {0x00,0x00,0x70,0xF8,0xF8,0x70,0x00,0x00,0x00,0x00,0x00,0x0D,0x0D,0x00,0x00,0x00},//!1
  28          {0x00,0x38,0x38,0x00,0x00,0x38,0x38,0x00,0x00,0x00,0x00,0x00,0x00,0x00,0x00,0x00},//"2
  29          {0x00,0x20,0xF8,0xF8,0x20,0xF8,0xF8,0x20,0x00,0x02,0x0F,0x0F,0x02,0x0F,0x0F,0x02},//#3
  30          {0x00,0x30,0x78,0xCE,0x8E,0x18,0x10,0x00,0x00,0x04,0x0C,0x38,0x39,0x0F,0x06,0x00},//$4
  31          {0x18,0x3C,0x24,0xBC,0xD8,0x60,0x30,0x00,0x00,0x06,0x03,0x0D,0x1E,0x12,0x1E,0x0C},//%5
  32          {0x00,0xB0,0xF8,0x48,0x78,0x30,0x00,0x00,0x00,0x07,0x0F,0x08,0x09,0x07,0x0F,0x09},//&6
  33          {0x00,0x00,0x00,0x38,0x38,0x00,0x00,0x00,0x00,0x00,0x00,0x00,0x00,0x00,0x00,0x00},//'7
  34          {0x00,0x00,0xC0,0xF0,0x38,0x08,0x00,0x00,0x00,0x00,0x07,0x1F,0x38,0x20,0x00,0x00},//(8
  35          {0x00,0x00,0x08,0x38,0xF0,0xC0,0x00,0x00,0x00,0x00,0x20,0x38,0x1F,0x07,0x00,0x00},//)9
  36          {0x00,0x80,0xA0,0xE0,0xC0,0xE0,0xA0,0x80,0x00,0x00,0x02,0x03,0x01,0x03,0x02,0x00},//*10
  37          {0x00,0x80,0x80,0xE0,0xE0,0x80,0x80,0x00,0x00,0x00,0x00,0x03,0x03,0x00,0x00,0x00},//+11
  38          {0x00,0x00,0x00,0x00,0x00,0x00,0x00,0x00,0x00,0x00,0x00,0x2C,0x3C,0x1C,0x00,0x00},//,12
  39          {0x00,0x80,0x80,0x80,0x80,0x80,0x80,0x00,0x00,0x00,0x00,0x00,0x00,0x00,0x00,0x00},//-13
  40          {0x00,0x00,0x00,0x00,0x00,0x00,0x00,0x00,0x00,0x00,0x00,0x0C,0x0C,0x0C,0x00,0x00},//.14
  41          {0x00,0x00,0x00,0x80,0xE0,0x78,0x18,0x00,0x00,0x18,0x1E,0x07,0x01,0x00,0x00,0x00},///15
  42          {0x00,0x00,0xF0,0xF8,0x08,0x68,0xF8,0xF0,0x00,0x00,0x07,0x0F,0x0B,0x08,0x0F,0x07},//016
  43          {0x00,0x20,0x20,0x30,0xF8,0xF8,0x00,0x00,0x00,0x00,0x00,0x00,0x0F,0x0F,0x00,0x00},//117
  44          {0x00,0x30,0x38,0x08,0x88,0xF8,0x70,0x00,0x00,0x0C,0x0E,0x0B,0x09,0x08,0x08,0x00},//218
  45          {0x00,0x30,0x38,0x88,0x88,0xF8,0x70,0x00,0x00,0x06,0x0E,0x08,0x08,0x0F,0x07,0x00},//319
  46          {0x00,0x00,0xF8,0xF8,0x00,0xE0,0xE0,0x00,0x00,0x03,0x03,0x02,0x02,0x0F,0x0F,0x02},//420
  47          {0x00,0xF8,0xF8,0x88,0x88,0x88,0x08,0x00,0x00,0x08,0x08,0x08,0x0C,0x07,0x03,0x00},//521
  48          {0x00,0xC0,0xE0,0x78,0x58,0xC8,0x80,0x00,0x00,0x07,0x0F,0x08,0x08,0x0F,0x07,0x00},//622
  49          {0x00,0x08,0x08,0x88,0xE8,0x78,0x18,0x00,0x00,0x00,0x0E,0x0F,0x01,0x00,0x00,0x00},//723
  50          {0x00,0x70,0xF8,0xC8,0x88,0xF8,0x70,0x00,0x00,0x07,0x0F,0x08,0x09,0x0F,0x07,0x00},//824
  51          {0x00,0xF0,0xF8,0x08,0x08,0xF8,0xF0,0x00,0x00,0x00,0x09,0x0D,0x0F,0x03,0x01,0x00},//925
  52          {0x00,0x00,0x00,0x60,0x60,0x60,0x00,0x00,0x00,0x00,0x00,0x0C,0x0C,0x0C,0x00,0x00},//:26
  53          {0x00,0x00,0x00,0x60,0x60,0x60,0x00,0x00,0x00,0x00,0x00,0x2C,0x3C,0x1C,0x00,0x00},//;27
  54          {0x00,0x80,0xC0,0x60,0x30,0x18,0x08,0x00,0x00,0x00,0x01,0x03,0x06,0x0C,0x08,0x00},//<28
  55          {0x00,0x40,0x40,0x40,0x40,0x40,0x40,0x00,0x00,0x01,0x01,0x01,0x01,0x01,0x01,0x00},//=29
C51 COMPILER V9.57.0.0   FONT_CODE                                                         11/16/2021 14:15:52 PAGE 2   

  56          {0x00,0x08,0x18,0x30,0x60,0xC0,0x80,0x00,0x00,0x08,0x0C,0x06,0x03,0x01,0x00,0x00},//>30
  57          {0x00,0x30,0x38,0x88,0xC8,0x78,0x30,0x00,0x00,0x00,0x00,0x0D,0x0D,0x00,0x00,0x00},//?31
  58          {0xF0,0xF8,0x08,0x88,0xC8,0x48,0xF8,0xF0,0x07,0x0F,0x08,0x09,0x0B,0x0A,0x0B,0x0B},//@32
  59          {0x00,0xE0,0xF0,0x18,0x18,0xF0,0xE0,0x00,0x00,0x0F,0x0F,0x01,0x01,0x0F,0x0F,0x00},//A33
  60          {0x00,0xF8,0xF8,0x88,0x88,0xF8,0x70,0x00,0x00,0x0F,0x0F,0x08,0x08,0x0F,0x07,0x00},//B34
  61          {0x00,0xF0,0xF8,0x08,0x08,0x38,0x30,0x00,0x00,0x07,0x0F,0x08,0x08,0x0E,0x06,0x00},//C35
  62          {0x00,0xF8,0xF8,0x08,0x18,0xF0,0xE0,0x00,0x00,0x0F,0x0F,0x08,0x0C,0x07,0x03,0x00},//D36
  63          {0x00,0xF8,0xF8,0x88,0x88,0x88,0x08,0x00,0x00,0x0F,0x0F,0x08,0x08,0x08,0x08,0x00},//E37
  64          {0x00,0xF8,0xF8,0x88,0x88,0x88,0x08,0x00,0x00,0x0F,0x0F,0x00,0x00,0x00,0x00,0x00},//F38
  65          {0x00,0xF0,0xF8,0x08,0x08,0x38,0x30,0x00,0x00,0x07,0x0F,0x08,0x09,0x0F,0x0F,0x00},//G39
  66          {0x00,0xF8,0xF8,0x80,0x80,0xF8,0xF8,0x00,0x00,0x0F,0x0F,0x00,0x00,0x0F,0x0F,0x00},//H40
  67          {0x00,0x00,0x08,0xF8,0xF8,0x08,0x00,0x00,0x00,0x00,0x08,0x0F,0x0F,0x08,0x00,0x00},//I41
  68          {0x00,0x00,0x00,0x00,0x00,0xF8,0xF8,0x00,0x00,0x06,0x0E,0x08,0x08,0x0F,0x07,0x00},//J42
  69          {0x00,0xF8,0xF8,0x80,0xE0,0x78,0x18,0x00,0x00,0x0F,0x0F,0x00,0x03,0x0F,0x0C,0x00},//K43
  70          {0x00,0xF8,0xF8,0x00,0x00,0x00,0x00,0x00,0x00,0x0F,0x0F,0x08,0x08,0x08,0x08,0x00},//L44
  71          {0x00,0xF8,0xF8,0x20,0xC0,0x20,0xF8,0xF8,0x00,0x0F,0x0F,0x00,0x01,0x00,0x0F,0x0F},//M45
  72          {0x00,0xF8,0xF8,0x60,0xC0,0x80,0xF8,0xF8,0x00,0x0F,0x0F,0x00,0x00,0x01,0x0F,0x0F},//N46
  73          {0x00,0xF0,0xF8,0x08,0x08,0xF8,0xF0,0x00,0x00,0x07,0x0F,0x08,0x08,0x0F,0x07,0x00},//O47
  74          {0x00,0xF8,0xF8,0x88,0x88,0xF8,0x70,0x00,0x00,0x0F,0x0F,0x00,0x00,0x00,0x00,0x00},//P48
  75          {0x00,0xF0,0xF8,0x08,0x08,0xF8,0xF0,0x00,0x00,0x07,0x0F,0x08,0x18,0x3F,0x27,0x00},//Q49
  76          {0x00,0xF8,0xF8,0x88,0x88,0xF8,0x70,0x00,0x00,0x0F,0x0F,0x00,0x01,0x0F,0x0E,0x00},//R50
  77          {0x00,0x30,0x78,0xC8,0x88,0x18,0x10,0x00,0x00,0x04,0x0C,0x08,0x09,0x0F,0x06,0x00},//S51
  78          {0x00,0x08,0x08,0xF8,0xF8,0x08,0x08,0x00,0x00,0x00,0x00,0x0F,0x0F,0x00,0x00,0x00},//T52
  79          {0x00,0xF8,0xF8,0x00,0x00,0xF8,0xF8,0x00,0x00,0x07,0x0F,0x08,0x08,0x0F,0x07,0x00},//U53
  80          {0x00,0xF8,0xF8,0x00,0x00,0xF8,0xF8,0x00,0x00,0x03,0x07,0x0C,0x0C,0x07,0x03,0x00},//V54
  81          {0x00,0xF8,0xF8,0x00,0xC0,0x00,0xF8,0xF8,0x00,0x01,0x0F,0x0E,0x01,0x0E,0x0F,0x01},//W55
  82          {0x00,0x18,0x38,0xE0,0xC0,0x38,0x18,0x00,0x00,0x0E,0x0F,0x00,0x01,0x0F,0x0E,0x00},//X56
  83          {0x00,0x78,0xF8,0x80,0x80,0xF8,0x78,0x00,0x00,0x00,0x00,0x0F,0x0F,0x00,0x00,0x00},//Y57
  84          {0x00,0x08,0x08,0x88,0xC8,0x78,0x38,0x00,0x00,0x0E,0x0F,0x09,0x08,0x08,0x08,0x00},//Z58
  85          {0x00,0x00,0xF8,0xF8,0x08,0x08,0x00,0x00,0x00,0x00,0x7F,0x7F,0x40,0x40,0x00,0x00},//[59
  86          {0x00,0x18,0x78,0xE0,0x80,0x00,0x00,0x00,0x00,0x00,0x00,0x01,0x07,0x1E,0x18,0x00},//\60
  87          {0x00,0x00,0x08,0x08,0xF8,0xF8,0x00,0x00,0x00,0x00,0x40,0x40,0x7F,0x7F,0x00,0x00},//]61
  88          {0x00,0x08,0x0C,0x06,0x06,0x0C,0x08,0x00,0x00,0x00,0x00,0x00,0x00,0x00,0x00,0x00},//^62
  89          {0x00,0x00,0x00,0x00,0x00,0x00,0x00,0x00,0x40,0x40,0x40,0x40,0x40,0x40,0x40,0x40},//_63
  90          {0x00,0x00,0x02,0x06,0x0E,0x08,0x00,0x00,0x00,0x00,0x00,0x00,0x00,0x00,0x00,0x00},//`64
  91          {0x00,0x00,0x20,0x20,0x20,0xE0,0xC0,0x00,0x00,0x06,0x0F,0x09,0x09,0x0F,0x0F,0x00},//a65
  92          {0x00,0xF8,0xF8,0x20,0x20,0xE0,0xC0,0x00,0x00,0x0F,0x0F,0x08,0x08,0x0F,0x07,0x00},//b66
  93          {0x00,0xC0,0xE0,0x20,0x20,0x60,0x40,0x00,0x00,0x07,0x0F,0x08,0x08,0x0C,0x04,0x00},//c67
  94          {0x00,0xC0,0xE0,0x20,0x20,0xF8,0xF8,0x00,0x00,0x07,0x0F,0x08,0x08,0x0F,0x0F,0x00},//d68
  95          {0x00,0xC0,0xE0,0x20,0x20,0xE0,0xC0,0x00,0x00,0x07,0x0F,0x09,0x09,0x09,0x01,0x00},//e69
  96          {0x00,0x80,0xF0,0xF8,0x88,0x88,0x88,0x00,0x00,0x00,0x0F,0x0F,0x00,0x00,0x00,0x00},//f70
  97          {0x00,0xC0,0xE0,0x20,0x20,0xE0,0xE0,0x00,0x00,0x47,0x4F,0x48,0x48,0x7F,0x3F,0x00},//g71
  98          {0x00,0xF8,0xF8,0x20,0x20,0xE0,0xC0,0x00,0x00,0x0F,0x0F,0x00,0x00,0x0F,0x0F,0x00},//h72
  99          {0x00,0x20,0x20,0xEC,0xEC,0x00,0x00,0x00,0x00,0x08,0x08,0x0F,0x0F,0x08,0x08,0x00},//i73
 100          {0x00,0x00,0x20,0x20,0xEC,0xEC,0x00,0x00,0x00,0x40,0x40,0x40,0x7F,0x3F,0x00,0x00},//j74
 101          {0x00,0xF8,0xF8,0x00,0x80,0xE0,0x60,0x00,0x00,0x0F,0x0F,0x01,0x03,0x0E,0x0C,0x00},//k75
 102          {0x00,0x08,0x08,0xF8,0xF8,0x00,0x00,0x00,0x00,0x08,0x08,0x0F,0x0F,0x08,0x08,0x00},//l76
 103          {0x00,0xE0,0xE0,0x20,0xE0,0x20,0xE0,0xC0,0x00,0x0F,0x0F,0x00,0x07,0x00,0x0F,0x0F},//m77
 104          {0x00,0xE0,0xE0,0x20,0x20,0xE0,0xC0,0x00,0x00,0x0F,0x0F,0x00,0x00,0x0F,0x0F,0x00},//n78
 105          {0x00,0xC0,0xE0,0x20,0x20,0xE0,0xC0,0x00,0x00,0x07,0x0F,0x08,0x08,0x0F,0x07,0x00},//o79
 106          {0x00,0xE0,0xE0,0x20,0x20,0xE0,0xC0,0x00,0x00,0x7F,0x7F,0x08,0x08,0x0F,0x07,0x00},//p80
 107          {0x00,0xC0,0xE0,0x20,0x20,0xE0,0xE0,0x00,0x00,0x07,0x0F,0x08,0x08,0x7F,0x7F,0x00},//q81
 108          {0x00,0xE0,0xE0,0x80,0x40,0x60,0x60,0x00,0x00,0x0F,0x0F,0x00,0x00,0x00,0x00,0x00},//r82
 109          {0x00,0xC0,0xE0,0x20,0x20,0x20,0x20,0x00,0x00,0x08,0x09,0x09,0x09,0x0F,0x06,0x00},//s83
 110          {0x00,0x20,0xF8,0xF8,0x20,0x20,0x20,0x00,0x00,0x00,0x07,0x0F,0x08,0x08,0x08,0x00},//t84
 111          {0x00,0xE0,0xE0,0x00,0x00,0xE0,0xE0,0x00,0x00,0x07,0x0F,0x08,0x08,0x0F,0x0F,0x00},//u85
 112          {0x00,0xE0,0xE0,0x00,0x00,0xE0,0xE0,0x00,0x00,0x03,0x07,0x0C,0x0C,0x07,0x03,0x00},//v86
 113          {0x00,0xE0,0xE0,0x00,0xC0,0x00,0xE0,0xE0,0x00,0x03,0x0F,0x0C,0x03,0x0C,0x0F,0x03},//w87
 114          {0x00,0x60,0xE0,0x80,0x80,0xE0,0x60,0x00,0x00,0x0C,0x0E,0x03,0x03,0x0E,0x0C,0x00},//x88
 115          {0x00,0xE0,0xE0,0x00,0x00,0xE0,0xE0,0x00,0x40,0x47,0x4F,0x68,0x38,0x1F,0x07,0x00},//y89
 116          {0x00,0x20,0x20,0x20,0xA0,0xE0,0x60,0x00,0x00,0x0C,0x0E,0x0B,0x09,0x08,0x08,0x00},//z90
 117          {0x00,0x00,0x80,0xF0,0x78,0x08,0x00,0x00,0x00,0x01,0x03,0x1E,0x3C,0x20,0x00,0x00},//{91
C51 COMPILER V9.57.0.0   FONT_CODE                                                         11/16/2021 14:15:52 PAGE 3   

 118          {0x00,0x00,0x00,0xF8,0xF8,0x00,0x00,0x00,0x00,0x00,0x00,0x7F,0x7F,0x00,0x00,0x00},//|92
 119          {0x00,0x00,0x08,0x78,0xF0,0x80,0x00,0x00,0x00,0x00,0x20,0x3C,0x1E,0x03,0x01,0x00},//}93
 120          {0x30,0x18,0x08,0x18,0x30,0x20,0x30,0x18,0x00,0x00,0x00,0x00,0x00,0x00,0x00,0x00}};//~94
 121          


MODULE INFORMATION:   STATIC OVERLAYABLE
   CODE SIZE        =   ----    ----
   CONSTANT SIZE    =   1520    ----
   XDATA SIZE       =   ----    ----
   PDATA SIZE       =   ----    ----
   DATA SIZE        =   ----    ----
   IDATA SIZE       =   ----    ----
   BIT SIZE         =   ----    ----
END OF MODULE INFORMATION.


C51 COMPILATION COMPLETE.  0 WARNING(S),  0 ERROR(S)
