C51 COMPILER V9.57.0.0   LCD5510_V1_DEMO                                                   11/16/2021 14:15:51 PAGE 1   


C51 COMPILER V9.57.0.0, COMPILATION OF MODULE LCD5510_V1_DEMO
OBJECT MODULE PLACED IN LCD5510_V1_Demo.OBJ
COMPILER INVOKED BY: D:\keil5\C51\BIN\C51.EXE LCD5510_V1_Demo.C OPTIMIZE(8,SPEED) BROWSE DEBUG OBJECTEXTEND TABS(2)

line level    source

   1          /*--------------------------------------------------------------*/
   2          #include <AT89X52.H>
   3          #include "Font_code.c"
   4          #include "LCD5510_V1.H"
*** ERROR C202 IN LINE 10 OF LCD5510_V1.C: 'LCD_CS': undefined identifier
*** ERROR C202 IN LINE 11 OF LCD5510_V1.C: 'LCD_DC': undefined identifier
*** ERROR C202 IN LINE 15 OF LCD5510_V1.C: 'LCD_DIN': undefined identifier
*** ERROR C202 IN LINE 16 OF LCD5510_V1.C: 'LCD_DIN': undefined identifier
*** ERROR C202 IN LINE 18 OF LCD5510_V1.C: 'LCD_CLK': undefined identifier
*** ERROR C202 IN LINE 20 OF LCD5510_V1.C: 'LCD_CLK': undefined identifier
*** ERROR C202 IN LINE 23 OF LCD5510_V1.C: 'LCD_CS': undefined identifier
*** ERROR C202 IN LINE 149 OF LCD5510_V1.C: 'LCD_RST': undefined identifier
*** ERROR C202 IN LINE 149 OF LCD5510_V1.C: 'LCD_RST': undefined identifier
   5          
   6          
   7          unsigned char code *str1 = {"Nokia 5510 Test, Haha^_^ I am so glad to see you agian! Do you think so?"};
   8          unsigned char code *str2 = {"I Love You"};
   9          
  10          /*--------------------------------------------------------------*/
  11          //延时250000+1us 函数定义
  12          void delay250ms(void)
  13          {
  14   1          unsigned char i,j,k;
  15   1          for(i=251;i>0;i--)
  16   1          for(j=3;j>0;j--)
  17   1          for(k=164;k>0;k--);
  18   1      }
  19          
  20          //延时1000000+1us 函数定义
  21          void delay1s(void)
  22          {
  23   1          unsigned char i,j,k;
  24   1          for(i=167;i>0;i--)
  25   1          for(j=171;j>0;j--)
  26   1          for(k=16;k>0;k--);
  27   1      }
  28          
  29          
  30          /*--------------------------------------------------------------*/
  31          //主函数
  32          void main(void)
  33          {
  34   1        unsigned char i;
  35   1        unsigned char LCD_contrast = 0xc8;
  36   1      
  37   1        LCD5510_Init();
  38   1      
  39   1        while(*str1)
  40   1        {
  41   2          LCD_prints(0, 0, str1++); 
  42   2          delay250ms(); i++;
  43   2          LCD_clr_row(0);LCD_clr_row(1);
  44   2        }
  45   1        str1 -= i;
  46   1        LCD_prints(0, 0, str1);
C51 COMPILER V9.57.0.0   LCD5510_V1_DEMO                                                   11/16/2021 14:15:51 PAGE 2   

  47   1      
  48   1        delay1s();
  49   1        for(i = 0; i < 10; i++) {LCD_printc(i, 1, str2[i]); delay250ms();}
  50   1      
  51   1        delay1s();
  52   1        LCD_prints(1, 2, "(*^_^*)");
  53   1        delay1s();
  54   1      B/*
*** ERROR C100 IN LINE 54 OF LCD5510_V1_Demo.C: unprintable character 0xA1 skipped
  55   1        LCD_show_blank;   //空白测试
  56   1        delay1s();
  57   1        LCD_show_black;   //全黑检测坏点
  58   1        delay1s();
  59   1        LCD_show_normal;  //恢复正常
  60   1        delay1s();
  61   1        LCD_show_inverse; //反色
  62   1        delay1s();
  63   1        LCD_show_normal;  //恢复正常
  64   1        delay1s();
  65   1        LCD_clr_scr();    //清屏
  66   1        delay1s();
  67   1        LCD_prints(1, 1, "Alexi2008");
  68   1        while(1)      //对比度软件调节
  69   1        {
  70   1          LCD_write_cmd(0x23);    //工作模式, 水平寻址, 扩展指令  
  71   1      
  72   1          for(i = 0; i < 10; i++) {LCD_contrast++; LCD_write_cmd(LCD_contrast); delay250ms();}
  73   1          for(i = 0; i < 20; i++) {LCD_contrast--; LCD_write_cmd(LCD_contrast); delay250ms();}
  74   1          for(i = 0; i < 10; i++) {LCD_contrast++; LCD_write_cmd(LCD_contrast); delay250ms();}
  75   1        }
  76   1      */
  77   1      }
*** ERROR C141 IN LINE 77 OF LCD5510_V1_Demo.C: syntax error near '}'
  78          

C51 COMPILATION COMPLETE.  0 WARNING(S),  11 ERROR(S)
