C51 COMPILER V9.57.0.0   ________                                                          11/10/2021 14:32:37 PAGE 1   


C51 COMPILER V9.57.0.0, COMPILATION OF MODULE ________
OBJECT MODULE PLACED IN .\Objects\按键实验.obj
COMPILER INVOKED BY: D:\keil5\C51\BIN\C51.EXE 按键实验.c OPTIMIZE(8,SPEED) BROWSE INCDIR(..\源文件Soucre) DEBUG OBJECTEX
                    -TEND PRINT(.\Listings\按键实验.lst) TABS(2) OBJECT(.\Objects\按键实验.obj)

line level    source

   1          #include<reg52.h>
   2          #include<KEY.h>
   3          void delay10ms(void)   //延时10ms
   4          {
   5   1          unsigned char a,b,c;
   6   1          for(c=1;c>0;c--)
   7   1              for(b=38;b>0;b--)
   8   1                  for(a=130;a>0;a--);
   9   1      }
  10          
  11          int KEY(void){
  12   1          if(KEY0==0){
  13   2            delay10ms();
  14   2            if(KEY0==0&&count==0){
  15   3              count++;
  16   3              return 1;
  17   3            }
  18   2          }
  19   1            count=0;
  20   1            return 0;
  21   1          }
  22          
  23          


MODULE INFORMATION:   STATIC OVERLAYABLE
   CODE SIZE        =     49    ----
   CONSTANT SIZE    =   ----    ----
   XDATA SIZE       =   ----    ----
   PDATA SIZE       =   ----    ----
   DATA SIZE        =      2    ----
   IDATA SIZE       =   ----    ----
   BIT SIZE         =   ----    ----
END OF MODULE INFORMATION.


C51 COMPILATION COMPLETE.  0 WARNING(S),  0 ERROR(S)
