C51 COMPILER V9.57.0.0   5110                                                              11/24/2021 09:47:52 PAGE 1   


C51 COMPILER V9.57.0.0, COMPILATION OF MODULE 5110
OBJECT MODULE PLACED IN .\Objects\5110.obj
COMPILER INVOKED BY: D:\keil5\C51\BIN\C51.EXE 5110.c OPTIMIZE(8,SPEED) BROWSE INCDIR(..\À¶ÑÀÄ£¿é) DEBUG OBJECTEXTEND PRI
                    -NT(.\Listings\5110.lst) TABS(2) OBJECT(.\Objects\5110.obj)

line level    source

   1          #include<reg52.h>
   2          #include"spi.h"
   3          #include"CharCode.h"
   4          
   5          
   6           void delay(void)   //Îó²î -0.000000000045us
   7          {
   8   1          unsigned char a,b,c;
   9   1          for(c=131;c>0;c--)
  10   1              for(b=156;b>0;b--)
  11   1                  for(a=3;a>0;a--);
  12   1      }
  13          
  14          
  15          
  16          
  17          //void main(void){
  18          //  int i=0;
  19          //  LCD_init();
  20          //  while(1){
  21          //    
  22          //  }
  23          //}


MODULE INFORMATION:   STATIC OVERLAYABLE
   CODE SIZE        =     13    ----
   CONSTANT SIZE    =    116    ----
   XDATA SIZE       =   ----    ----
   PDATA SIZE       =   ----    ----
   DATA SIZE        =   ----    ----
   IDATA SIZE       =   ----    ----
   BIT SIZE         =   ----    ----
END OF MODULE INFORMATION.


C51 COMPILATION COMPLETE.  0 WARNING(S),  0 ERROR(S)
