C51 COMPILER V9.57.0.0   SPI                                                               11/24/2021 15:01:16 PAGE 1   


C51 COMPILER V9.57.0.0, COMPILATION OF MODULE SPI
OBJECT MODULE PLACED IN .\Objects\spi.obj
COMPILER INVOKED BY: D:\keil5\C51\BIN\C51.EXE spi.c OPTIMIZE(8,SPEED) BROWSE INCDIR(..\蓝牙模块) DEBUG OBJECTEXTEND PRIN
                    -T(.\Listings\spi.lst) TABS(2) OBJECT(.\Objects\spi.obj)

line level    source

   1          #include"spi.h"
   2          #include<reg52.h>
   3          int font6x8[][6]={ 0x04,0x1C,0x3E,0x3E,0x1C,0x04 };
   4          int blank[][6]={0x00,0x00,0x00,0x00,0x00,0x00};
   5          void delay_1us(void){
   6   1      }
   7          /***********************************************************
   8          
   9          函数名称：LCD_write_byte
  10          
  11          函数功能：模拟SPI接口时序写数据/命令LCD
  12          
  13          入口参数：data    ：写入的数据；
  14          
  15                    command ：写数据/命令选择；
  16          
  17          出口参数：无
  18          
  19          备 注：
  20          
  21          ***********************************************************/
  22          void LCD_write_byte(unsigned char dat, unsigned char command){
  23   1        
  24   1      
  25   1          unsigned char i;
  26   1      
  27   1          LCD_CE = 0;                              //5110片选有效，允许输入数据
  28   1      
  29   1          if (command == 0)                        //写命令
  30   1      
  31   1               LCD_DC = 0;                         
  32   1      
  33   1          else  LCD_DC = 1;                    //写数据
  34   1      
  35   1            for(i=0;i<8;i++)                            //传送8bit数据
  36   1      
  37   1                  {
  38   2      
  39   2      if(dat&0x80)
  40   2      
  41   2                              SDIN = 1;
  42   2      
  43   2                        else
  44   2      
  45   2                              SDIN = 0;
  46   2      
  47   2                        SCLK = 0;
  48   2      
  49   2                        dat = dat << 1;
  50   2      
  51   2                        SCLK = 1;
  52   2      
  53   2      }
  54   1      
C51 COMPILER V9.57.0.0   SPI                                                               11/24/2021 15:01:16 PAGE 2   

  55   1           LCD_CE = 1;                                //禁止5110
  56   1      
  57   1        }
  58          /***********************************************************
  59          
  60          函数名称：LCD_clear
  61          
  62          函数功能：清屏Nakia5110
  63          
  64          入口参数：无
  65          
  66          出口参数：无
  67          
  68          备 注：
  69          
  70          ***********************************************************/
  71          void LCD_clear(void){
  72   1          unsigned int i;
  73   1      
  74   1          LCD_write_byte(0x0c, 0);//普通显示模式      
  75   1          LCD_write_byte(0x80, 0);//x起始坐标   
  76   1      
  77   1          for (i=0; i<504; i++)
  78   1            LCD_write_byte(0, 1);     
  79   1        }
  80          
  81            /***********************************************************
  82          
  83          函数名称：LCD_init
  84          
  85          函数功能：5110初始化
  86          
  87          入口参数：无
  88          
  89          出口参数：无
  90          
  91          备 注：
  92          
  93          ***********************************************************/
  94          
  95          void LCD_init(void){
  96   1      
  97   1          LCD_RST = 0;     // 产生一个让LCD复位的低电平脉冲
  98   1      
  99   1          delay_1us();
 100   1      
 101   1          LCD_RST = 1;
 102   1      
 103   1          LCD_CE = 0;     // 关闭LCD
 104   1      
 105   1          delay_1us();
 106   1      
 107   1          LCD_CE = 1;     // 使能LCD
 108   1      
 109   1          delay_1us();
 110   1      
 111   1          LCD_write_byte(0x21, 0);      // 使用扩展命令设置LCD模式
 112   1      
 113   1          LCD_write_byte(0xBD, 0);      // 设置液晶偏置电压，对比度调整
 114   1      
 115   1          LCD_write_byte(0x06, 0);      // 温度校正
 116   1      
C51 COMPILER V9.57.0.0   SPI                                                               11/24/2021 15:01:16 PAGE 3   

 117   1          LCD_write_byte(0x13, 0);      // 1:48
 118   1      
 119   1          LCD_write_byte(0x20, 0);      // 使用基本命令，V=0，水平寻址
 120   1      
 121   1          LCD_clear();                 // 清屏
 122   1      
 123   1          LCD_write_byte(0x0c, 0);      // 设定显示模式，正常显示
 124   1      
 125   1          LCD_CE = 0;      // 关闭LCD
 126   1      }
 127            
 128          /***********************************************************
 129          
 130          函数名称：LCD_set_XY
 131          
 132          函数功能：设置LCD初始坐标函数
 133          
 134          入口参数：X       ：0－83
 135          
 136                    Y       ：0－5
 137          
 138          出口参数：无
 139          
 140          备 注：
 141          
 142          ***********************************************************/
 143          void LCD_set_XY(unsigned char X, unsigned char Y){
 144   1        
 145   1         LCD_write_byte(0x40 | Y, 0);              // 行
 146   1      
 147   1         LCD_write_byte(0x80 | X, 0);        // 列
 148   1      
 149   1        }
 150          /***********************************************************
 151          
 152          函数名称：LCD_write_char
 153          
 154          函数功能：显示英文字符
 155          
 156          入口参数：c      :  显示的字符
 157          
 158          出口参数：无
 159          
 160          备 注：
 161          
 162          ***********************************************************/
 163          void LCD_write_char(int h[][6]){
 164   1      
 165   1          unsigned char line;
 166   1      
 167   1      //    c -= 32;                       //数组的行号
 168   1      
 169   1          for (line=0; line<6; line++)
 170   1      
 171   1              LCD_write_byte(h[0][line], 1);
 172   1      
 173   1      }
 174          
 175          void LCD_draw_bmp_pixel(unsigned char X,unsigned char Y,unsigned char *map, unsigned char Pix_x,unsigned c
             -har Pix_y){
 176   1          unsigned int i,n;
 177   1          unsigned char row;//计算位图所占行数
C51 COMPILER V9.57.0.0   SPI                                                               11/24/2021 15:01:16 PAGE 4   

 178   1            if (Pix_y%8==0)             //如果为位图所占行数为整数
 179   1                 row=Pix_y/8;     
 180   1            else
 181   1               row=Pix_y/8+1;            //如果为位图所占行数不是整数
 182   1            LCD_set_XY(X,Y);
 183   1          for (n=0;n<row;n++)            //换行
 184   1            {     
 185   2              for(i=0;i<Pix_x;i++)
 186   2                {     
 187   3                       LCD_set_XY(X+i,Y+n);
 188   3                   LCD_write_byte(map[i+n*Pix_x], 1);
 189   3                }                        
 190   2            }     
 191   1      }
 192          void display(unsigned char x,unsigned char y,int h[][6]){
 193   1        LCD_set_XY(x,y);
 194   1        LCD_write_char(h);
 195   1      }


MODULE INFORMATION:   STATIC OVERLAYABLE
   CODE SIZE        =    327    ----
   CONSTANT SIZE    =   ----    ----
   XDATA SIZE       =   ----    ----
   PDATA SIZE       =   ----    ----
   DATA SIZE        =     24      15
   IDATA SIZE       =   ----    ----
   BIT SIZE         =   ----    ----
END OF MODULE INFORMATION.


C51 COMPILATION COMPLETE.  0 WARNING(S),  0 ERROR(S)
