C51 COMPILER V9.57.0.0   KEY                                                               04/03/2022 10:59:22 PAGE 1   


C51 COMPILER V9.57.0.0, COMPILATION OF MODULE KEY
OBJECT MODULE PLACED IN .\build\Target 1\key.o
COMPILER INVOKED BY: D:\keil5B\C51\BIN\C51.exe .\KEY.C PRINT(.\build\Target 1\key.lst) OMF2 TABS(4) CODE NOCOND SYMBOLS 
                    -OPTIMIZE(8,SPEED) SMALL ROM(LARGE) INCDIR(D:/keil5B/C51/INC/Atmel;D:\keil5B\C51\INC) DEFINE(__UVISION_VERSION=526) OBJEC
                    -T(.\build\Target 1\key.o)

line level    source

   1          #include"key.h"
   2          /***************************************************
   3           * 函数名称：key
   4           * 入口参数：无
   5           * 输出：无
   6           * 功能：识别KEY0,KEY1
   7           * 备注：阻滞性识别
   8           * *************************************************/
   9          int key(void)
  10          {
  11   1          while(key0==1&&key1==1)
  12   1              ;
  13   1          if (key0 == 0)
  14   1          {
  15   2              return 1;
  16   2          }
  17   1          else if (key1 == 0)
  18   1          {
  19   2              return 2;
  20   2          }
  21   1          return 0;
  22   1      }
  23          /***************************************************
  24           * 函数名称：key_continue
  25           * 入口参数：无
  26           * 输出：无
  27           * 功能：识别KEY0,KEY1
  28           * 备注：连续性识别
  29           * *************************************************/
  30          int key_continue(void)
  31          {
  32   1          if (key0 == 0)
  33   1          {
  34   2              return 1;
  35   2          }
  36   1          else if (key1 == 0)
  37   1          {
  38   2              return 2;
  39   2          }
  40   1          return 0;
  41   1      }
  42          /***************************************************
  43           * 函数名称：key4x4
  44           * 入口参数：无
  45           * 输出：无
  46           * 功能：识别4x4矩阵按键
  47           * 备注：连续性识别
  48           * *************************************************/
  49          int key4x4(void){
  50   1        int val=0;
  51   1        P2 = 0xf0;
  52   1          if(P1!=0xf0)
  53   1          {
C51 COMPILER V9.57.0.0   KEY                                                               04/03/2022 10:59:22 PAGE 2   

  54   2              switch(P2)     //行扫描
  55   2              {
  56   3                  case 0xe0:
  57   3                      val = 0; break; 
  58   3                  case 0xd0:
  59   3                      val = 1; break; 
  60   3                  case 0xb0:
  61   3                      val = 2; break;
  62   3                  case 0x70:
  63   3                      val = 3; break;
  64   3              }   
  65   2              P2 = 0x0f;
  66   2              switch(P2)       //列扫描
  67   2              {
  68   3                  case 0x0e:
  69   3                      val += 0; break;    
  70   3                  case 0x0d:
  71   3                      val += 4; break;    
  72   3                  case 0x0b:
  73   3                      val += 8; break;
  74   3                  case 0x07:
  75   3                      val += 12; break;
  76   3              }while(P2!=0x0f);   //等待按键松开
  77   2          return val;
  78   2          }
  79   1        return -1;
  80   1      }
C51 COMPILER V9.57.0.0   KEY                                                               04/03/2022 10:59:22 PAGE 3   

ASSEMBLY LISTING OF GENERATED OBJECT CODE


             ; FUNCTION key (BEGIN)
                                           ; SOURCE LINE # 9
                                           ; SOURCE LINE # 10
0000         ?C0001:
                                           ; SOURCE LINE # 11
0000 309603            JNB     key0,?C0002
0003 2097FA            JB      key1,?C0001
0006         ?C0002:
                                           ; SOURCE LINE # 13
0006 209605            JB      key0,?C0003
                                           ; SOURCE LINE # 14
                                           ; SOURCE LINE # 15
0009 7E00              MOV     R6,#00H
000B 7F01              MOV     R7,#01H
000D 22                RET     
                                           ; SOURCE LINE # 16
000E         ?C0003:
                                           ; SOURCE LINE # 17
000E 209705            JB      key1,?C0005
                                           ; SOURCE LINE # 18
                                           ; SOURCE LINE # 19
0011 7E00              MOV     R6,#00H
0013 7F02              MOV     R7,#02H
0015 22                RET     
                                           ; SOURCE LINE # 20
0016         ?C0005:
                                           ; SOURCE LINE # 21
0016 E4                CLR     A
0017 FE                MOV     R6,A
0018 FF                MOV     R7,A
                                           ; SOURCE LINE # 22
0019         ?C0004:
0019 22                RET     
             ; FUNCTION key (END)

             ; FUNCTION key_continue (BEGIN)
                                           ; SOURCE LINE # 30
                                           ; SOURCE LINE # 31
                                           ; SOURCE LINE # 32
0000 209605            JB      key0,?C0007
                                           ; SOURCE LINE # 33
                                           ; SOURCE LINE # 34
0003 7E00              MOV     R6,#00H
0005 7F01              MOV     R7,#01H
0007 22                RET     
                                           ; SOURCE LINE # 35
0008         ?C0007:
                                           ; SOURCE LINE # 36
0008 209705            JB      key1,?C0009
                                           ; SOURCE LINE # 37
                                           ; SOURCE LINE # 38
000B 7E00              MOV     R6,#00H
000D 7F02              MOV     R7,#02H
000F 22                RET     
                                           ; SOURCE LINE # 39
0010         ?C0009:
                                           ; SOURCE LINE # 40
0010 E4                CLR     A
0011 FE                MOV     R6,A
C51 COMPILER V9.57.0.0   KEY                                                               04/03/2022 10:59:22 PAGE 4   

0012 FF                MOV     R7,A
                                           ; SOURCE LINE # 41
0013         ?C0008:
0013 22                RET     
             ; FUNCTION key_continue (END)

             ; FUNCTION key4x4 (BEGIN)
                                           ; SOURCE LINE # 49
                                           ; SOURCE LINE # 50
;---- Variable 'val' assigned to Register 'R6/R7' ----
0000 E4                CLR     A
0001 FF                MOV     R7,A
0002 FE                MOV     R6,A
                                           ; SOURCE LINE # 51
0003 75A0F0            MOV     P2,#0F0H
                                           ; SOURCE LINE # 52
0006 E590              MOV     A,P1
0008 64F0              XRL     A,#0F0H
000A 6052              JZ      ?C0011
                                           ; SOURCE LINE # 53
                                           ; SOURCE LINE # 54
000C ADA0              MOV     R5,P2
000E ED                MOV     A,R5
000F 2490              ADD     A,#090H
0011 601D              JZ      ?C0016
0013 24C0              ADD     A,#0C0H
0015 6013              JZ      ?C0015
0017 24E0              ADD     A,#0E0H
0019 6009              JZ      ?C0014
001B 24F0              ADD     A,#0F0H
001D 7015              JNZ     ?C0012
                                           ; SOURCE LINE # 55
                                           ; SOURCE LINE # 56
001F         ?C0013:
                                           ; SOURCE LINE # 57
001F E4                CLR     A
0020 FE                MOV     R6,A
0021 FF                MOV     R7,A
0022 8010              SJMP    ?C0012
                                           ; SOURCE LINE # 58
0024         ?C0014:
                                           ; SOURCE LINE # 59
0024 7E00              MOV     R6,#00H
0026 7F01              MOV     R7,#01H
0028 800A              SJMP    ?C0012
                                           ; SOURCE LINE # 60
002A         ?C0015:
                                           ; SOURCE LINE # 61
002A 7E00              MOV     R6,#00H
002C 7F02              MOV     R7,#02H
002E 8004              SJMP    ?C0012
                                           ; SOURCE LINE # 62
0030         ?C0016:
                                           ; SOURCE LINE # 63
0030 7E00              MOV     R6,#00H
0032 7F03              MOV     R7,#03H
                                           ; SOURCE LINE # 64
0034         ?C0012:
                                           ; SOURCE LINE # 65
0034 75A00F            MOV     P2,#0FH
                                           ; SOURCE LINE # 66
0037 ADA0              MOV     R5,P2
C51 COMPILER V9.57.0.0   KEY                                                               04/03/2022 10:59:22 PAGE 5   

0039 ED                MOV     A,R5
003A 24F9              ADD     A,#0F9H
003C 6013              JZ      ?C0021
003E 24FC              ADD     A,#0FCH
0040 600B              JZ      ?C0020
0042 24FE              ADD     A,#0FEH
0044 6003              JZ      ?C0019
0046 14                DEC     A
                                           ; SOURCE LINE # 67
                                           ; SOURCE LINE # 68
0047         ?C0018:
                                           ; SOURCE LINE # 69
0047 800F              SJMP    ?C0022
                                           ; SOURCE LINE # 70
0049         ?C0019:
                                           ; SOURCE LINE # 71
0049 7404              MOV     A,#04H
004B 8006              SJMP    ?C0026
                                           ; SOURCE LINE # 72
004D         ?C0020:
                                           ; SOURCE LINE # 73
004D 7408              MOV     A,#08H
004F         ?C0025:
004F 8002              SJMP    ?C0026
                                           ; SOURCE LINE # 74
0051         ?C0021:
                                           ; SOURCE LINE # 75
0051 740C              MOV     A,#0CH
0053         ?C0026:
0053 2F                ADD     A,R7
0054 FF                MOV     R7,A
0055 E4                CLR     A
0056 3E                ADDC    A,R6
0057 FE                MOV     R6,A
                                           ; SOURCE LINE # 76
0058         ?C0022:
0058 E5A0              MOV     A,P2
005A B40FFB            CJNE    A,#0FH,?C0022
                                           ; SOURCE LINE # 77
005D 22                RET     
                                           ; SOURCE LINE # 78
005E         ?C0011:
                                           ; SOURCE LINE # 79
005E 7EFF              MOV     R6,#0FFH
0060 7FFF              MOV     R7,#0FFH
                                           ; SOURCE LINE # 80
0062         ?C0024:
0062 22                RET     
             ; FUNCTION key4x4 (END)

C51 COMPILER V9.57.0.0   KEY                                                               04/03/2022 10:59:22 PAGE 6   

NAME                                    CLASS   MSPACE  TYPE    OFFSET  SIZE
====                                    =====   ======  ====    ======  ====


P0 . . . . . . . . . . . . . . . . . .  SFR      DATA   U_CHAR   0080H  1
P1 . . . . . . . . . . . . . . . . . .  SFR      DATA   U_CHAR   0090H  1
P2 . . . . . . . . . . . . . . . . . .  SFR      DATA   U_CHAR   00A0H  1
P3 . . . . . . . . . . . . . . . . . .  SFR      DATA   U_CHAR   00B0H  1
T0 . . . . . . . . . . . . . . . . . .  ABSBIT   -----  BIT      00B4H  1
AC . . . . . . . . . . . . . . . . . .  ABSBIT   -----  BIT      00D6H  1
T1 . . . . . . . . . . . . . . . . . .  ABSBIT   -----  BIT      00B5H  1
T2 . . . . . . . . . . . . . . . . . .  ABSBIT   -----  BIT      0090H  1
EA . . . . . . . . . . . . . . . . . .  ABSBIT   -----  BIT      00AFH  1
IE . . . . . . . . . . . . . . . . . .  SFR      DATA   U_CHAR   00A8H  1
key_continue . . . . . . . . . . . . .  PUBLIC   CODE   PROC     0000H  -----
EXF2 . . . . . . . . . . . . . . . . .  ABSBIT   -----  BIT      00CEH  1
RD . . . . . . . . . . . . . . . . . .  ABSBIT   -----  BIT      00B7H  1
ES . . . . . . . . . . . . . . . . . .  ABSBIT   -----  BIT      00ACH  1
IP . . . . . . . . . . . . . . . . . .  SFR      DATA   U_CHAR   00B8H  1
RI . . . . . . . . . . . . . . . . . .  ABSBIT   -----  BIT      0098H  1
INT0 . . . . . . . . . . . . . . . . .  ABSBIT   -----  BIT      00B2H  1
CY . . . . . . . . . . . . . . . . . .  ABSBIT   -----  BIT      00D7H  1
TI . . . . . . . . . . . . . . . . . .  ABSBIT   -----  BIT      0099H  1
INT1 . . . . . . . . . . . . . . . . .  ABSBIT   -----  BIT      00B3H  1
RCAP2H . . . . . . . . . . . . . . . .  SFR      DATA   U_CHAR   00CBH  1
PS . . . . . . . . . . . . . . . . . .  ABSBIT   -----  BIT      00BCH  1
SP . . . . . . . . . . . . . . . . . .  SFR      DATA   U_CHAR   0081H  1
T2EX . . . . . . . . . . . . . . . . .  ABSBIT   -----  BIT      0091H  1
OV . . . . . . . . . . . . . . . . . .  ABSBIT   -----  BIT      00D2H  1
RCAP2L . . . . . . . . . . . . . . . .  SFR      DATA   U_CHAR   00CAH  1
C_T2 . . . . . . . . . . . . . . . . .  ABSBIT   -----  BIT      00C9H  1
WR . . . . . . . . . . . . . . . . . .  ABSBIT   -----  BIT      00B6H  1
key4x4 . . . . . . . . . . . . . . . .  PUBLIC   CODE   PROC     0000H  -----
  val. . . . . . . . . . . . . . . . .  * REG *  DATA   INT      0006H  2
RCLK . . . . . . . . . . . . . . . . .  ABSBIT   -----  BIT      00CDH  1
TCLK . . . . . . . . . . . . . . . . .  ABSBIT   -----  BIT      00CCH  1
SBUF . . . . . . . . . . . . . . . . .  SFR      DATA   U_CHAR   0099H  1
PCON . . . . . . . . . . . . . . . . .  SFR      DATA   U_CHAR   0087H  1
SCON . . . . . . . . . . . . . . . . .  SFR      DATA   U_CHAR   0098H  1
TMOD . . . . . . . . . . . . . . . . .  SFR      DATA   U_CHAR   0089H  1
TCON . . . . . . . . . . . . . . . . .  SFR      DATA   U_CHAR   0088H  1
IE0. . . . . . . . . . . . . . . . . .  ABSBIT   -----  BIT      0089H  1
IE1. . . . . . . . . . . . . . . . . .  ABSBIT   -----  BIT      008BH  1
B. . . . . . . . . . . . . . . . . . .  SFR      DATA   U_CHAR   00F0H  1
CP_RL2 . . . . . . . . . . . . . . . .  ABSBIT   -----  BIT      00C8H  1
ACC. . . . . . . . . . . . . . . . . .  SFR      DATA   U_CHAR   00E0H  1
ET0. . . . . . . . . . . . . . . . . .  ABSBIT   -----  BIT      00A9H  1
key. . . . . . . . . . . . . . . . . .  PUBLIC   CODE   PROC     0000H  -----
ET1. . . . . . . . . . . . . . . . . .  ABSBIT   -----  BIT      00ABH  1
TF0. . . . . . . . . . . . . . . . . .  ABSBIT   -----  BIT      008DH  1
ET2. . . . . . . . . . . . . . . . . .  ABSBIT   -----  BIT      00ADH  1
TF1. . . . . . . . . . . . . . . . . .  ABSBIT   -----  BIT      008FH  1
TF2. . . . . . . . . . . . . . . . . .  ABSBIT   -----  BIT      00CFH  1
RB8. . . . . . . . . . . . . . . . . .  ABSBIT   -----  BIT      009AH  1
TH0. . . . . . . . . . . . . . . . . .  SFR      DATA   U_CHAR   008CH  1
EX0. . . . . . . . . . . . . . . . . .  ABSBIT   -----  BIT      00A8H  1
IT0. . . . . . . . . . . . . . . . . .  ABSBIT   -----  BIT      0088H  1
TH1. . . . . . . . . . . . . . . . . .  SFR      DATA   U_CHAR   008DH  1
TB8. . . . . . . . . . . . . . . . . .  ABSBIT   -----  BIT      009BH  1
EX1. . . . . . . . . . . . . . . . . .  ABSBIT   -----  BIT      00AAH  1
IT1. . . . . . . . . . . . . . . . . .  ABSBIT   -----  BIT      008AH  1
C51 COMPILER V9.57.0.0   KEY                                                               04/03/2022 10:59:22 PAGE 7   

NAME                                    CLASS   MSPACE  TYPE    OFFSET  SIZE
====                                    =====   ======  ====    ======  ====


TH2. . . . . . . . . . . . . . . . . .  SFR      DATA   U_CHAR   00CDH  1
P. . . . . . . . . . . . . . . . . . .  ABSBIT   -----  BIT      00D0H  1
SM0. . . . . . . . . . . . . . . . . .  ABSBIT   -----  BIT      009FH  1
TL0. . . . . . . . . . . . . . . . . .  SFR      DATA   U_CHAR   008AH  1
SM1. . . . . . . . . . . . . . . . . .  ABSBIT   -----  BIT      009EH  1
TL1. . . . . . . . . . . . . . . . . .  SFR      DATA   U_CHAR   008BH  1
SM2. . . . . . . . . . . . . . . . . .  ABSBIT   -----  BIT      009DH  1
TL2. . . . . . . . . . . . . . . . . .  SFR      DATA   U_CHAR   00CCH  1
PT0. . . . . . . . . . . . . . . . . .  ABSBIT   -----  BIT      00B9H  1
PT1. . . . . . . . . . . . . . . . . .  ABSBIT   -----  BIT      00BBH  1
RS0. . . . . . . . . . . . . . . . . .  ABSBIT   -----  BIT      00D3H  1
PT2. . . . . . . . . . . . . . . . . .  ABSBIT   -----  BIT      00BDH  1
TR0. . . . . . . . . . . . . . . . . .  ABSBIT   -----  BIT      008CH  1
RS1. . . . . . . . . . . . . . . . . .  ABSBIT   -----  BIT      00D4H  1
TR1. . . . . . . . . . . . . . . . . .  ABSBIT   -----  BIT      008EH  1
TR2. . . . . . . . . . . . . . . . . .  ABSBIT   -----  BIT      00CAH  1
PX0. . . . . . . . . . . . . . . . . .  ABSBIT   -----  BIT      00B8H  1
PX1. . . . . . . . . . . . . . . . . .  ABSBIT   -----  BIT      00BAH  1
DPH. . . . . . . . . . . . . . . . . .  SFR      DATA   U_CHAR   0083H  1
DPL. . . . . . . . . . . . . . . . . .  SFR      DATA   U_CHAR   0082H  1
EXEN2. . . . . . . . . . . . . . . . .  ABSBIT   -----  BIT      00CBH  1
REN. . . . . . . . . . . . . . . . . .  ABSBIT   -----  BIT      009CH  1
T2CON. . . . . . . . . . . . . . . . .  SFR      DATA   U_CHAR   00C8H  1
RXD. . . . . . . . . . . . . . . . . .  ABSBIT   -----  BIT      00B0H  1
TXD. . . . . . . . . . . . . . . . . .  ABSBIT   -----  BIT      00B1H  1
F0 . . . . . . . . . . . . . . . . . .  ABSBIT   -----  BIT      00D5H  1
key0 . . . . . . . . . . . . . . . . .  ABSBIT   -----  BIT      0096H  1
PSW. . . . . . . . . . . . . . . . . .  SFR      DATA   U_CHAR   00D0H  1
key1 . . . . . . . . . . . . . . . . .  ABSBIT   -----  BIT      0097H  1


MODULE INFORMATION:   STATIC OVERLAYABLE
   CODE SIZE        =    145    ----
   CONSTANT SIZE    =   ----    ----
   XDATA SIZE       =   ----    ----
   PDATA SIZE       =   ----    ----
   DATA SIZE        =   ----    ----
   IDATA SIZE       =   ----    ----
   BIT SIZE         =   ----    ----
   EDATA SIZE       =   ----    ----
   HDATA SIZE       =   ----    ----
   XDATA CONST SIZE =   ----    ----
   FAR CONST SIZE   =   ----    ----
END OF MODULE INFORMATION.


C51 COMPILATION COMPLETE.  0 WARNING(S),  0 ERROR(S)
