C51 COMPILER V9.57.0.0   ____11                                                            11/11/2021 13:14:22 PAGE 1   


C51 COMPILER V9.57.0.0, COMPILATION OF MODULE ____11
OBJECT MODULE PLACED IN ·‹ÿ°11.OBJ
COMPILER INVOKED BY: D:\keil5\C51\BIN\C51.EXE ·‹ÿ°11.c OPTIMIZE(8,SPEED) BROWSE DEBUG OBJECTEXTEND TABS(2)

line level    source

   1          #include<reg51.h>
   2          sbit P1_0=P1^0;//A
   3          sbit P1_1=P1^1;//B
   4          sbit P1_2=P1^2;//C
   5          sbit P1_3=P1^3;//D
   6          sbit P1_4=P1^4;//E
   7          char i;
   8          void InitTimer5(void)//0.5ms
   9          {
  10   1          TMOD = 0x01;
  11   1          TH0 = 0x0FE;
  12   1          TL0 = 0x33;
  13   1          EA = 1;
  14   1          ET0 = 1;
  15   1          TR0 = 1;
  16   1      }
  17          void InitTimer9(void)//0.9ms
  18          {
  19   1          TMOD = 0x01;
  20   1          TH0 = 0x0FC;
  21   1          TL0 = 0x0C3;
  22   1          EA = 1;
  23   1          ET0 = 1;
  24   1          TR0 = 1;
  25   1      }
  26          void InitTimer1(void)//1ms
  27          {
  28   1          TMOD = 0x01;
  29   1          TH0 = 0x0FC;
  30   1          TL0 = 0x66;
  31   1          EA = 1;
  32   1          ET0 = 1;
  33   1          TR0 = 1;
  34   1      }
  35          void InitTimer13(void)//1.3ms
  36          {
  37   1          TMOD = 0x01;
  38   1          TH0 = 0x0FA;
  39   1          TL0 = 0x0EC;
  40   1          EA = 1;
  41   1          ET0 = 1;
  42   1          TR0 = 1;
  43   1      }
  44          void InitTimer18(void) //1.8ms
  45          {
  46   1          TMOD = 0x01;
  47   1          TH0 = 0x0F8;
  48   1          TL0 = 0x0F8;
  49   1          EA = 1;
  50   1          ET0 = 1;
  51   1          TR0 = 1;
  52   1      }
  53          void InitTimer15(void)//1.5ms
  54          {
  55   1          TMOD = 0x01;
C51 COMPILER V9.57.0.0   ____11                                                            11/11/2021 13:14:22 PAGE 2   

  56   1          TH0 = 0x0FA;
  57   1          TL0 = 0x24;
  58   1          EA = 1;
  59   1          ET0 = 1;
  60   1          TR0 = 1;
  61   1      }
  62          void InitTimer17(void)//1.7ms
  63          {
  64   1          TMOD = 0x01;
  65   1          TH0 = 0x0F9;
  66   1          TL0 = 0x5C;
  67   1          EA = 1;
  68   1          ET0 = 1;
  69   1          TR0 = 1;
  70   1      }
  71          void InitTimer20(void)//2ms
  72          {
  73   1          TMOD = 0x01;
  74   1          TH0 = 0x0F8;
  75   1          TL0 = 0x30;
  76   1          EA = 1;
  77   1          ET0 = 1;
  78   1          TR0 = 1;
  79   1      }
  80          void delay1s(void)   //1s
  81          {
  82   1          unsigned char a,b,c;
  83   1          for(c=13;c>0;c--)
  84   1              for(b=247;b>0;b--)
  85   1                  for(a=142;a>0;a--);
  86   1      }
  87          
  88          void delay20(void)   //—” ±20ms
  89          {
  90   1          unsigned char a,b,c;
  91   1          for(c=1;c>0;c--)
  92   1              for(b=222;b>0;b--)
  93   1                  for(a=40;a>0;a--);
  94   1      }
  95          void left()
  96          {
  97   1        P1_4=1;
  98   1        InitTimer5();
  99   1        delay20();
 100   1        delay1s();
 101   1        P1_0=1;
 102   1        InitTimer20();
 103   1        delay20();
 104   1        delay1s();
 105   1         P1_2=1;
 106   1        InitTimer5();//
 107   1        delay20();
 108   1        delay1s();
 109   1        P1_3=1;
 110   1        InitTimer1();///
 111   1        delay20();
 112   1        delay1s();
 113   1        P1_0=1;
 114   1        InitTimer5();
 115   1        delay20();
 116   1        delay1s();
 117   1      }
C51 COMPILER V9.57.0.0   ____11                                                            11/11/2021 13:14:22 PAGE 3   

 118          void right()
 119          {
 120   1        P1_4=1;
 121   1        InitTimer15();
 122   1        delay20();
 123   1        delay1s();
 124   1        //P1_0=1;
 125   1        //InitTimer9();
 126   1        //delay20();
 127   1        //delay1s();
 128   1        P1_2=1;
 129   1        InitTimer9(); //
 130   1        delay20();
 131   1        delay1s();
 132   1        P1_1=1;
 133   1        InitTimer1();///
 134   1        delay20();
 135   1        delay1s();
 136   1        P1_0=1;
 137   1        InitTimer5();
 138   1        delay20();
 139   1        delay1s();
 140   1      
 141   1      }
 142          void init()
 143          {
 144   1        P1_0=0;
 145   1        P1_1=0;
 146   1        P1_2=0;
 147   1        P1_3=0;
 148   1        P1_4=0; 
 149   1          
 150   1      }
 151          void delay5(void)   //ŒÛ≤Ó -0.000000000114us
 152          {
 153   1          unsigned char a,b,c;
 154   1          for(c=98;c>0;c--)
 155   1              for(b=127;b>0;b--)
 156   1                  for(a=17;a>0;a--);
 157   1      }
 158          void init2()
 159          {
 160   1        P1_0=1;
 161   1        InitTimer5();
 162   1        delay20();
 163   1        delay1s();
 164   1        P1_2=1;
 165   1        InitTimer5();
 166   1        delay20();
 167   1        delay1s();
 168   1          P1_1=1;
 169   1        InitTimer20();
 170   1        delay20();
 171   1        delay1s();
 172   1        P1_3=1;
 173   1        InitTimer5();
 174   1        delay20();
 175   1        delay1s();
 176   1        P1_4=1;
 177   1        InitTimer15();
 178   1        delay20();
 179   1        delay1s();
C51 COMPILER V9.57.0.0   ____11                                                            11/11/2021 13:14:22 PAGE 4   

 180   1      }
 181          void init3()
 182          {
 183   1        P1_2=1;
 184   1        InitTimer1();
 185   1        delay20();
 186   1        delay1s();
 187   1        P1_2=1;
 188   1        InitTimer15();
 189   1        delay20();
 190   1        delay1s();
 191   1        P1_0=1;
 192   1        InitTimer5();
 193   1        delay20();
 194   1        delay1s();
 195   1      }
 196          void main()
 197          {
 198   1        TMOD=0x00;
 199   1        EA=1;
 200   1        EX0=1;
 201   1        init();
 202   1        while(1)
 203   1        {
 204   2        init2();
 205   2        init();
 206   2        delay1s();             
 207   2        left();
 208   2        delay5();
 209   2        init3();
 210   2        right();
 211   2        delay1s();
 212   2        init2();
 213   2        }
 214   1      }
 215          void Timer0Interrupt(void) interrupt 1
 216          {
 217   1          TH0 = 0x0FA;
 218   1          TL0 = 0x9A;
 219   1          init();
 220   1        TR0=0;
 221   1      }
 222          


MODULE INFORMATION:   STATIC OVERLAYABLE
   CODE SIZE        =    365    ----
   CONSTANT SIZE    =   ----    ----
   XDATA SIZE       =   ----    ----
   PDATA SIZE       =   ----    ----
   DATA SIZE        =      1    ----
   IDATA SIZE       =   ----    ----
   BIT SIZE         =   ----    ----
END OF MODULE INFORMATION.


C51 COMPILATION COMPLETE.  0 WARNING(S),  0 ERROR(S)
