C51 COMPILER V9.57.0.0   ________A                                                         11/24/2021 08:03:13 PAGE 1   


C51 COMPILER V9.57.0.0, COMPILATION OF MODULE ________A
OBJECT MODULE PLACED IN .\Objects\´®¿ÚÍ¨ÐÅA.obj
COMPILER INVOKED BY: D:\keil5\C51\BIN\C51.EXE ´®¿ÚÍ¨ÐÅA.c OPTIMIZE(8,SPEED) BROWSE DEBUG OBJECTEXTEND PRINT(.\Listings\´
                    -®¿ÚÍ¨ÐÅA.lst) TABS(2) OBJECT(.\Objects\´®¿ÚÍ¨ÐÅA.obj)

line level    source

   1          /*
   2           * @Author: your name
   3           * @Date: 2021-11-05 18:51:53
   4           * @LastEditTime: 2021-11-05 18:57:33
   5           * @LastEditors: your name
   6           * @Description: In User Settings Edit
   7           * @FilePath: \´®¿ÚÍ¨ÐÅA1\src\main.c
   8           */
   9          #include<reg52.h>
  10          unsigned char dio(void){//MCUÊÕ
  11   1          unsigned char dat;
  12   1          while(RI==0)
  13   1            ;
  14   1          RI=0;
  15   1          dat=SBUF;
  16   1          return dat;
  17   1      }
  18          
  19          unsigned char send(void){//MCUÊÕ
  20   1        unsigned char j;
  21   1        TMOD=0x20;
  22   1        SCON=0x50;
  23   1        PCON=0x00;//²¨ÌØÂÊ=9600
  24   1        TH1=0xfd;
  25   1        TL1=TH0;
  26   1        TR1=1;
  27   1        REN=1;
  28   1        j=dio();
  29   1        P1=j;
  30   1        return j;
  31   1      }
  32          void read(unsigned char back){//MUC¼Ä
  33   1        TMOD=0x20;
  34   1        SCON=0x40;
  35   1        PCON=0x00;//²¨ÌØÂÊ=9600
  36   1        TH1=0xfd;
  37   1        TL1=TH0;
  38   1        TR1=1;
  39   1        //REN=1;
  40   1        SBUF=back;
  41   1      }
  42          void main(void){
  43   1        unsigned char y;
  44   1        while(1){
  45   2        y=send();
  46   2        read(y);
  47   2        }
  48   1      
  49   1      }


MODULE INFORMATION:   STATIC OVERLAYABLE
   CODE SIZE        =     61    ----
   CONSTANT SIZE    =   ----    ----
C51 COMPILER V9.57.0.0   ________A                                                         11/24/2021 08:03:13 PAGE 2   

   XDATA SIZE       =   ----    ----
   PDATA SIZE       =   ----    ----
   DATA SIZE        =   ----    ----
   IDATA SIZE       =   ----    ----
   BIT SIZE         =   ----    ----
END OF MODULE INFORMATION.


C51 COMPILATION COMPLETE.  0 WARNING(S),  0 ERROR(S)
