C51 COMPILER V9.00   _亍4                                                                 07/08/2021 16:55:11 PAGE 1   


C51 COMPILER V9.00, COMPILATION OF MODULE _亍4
OBJECT MODULE PLACED IN ..\彳亍4.obj
COMPILER INVOKED BY: C:\Keil\C51\BIN\C51.EXE 彳亍4.c BROWSE DEBUG OBJECTEXTEND OBJECT(..\彳亍4.obj)

line level    source

   1          #include <reg52.h>
   2          
   3          //下面的是连接l298n模块的引脚与单片机引脚相连
   4          sbit IN1 = P1^0;
   5          sbit IN2 = P1^1;
   6          sbit IN3 = P1^2;
   7          sbit IN4 = P1^3;
   8          
   9          //红外避障模块
  10          sbit out1 = P2^0;
  11          sbit out2 = P1^6;
  12          
  13          
  14          /*函数声明*/
  15          void go();                      //前进
  16          void back();            //后退
  17          void left();            //向左
  18          void right();           //向右
  19          void stop();            //停止
  20          
  21          
  22          void main()
  23          {
  24   1              
  25   1              while(1)
  26   1              {
  27   2                      if(out2 == 0)                                                                                   //检测到右边有障碍物时，向左移动
  28   2                      {
  29   3                              left();
  30   3                      }
  31   2                      else if(out1 == 0)                                                              //检测到左边边有障碍物时，向右移动
  32   2                      {
  33   3                              right();
  34   3                      }
  35   2                      else if(out1 == 1 && out2 == 1)         //检测到都没有有障碍物时，向前移动
  36   2                      {
  37   3                              go();
  38   3                      }
  39   2              }
  40   1      }
  41          
  42          //前进
  43          void go()
  44          {
  45   1              IN1=1; 
  46   1              IN2=0; 
  47   1              IN3=1; 
  48   1              IN4=0;
  49   1      }
  50          
  51          //后退
  52          void back()
  53          {
  54   1              IN1=0; 
  55   1              IN2=1; 
C51 COMPILER V9.00   _亍4                                                                 07/08/2021 16:55:11 PAGE 2   

  56   1              IN3=0; 
  57   1              IN4=1;
  58   1      }
  59          
  60          //向左
  61          void left()
  62          {
  63   1              IN1=0; 
  64   1              IN2=0; 
  65   1              IN3=0; 
  66   1              IN4=1;
  67   1      }
  68          
  69          //向右
  70          void right()
  71          {
  72   1              IN1=1; 
  73   1              IN2=1; 
  74   1              IN3=1; 
  75   1              IN4=0;
  76   1      }
  77          
  78          //停止
  79          void stop()
  80          {
  81   1              IN1=0; 
  82   1              IN2=0; 
  83   1              IN3=0; 
  84   1              IN4=0;
  85   1      }
  86          


MODULE INFORMATION:   STATIC OVERLAYABLE
   CODE SIZE        =     72    ----
   CONSTANT SIZE    =   ----    ----
   XDATA SIZE       =   ----    ----
   PDATA SIZE       =   ----    ----
   DATA SIZE        =   ----    ----
   IDATA SIZE       =   ----    ----
   BIT SIZE         =   ----    ----
END OF MODULE INFORMATION.


C51 COMPILATION COMPLETE.  0 WARNING(S),  0 ERROR(S)
