C51 COMPILER V9.00   แ_ุก10                                                                08/28/2021 19:34:17 PAGE 1   


C51 COMPILER V9.00, COMPILATION OF MODULE แ_ุก10
OBJECT MODULE PLACED IN แุก10.OBJ
COMPILER INVOKED BY: C:\Keil\C51\BIN\C51.EXE แุก10.c BROWSE DEBUG OBJECTEXTEND

line level    source

   1          #include<reg51.h>
   2          sbit Ao=P1^1 ;
   3          void init()
   4          {
   5   1              Ao=0;
   6   1      }
   7          void InitTimer0(void)
   8          {                                        //0.5ms
   9   1          TMOD = 0x01;
  10   1        TH0 = 0x0F8;
  11   1          TL0 = 0x30;
  12   1          EA = 1;
  13   1          ET0 = 1;
  14   1          TR0 = 1;
  15   1      }
  16          void delay(void)   //ฮ๓ฒ๎ -0.000000000005us
  17          {
  18   1          unsigned char a,b,c;
  19   1          for(c=1;c>0;c--)
  20   1              for(b=222;b>0;b--)
  21   1                  for(a=40;a>0;a--);
  22   1      }
  23          
  24          
  25          void main(void)
  26          {
  27   1              TMOD=0x01;
  28   1          EA = 1;
  29   1          ET0 = 1;
  30   1              init();
  31   1              while(1)
  32   1                      {
  33   2                                      Ao=1;
  34   2                                              InitTimer0();
  35   2                                              delay();
  36   2      
  37   2                      }
  38   1      }       
  39          
  40           void Timer0Interrupt(void) interrupt 1
  41          {
  42   1          TH0 = 0x0F8;
  43   1          TL0 = 0x0CD;
  44   1          init();
  45   1              TR0=0;
  46   1      }


MODULE INFORMATION:   STATIC OVERLAYABLE
   CODE SIZE        =     64    ----
   CONSTANT SIZE    =   ----    ----
   XDATA SIZE       =   ----    ----
   PDATA SIZE       =   ----    ----
   DATA SIZE        =   ----    ----
   IDATA SIZE       =   ----    ----
C51 COMPILER V9.00   แ_ุก10                                                                08/28/2021 19:34:17 PAGE 2   

   BIT SIZE         =   ----    ----
END OF MODULE INFORMATION.


C51 COMPILATION COMPLETE.  0 WARNING(S),  0 ERROR(S)
