C51 COMPILER V9.57.0.0   ____                                                              11/22/2021 07:29:29 PAGE 1   


C51 COMPILER V9.57.0.0, COMPILATION OF MODULE ____
OBJECT MODULE PLACED IN .\build\Target 1\∂Êª˙.o
COMPILER INVOKED BY: D:\keil5\C51\BIN\C51.exe .\∂Êª˙.C PRINT(.\build\Target 1\∂Êª˙.lst) OMF2 TABS(4) CODE NOCOND SYMBOLS
                    - OPTIMIZE(8,SPEED) SMALL ROM(LARGE) INCDIR(D:\keil5\C51\INC\Atmel;D:\keil5\C51\INC) DEFINE(__UVISION_VERSION=526) OBJECT
                    -(.\build\Target 1\∂Êª˙.o)

line level    source

   1          /*
   2           * @Author: your name
   3           * @Date: 2021-11-09 10:15:07
   4           * @LastEditTime: 2021-11-22 07:29:28
   5           * @LastEditors: your name
   6           * @Description: ÊâìÂºÄkoroFileHeaderÊü•ÁúãÈÖçÁΩÆ ËøõË°åËÆæÁΩÆ: https://github.com/OBKoro1/koro1FileHeader
             -/wiki/%E9%85%8D%E7%BD%AE
   7           * @FilePath: \ÂÆöÊó∂Âô®‰∏≠Êñ≠ÊéßÂà∂ËàµÊú∫\ËàµÊú∫.c
   8           */
   9          #include <reg51.h>
  10          sbit M0 = P2 ^ 0;
  11          sbit a1 = P2 ^ 1;
  12          sbit a2 = P2 ^ 2;
  13          sbit a3 = P2 ^ 3;
  14          int T = 0;
  15          void move(int mod,int U) //Âì™‰∏Ä‰Ωç--mod
  16          {
  17   1          T =500+ U;
  18   1          TMOD = 0x01;
  19   1          TH0 = 0;
  20   1          TL0 = 0;
  21   1          EA = 1;
  22   1          ET0 = 1;
  23   1          TR0 = 1;
  24   1          while (TL0 + TH0 * 256 < T)
  25   1          {
  26   2              if(mod==0){M0 = 1;}
  27   2              else if(mod==1){a1 = 1;}
  28   2              else if(mod==2){a2 = 1;}
  29   2              else if(mod==3){a3 = 1;}
  30   2          }
  31   1          while (TL0 + TH0 * 256 >= T && TL0 + TH0 * 256 <= 20000)
  32   1          {
  33   2              if(mod==0){M0 = 0;}
  34   2              else if(mod==1){a1 = 0;}
  35   2              else if(mod==2){a2 = 0;}
  36   2              else if(mod==3){a3 = 0;}
  37   2          }
  38   1          TR0 = 0;
  39   1          return U;
*** ERROR C174 IN LINE 39 OF .\∂Êª˙.C: return-expression on void-function
  40   1      }
  41          
  42          void main(void)
  43          {
  44   1          int i = 0;
  45   1          int j = 0;
  46   1          while (1)
  47   1          {
  48   2              for (j = 0; j < 3; j++)
  49   2              {
  50   3                  move(i);
  51   3              }
C51 COMPILER V9.57.0.0   ____                                                              11/22/2021 07:29:29 PAGE 2   

  52   2              i++;
  53   2              if (i > 2000)
  54   2              {
  55   3                  i = 2000;
  56   3              }
  57   2          }
  58   1      }
  59          
  60          void Timer0Interrupt(void) interrupt 1
  61          {
  62   1          TR0 = 0;
  63   1      }

C51 COMPILATION COMPLETE.  0 WARNING(S),  1 ERROR(S)
