[2021-12-12 08:41:55]	[done]
	build successfully !

[2021-12-12 08:46:23]	[done]
	build successfully !

[2021-12-12 08:53:58]	[done]
	build successfully !

[2021-12-12 08:54:20]	[done]
	build successfully !

[2021-12-12 08:57:04]	link failed !, exit code: 1
  at unify_builder.Program.Main (System.String[] args) [0x01625] in <9766f0feb9254ce382978a5522f2fada>:0 

[2021-12-12 08:57:18]	[done]
	build successfully !

[2021-12-12 09:01:56]	[done]
	build successfully !

[2021-12-12 09:04:31]	[done]
	build successfully !

[2021-12-12 09:13:11]	[done]
	build successfully !

[2021-12-12 09:18:15]	[done]
	build successfully !

[2021-12-12 09:19:52]	[done]
	build successfully !

[2021-12-12 09:25:38]	[done]
	build successfully !

[2021-12-12 09:26:14]	[done]
	build successfully !

[2021-12-12 09:27:56]	[done]
	build successfully !

[2021-12-12 09:31:13]	[done]
	build successfully !

[2021-12-12 09:32:46]	[done]
	build successfully !

[2021-12-12 09:33:33]	[done]
	build successfully !

[2021-12-12 09:34:37]	[done]
	build successfully !

[2021-12-12 09:37:44]	link failed !, exit code: 1
  at unify_builder.Program.Main (System.String[] args) [0x01625] in <9766f0feb9254ce382978a5522f2fada>:0 

[2021-12-12 09:39:56]	link failed !, exit code: 1
  at unify_builder.Program.Main (System.String[] args) [0x01625] in <9766f0feb9254ce382978a5522f2fada>:0 

[2021-12-12 09:42:23]	link failed !, exit code: 1
  at unify_builder.Program.Main (System.String[] args) [0x01625] in <9766f0feb9254ce382978a5522f2fada>:0 

[2021-12-12 09:45:48]	[done]
	build successfully !

[2021-12-12 09:46:10]	[done]
	build successfully !

[2021-12-12 09:47:37]	[done]
	build successfully !

[2021-12-12 09:54:15]	[done]
	build successfully !

[2021-12-12 09:59:03]	[done]
	build successfully !

[2021-12-12 10:01:54]	[done]
	build successfully !

[2021-12-12 10:02:44]	[done]
	build successfully !

[2021-12-12 10:08:05]	[done]
	build successfully !

[2021-12-12 10:08:36]	[done]
	build successfully !

[2021-12-12 10:09:27]	[done]
	build successfully !

[2021-12-12 10:10:28]	[done]
	build successfully !

[2021-12-12 10:12:14]	[done]
	build successfully !

[2021-12-12 10:14:21]	[done]
	build successfully !

[2021-12-12 10:15:14]	[done]
	build successfully !

[2021-12-12 10:16:24]	[done]
	build successfully !

[2021-12-12 10:17:09]	[done]
	build successfully !

[2021-12-12 10:18:42]	[done]
	build successfully !

[2021-12-12 10:19:56]	[done]
	build successfully !

[2021-12-12 10:21:24]	[done]
	build successfully !

[2021-12-12 10:31:30]	[done]
	build successfully !

[2021-12-12 10:32:46]	[done]
	build successfully !

[2021-12-12 10:40:11]	[done]
	build successfully !

[2021-12-12 10:54:44]	[done]
	build successfully !

[2021-12-12 10:56:07]	[done]
	build successfully !

[2021-12-12 11:24:16]	[done]
	build successfully !

[2021-12-12 11:27:00]	[done]
	build successfully !

[2021-12-12 11:27:38]	[done]
	build successfully !

[2021-12-12 11:28:26]	[done]
	build successfully !

[2021-12-12 11:29:15]	[done]
	build successfully !

[2021-12-12 11:29:49]	[done]
	build successfully !

[2021-12-12 11:30:26]	[done]
	build successfully !

[2021-12-12 11:31:39]	[done]
	build successfully !

[2021-12-12 11:32:11]	[done]
	build successfully !

[2021-12-12 11:33:04]	[done]
	build successfully !

[2021-12-12 11:35:14]	[done]
	build successfully !

[2021-12-12 11:36:55]	[done]
	build successfully !

[2021-12-12 11:37:56]	[done]
	build successfully !

[2021-12-12 11:39:27]	[done]
	build successfully !

[2021-12-12 11:41:02]	[done]
	build successfully !

[2021-12-12 12:24:29]	[done]
	build successfully !

[2021-12-12 12:25:09]	[done]
	build successfully !

[2021-12-12 12:25:28]	[done]
	build successfully !

[2021-12-12 12:26:42]	[done]
	build successfully !

[2021-12-12 12:27:32]	[done]
	build successfully !

[2021-12-12 12:28:58]	[done]
	build successfully !

[2021-12-12 12:30:44]	[done]
	build successfully !

[2021-12-12 18:22:35]	[done]
	build successfully !

[2021-12-12 18:24:43]	[done]
	build successfully !

[2021-12-12 18:25:19]	[done]
	build successfully !

[2021-12-12 18:30:39]	[done]
	build successfully !

[2021-12-12 18:32:56]	[done]
	build successfully !

[2021-12-12 18:33:35]	[done]
	build successfully !

[2021-12-12 18:35:08]	[done]
	build successfully !

[2021-12-12 18:37:29]	link failed !, exit code: 1
  at unify_builder.Program.Main (System.String[] args) [0x01625] in <9766f0feb9254ce382978a5522f2fada>:0 

[2021-12-12 18:38:06]	link failed !, exit code: 1
  at unify_builder.Program.Main (System.String[] args) [0x01625] in <9766f0feb9254ce382978a5522f2fada>:0 

[2021-12-12 18:38:31]	link failed !, exit code: 1
  at unify_builder.Program.Main (System.String[] args) [0x01625] in <9766f0feb9254ce382978a5522f2fada>:0 

[2021-12-12 18:38:47]	[done]
	build successfully !

[2021-12-12 18:39:57]	[done]
	build successfully !

[2021-12-12 18:40:12]	[done]
	build successfully !

[2021-12-12 18:41:23]	[done]
	build successfully !

[2021-12-12 18:41:54]	[done]
	build successfully !

[2021-12-12 18:43:20]	[done]
	build successfully !

[2021-12-12 18:44:54]	[done]
	build successfully !

[2021-12-12 18:46:06]	[done]
	build successfully !

[2021-12-12 18:54:09]	[done]
	build successfully !

[2021-12-12 18:55:15]	[done]
	build successfully !

[2021-12-12 21:14:11]	compilation failed at : "e:\咸鱼先生的单片机开发文件\2.ARM工程\9.红外通信\STM32工程文件\USER\main.c", exit code: 1
  at unify_builder.Program.Main (System.String[] args) [0x014ce] in <659107f5192b4415be1d55e0728fa07f>:0 

[2021-12-12 21:14:55]	compilation failed at : "e:\咸鱼先生的单片机开发文件\2.ARM工程\9.红外通信\STM32工程文件\USER\main.c", exit code: 1
  at unify_builder.Program.Main (System.String[] args) [0x014ce] in <659107f5192b4415be1d55e0728fa07f>:0 

[2021-12-12 21:16:13]	compilation failed at : "e:\咸鱼先生的单片机开发文件\2.ARM工程\9.红外通信\STM32工程文件\USER\main.c", exit code: 1
  at unify_builder.Program.Main (System.String[] args) [0x014ce] in <659107f5192b4415be1d55e0728fa07f>:0 

[2021-12-12 21:19:09]	link failed !, exit code: 1
  at unify_builder.Program.Main (System.String[] args) [0x0166f] in <659107f5192b4415be1d55e0728fa07f>:0 

[2021-12-12 21:20:28]	link failed !, exit code: 1
  at unify_builder.Program.Main (System.String[] args) [0x0166f] in <659107f5192b4415be1d55e0728fa07f>:0 

[2021-12-12 21:22:13]	[done]
	build successfully !

[2021-12-12 21:33:09]	compilation failed at : "e:\咸鱼先生的单片机开发文件\2.ARM工程\9.红外通信\STM32工程文件\USER\main.c", exit code: 1
  at unify_builder.Program.Main (System.String[] args) [0x014ce] in <659107f5192b4415be1d55e0728fa07f>:0 

[2021-12-12 21:35:01]	compilation failed at : "e:\咸鱼先生的单片机开发文件\2.ARM工程\9.红外通信\STM32工程文件\USER\main.c", exit code: 1
  at unify_builder.Program.Main (System.String[] args) [0x014ce] in <659107f5192b4415be1d55e0728fa07f>:0 

[2021-12-12 21:35:56]	compilation failed at : "e:\咸鱼先生的单片机开发文件\2.ARM工程\9.红外通信\STM32工程文件\USER\main.c", exit code: 1
  at unify_builder.Program.Main (System.String[] args) [0x014ce] in <659107f5192b4415be1d55e0728fa07f>:0 

[2021-12-12 21:38:37]	compilation failed at : "e:\咸鱼先生的单片机开发文件\2.ARM工程\9.红外通信\STM32工程文件\USER\main.c", exit code: 1
  at unify_builder.Program.Main (System.String[] args) [0x014ce] in <659107f5192b4415be1d55e0728fa07f>:0 

[2021-12-12 21:45:06]	link failed !, exit code: 1
  at unify_builder.Program.Main (System.String[] args) [0x0166f] in <659107f5192b4415be1d55e0728fa07f>:0 

[2021-12-12 21:46:40]	link failed !, exit code: 1
  at unify_builder.Program.Main (System.String[] args) [0x0166f] in <659107f5192b4415be1d55e0728fa07f>:0 

[2021-12-12 21:47:11]	link failed !, exit code: 1
  at unify_builder.Program.Main (System.String[] args) [0x0166f] in <659107f5192b4415be1d55e0728fa07f>:0 

[2021-12-12 21:48:21]	link failed !, exit code: 1
  at unify_builder.Program.Main (System.String[] args) [0x0166f] in <659107f5192b4415be1d55e0728fa07f>:0 

[2021-12-12 22:00:16]	link failed !, exit code: 1
  at unify_builder.Program.Main (System.String[] args) [0x0166f] in <659107f5192b4415be1d55e0728fa07f>:0 

