C51 COMPILER V9.57.0.0   ____5C                                                            12/02/2021 15:16:39 PAGE 1   


C51 COMPILER V9.57.0.0, COMPILATION OF MODULE ____5C
OBJECT MODULE PLACED IN 彳亍5C.OBJ
COMPILER INVOKED BY: D:\keil5\C51\BIN\C51.EXE 彳亍5C.c OPTIMIZE(8,SPEED) BROWSE DEBUG OBJECTEXTEND TABS(2)

line level    source

   1          #include <reg51.h>
   2          #define uchar unsigned char 
   3          sbit P2_0=P2^3;
   4          sbit P2_1=P2^2;
   5          sbit A=P2^1;
   6          sbit C=P2^0;
   7          uchar t;
   8          char num;
   9          char num1;
  10          char num2;
  11          char num3;
  12          void delay(uchar i)
  13          {
  14   1        uchar j,k; 
  15   1        for(j=i;j>0;j--)
  16   1          for(k=200;k>0;k--);
  17   1      }
  18          uchar code table[]={0xc0,0xf9,0xa4,0xb0,0x99,0x92,0x82,0xf8,0x80,0x90};
  19          uchar code table1[]={0xc0,0xf9,0xa4,0xb0,0x99,0x92,0x82,0xf8,0x80,0x90};
  20          void main()
  21          {
  22   1        t=0;  //初始化
  23   1        num=9;
  24   1        num1=5;
  25   1        num2=9;
  26   1        num3=5;
  27   1        EA=1;         //标准化操作
  28   1        ET0=1;          //定时器中断允许
  29   1        TMOD=0x01;        //设定定时器模式
  30   1        TH0=(65536-50000)/256;
  31   1        TL0=(65536-50000)%256;
  32   1        TR0=1;           //打开定时器
  33   1        P0=~table1[num1];//
  34   1          P2_1=0;
  35   1          delay(100);
  36   1          P2_1=1;
  37   1        while(1)
  38   1       {
  39   2        if(t==20)
  40   2        {
  41   3          num--;
  42   3          P0=~table[num];
  43   3          P2_0 = 0;
  44   3          delay(5);
  45   3          P2_0 = 1;
  46   3          delay(2);
  47   3           P0=~table1[num1];
  48   3          P2_1=0;
  49   3          delay(5);
  50   3          P2_1=1;
  51   3          t=0;
  52   3          P0=~table1[num2];
  53   3          A=0;
  54   3          delay(5);
  55   3          A=1;
C51 COMPILER V9.57.0.0   ____5C                                                            12/02/2021 15:16:39 PAGE 2   

  56   3          P0=~table1[num3];
  57   3          C=0;
  58   3          delay(5);
  59   3          C=1;
  60   3        }
  61   2        else if(t!=20)
  62   2        {
  63   3          P0=~table[num];
  64   3          P2_0=0;
  65   3          delay(5);
  66   3          P2_0=1;
  67   3           P0=~table1[num1];
  68   3          P2_1=0;
  69   3          delay(5);
  70   3          P2_1=1;
  71   3          P0=~table1[num2];
  72   3          A=0;
  73   3          delay(5);
  74   3          A=1;
  75   3          P0=~table1[num3];
  76   3          C=0;
  77   3          delay(5);
  78   3          C=1;
  79   3        }
  80   2        if(num<0)
  81   2        {
  82   3          num=9;
  83   3          num1--;
  84   3        }
  85   2        if(num1<0)
  86   2        {
  87   3          num1=5;
  88   3          num2--;
  89   3        }
  90   2        else if(num2<0)
  91   2        {
  92   3          num2=9;
  93   3          num3--;
  94   3        }
  95   2          else if(num3<0)
  96   2        {
  97   3          num3=5;
  98   3        }
  99   2      
 100   2      
 101   2       }
 102   1      
 103   1      }
 104          void  time0() interrupt 1
 105          {
 106   1        TH0=(65536-50000)/256;
 107   1        TL0=(65536-50000)%256;
 108   1        t++;  
 109   1      }


MODULE INFORMATION:   STATIC OVERLAYABLE
   CODE SIZE        =    334    ----
   CONSTANT SIZE    =     20    ----
   XDATA SIZE       =   ----    ----
   PDATA SIZE       =   ----    ----
   DATA SIZE        =      5    ----
C51 COMPILER V9.57.0.0   ____5C                                                            12/02/2021 15:16:39 PAGE 3   

   IDATA SIZE       =   ----    ----
   BIT SIZE         =   ----    ----
END OF MODULE INFORMATION.


C51 COMPILATION COMPLETE.  0 WARNING(S),  0 ERROR(S)
