C51 COMPILER V9.00   แ_ุก8                                                                 07/31/2021 19:04:45 PAGE 1   


C51 COMPILER V9.00, COMPILATION OF MODULE แ_ุก8
OBJECT MODULE PLACED IN แุก8.OBJ
COMPILER INVOKED BY: C:\Keil\C51\BIN\C51.EXE แุก8.c BROWSE DEBUG OBJECTEXTEND

line level    source

   1          #include<reg51.h>
   2          #define uchar unsigned  char
   3          sbit P2_0=P2^0;
   4          sbit P2_1=P2^1;
   5          sbit P1_0=P1^0;
   6          char i;
   7          void init()
   8          {
   9   1              i=0;
  10   1              P2_0=0;
  11   1              P2_1=0; 
  12   1      }
  13          uchar code table[]={0xfe,0xfc,0xf8,0xf0,0xe0,0xc0,0x80,0x00};
  14          void time0()
  15          {
  16   1              TMOD=0X00;
  17   1              TR0=1;
  18   1              EA=1;
  19   1              ET0=1;
  20   1      }
  21          void main()
  22          {
  23   1              init();
  24   1              while(1)
  25   1              {
  26   2              while(P2_1==1)
  27   2                      {
  28   3                              if(P2_0==1)
  29   3                              {
  30   4                                      time0();
  31   4                                              while(TF0==0)
  32   4                                              {
  33   5                                                      ;
  34   5                                                      TF0=0;
  35   5                                                      TH0=(65536-921)/256;
  36   5                                                      TL0=(65536-921)%256;
  37   5                                                      i++;
  38   5                                              }
  39   4                                              P1_0=0; 
  40   4                              }
  41   3                      }
  42   2              }       
  43   1      }


MODULE INFORMATION:   STATIC OVERLAYABLE
   CODE SIZE        =     49    ----
   CONSTANT SIZE    =      8    ----
   XDATA SIZE       =   ----    ----
   PDATA SIZE       =   ----    ----
   DATA SIZE        =      1    ----
   IDATA SIZE       =   ----    ----
   BIT SIZE         =   ----    ----
END OF MODULE INFORMATION.


C51 COMPILATION COMPLETE.  0 WARNING(S),  0 ERROR(S)
