C51 COMPILER V9.00   แ_ุก8B                                                                08/06/2021 16:29:56 PAGE 1   


C51 COMPILER V9.00, COMPILATION OF MODULE แ_ุก8B
OBJECT MODULE PLACED IN แุก8B.OBJ
COMPILER INVOKED BY: C:\Keil\C51\BIN\C51.EXE แุก8B.c BROWSE DEBUG OBJECTEXTEND

line level    source

   1          #include<reg51.h>
   2          #define uchar unsigned char
   3          uchar co;
   4          void main()
   5          {
   6   1              char co;
   7   1              char i;
   8   1              co=0;
   9   1              while(1)
  10   1              {
  11   2      
  12   2                                      EA=1;
  13   2                                      EX0=1;
  14   2                                      IT0=1;
  15   2                                      i=co;
  16   2                                      if(i>8)
  17   2                                      {
  18   3                                              co=0;
  19   3                                      }
  20   2                                      }
  21   1      }
  22          void int0() interrupt 0 using 0
  23          {                                                                                                               
  24   1              co++;
  25   1              P1=co;
  26   1      }


MODULE INFORMATION:   STATIC OVERLAYABLE
   CODE SIZE        =     28    ----
   CONSTANT SIZE    =   ----    ----
   XDATA SIZE       =   ----    ----
   PDATA SIZE       =   ----    ----
   DATA SIZE        =      1    ----
   IDATA SIZE       =   ----    ----
   BIT SIZE         =   ----    ----
END OF MODULE INFORMATION.


C51 COMPILATION COMPLETE.  0 WARNING(S),  0 ERROR(S)
