C51 COMPILER V9.00   ·_ÿ°8…≥∫–                                                             08/08/2021 20:36:45 PAGE 1   


C51 COMPILER V9.00, COMPILATION OF MODULE ·_ÿ°8…≥∫–
OBJECT MODULE PLACED IN ·‹ÿ°8…≥∫–.OBJ
COMPILER INVOKED BY: C:\Keil\C51\BIN\C51.EXE ·‹ÿ°8…≥∫–.c BROWSE DEBUG OBJECTEXTEND

line level    source

   1          #include<reg51.h>
   2          #include <stdio.h>
   3          void main()
   4          {
   5   1              printf("99%10");
   6   1      }


MODULE INFORMATION:   STATIC OVERLAYABLE
   CODE SIZE        =      9    ----
   CONSTANT SIZE    =      6    ----
   XDATA SIZE       =   ----    ----
   PDATA SIZE       =   ----    ----
   DATA SIZE        =   ----    ----
   IDATA SIZE       =   ----    ----
   BIT SIZE         =   ----    ----
END OF MODULE INFORMATION.


C51 COMPILATION COMPLETE.  0 WARNING(S),  0 ERROR(S)
