C51 COMPILER V9.57.0.0   KEY                                                               12/08/2021 15:09:08 PAGE 1   


C51 COMPILER V9.57.0.0, COMPILATION OF MODULE KEY
OBJECT MODULE PLACED IN .\Objects\key.obj
COMPILER INVOKED BY: D:\keil5B\C51\BIN\C51.EXE key.c COMPACT OPTIMIZE(8,SPEED) BROWSE DEBUG OBJECTEXTEND PRINT(.\Listing
                    -s\key.lst) TABS(2) OBJECT(.\Objects\key.obj)

line level    source

   1          #include"key.h"
   2          /***************************************************
   3           * 函数名称：key
   4           * 入口参数：无
   5           * 输出：无
   6           * 功能：识别KEY0,KEY1
   7           * 备注：阻滞性识别
   8           * *************************************************/
   9          int key(void)
  10          {
  11   1          while(key0==1&&key1==1)
  12   1              ;
  13   1          if (key0 == 0)
  14   1          {
  15   2              return 1;
  16   2          }
  17   1          else if (key1 == 0)
  18   1          {
  19   2              return 2;
  20   2          }
  21   1          return 0;
  22   1      }
  23          /***************************************************
  24           * 函数名称：key_continue
  25           * 入口参数：无
  26           * 输出：无
  27           * 功能：识别KEY0,KEY1
  28           * 备注：连续性识别
  29           * *************************************************/
  30          int key_continue(void)
  31          {
  32   1          if (key0 == 0)
  33   1          {
  34   2              return 1;
  35   2          }
  36   1          else if (key1 == 0)
  37   1          {
  38   2              return 2;
  39   2          }
  40   1          return 0;
  41   1      }
  42          /***************************************************
  43           * 函数名称：key4x4
  44           * 入口参数：无
  45           * 输出：无
  46           * 功能：识别4x4矩阵按键
  47          * 备注：连续性识别,以左下角为原点
  48           * *************************************************/
  49          int key4x4(void){
  50   1        int val=0;
  51   1        KEY = 0xf0;//1111 0000
  52   1        if(KEY!=0xf0)
  53   1        {
  54   2          switch(KEY)     //行扫描
C51 COMPILER V9.57.0.0   KEY                                                               12/08/2021 15:09:08 PAGE 2   

  55   2          {
  56   3            case 0xe0://1110 0000(4,4)
  57   3              val = 0; break; 
  58   3            case 0xd0://1101 0000(3,4)
  59   3              val = 1; break; 
  60   3            case 0xb0://1011 0000(2,4)
  61   3              val = 2; break;
  62   3            case 0x70://0111 0000(1,4)
  63   3              val = 3; break;
  64   3          } 
  65   2          KEY = 0x0f;
  66   2          switch(KEY)       //列扫描
  67   2          {
  68   3            case 0x0e:
  69   3              val += 0; break;  
  70   3            case 0x0d:
  71   3              val += 4; break;  
  72   3            case 0x0b:
  73   3              val += 8; break;
  74   3            case 0x07:
  75   3              val += 12; break;
  76   3          }
  77   2          if(val==7||val==6||val==8){
  78   3          while(KEY!=0x0f);   //等待按键松开
  79   3          }
  80   2          return val;
  81   2        }
  82   1        return -1;
  83   1      }


MODULE INFORMATION:   STATIC OVERLAYABLE
   CODE SIZE        =    206    ----
   CONSTANT SIZE    =   ----    ----
   XDATA SIZE       =   ----    ----
   PDATA SIZE       =   ----       2
   DATA SIZE        =   ----    ----
   IDATA SIZE       =   ----    ----
   BIT SIZE         =   ----    ----
END OF MODULE INFORMATION.


C51 COMPILATION COMPLETE.  0 WARNING(S),  0 ERROR(S)
