[2021-12-04 09:19:58]	compilation failed at : "e:\咸鱼先生的单片机开发文件\ARM工程\4.流水灯\STM32工程文件\SYSTEM\usart\usart.c", exit code: 1
  at unify_builder.Program.compileByMulThread (System.Int32 thrNum, unify_builder.CmdGenerator+CmdInfo[] cmds, System.Collections.Generic.List`1[T] doneList) [0x000e4] in <881485cd164b4f5a918f957d29d55652>:0 
  at unify_builder.Program.Main (System.String[] args) [0x011e7] in <881485cd164b4f5a918f957d29d55652>:0 

[2021-12-04 09:50:46]	compilation failed at : "e:\咸鱼先生的单片机开发文件\ARM工程\4.流水灯\STM32工程文件\SYSTEM\usart\usart.c", exit code: 1
  at unify_builder.Program.Main (System.String[] args) [0x0116f] in <881485cd164b4f5a918f957d29d55652>:0 

[2021-12-04 09:58:21]	compilation failed at : "e:\咸鱼先生的单片机开发文件\ARM工程\4.流水灯\STM32工程文件\SYSTEM\usart\usart.c", exit code: 1
  at unify_builder.Program.Main (System.String[] args) [0x0116f] in <881485cd164b4f5a918f957d29d55652>:0 

[2021-12-04 12:43:30]	compilation failed at : "e:\咸鱼先生的单片机开发文件\ARM工程\4.流水灯\STM32工程文件\SYSTEM\usart\usart.c", exit code: 1
  at unify_builder.Program.Main (System.String[] args) [0x0116f] in <881485cd164b4f5a918f957d29d55652>:0 

[2021-12-05 16:38:01]	compilation failed at : "e:\咸鱼先生的单片机开发文件\2.ARM工程\5.串口通信\STM32工程文件\SYSTEM\usart\usart.c", exit code: 1
  at unify_builder.Program.Main (System.String[] args) [0x0116f] in <881485cd164b4f5a918f957d29d55652>:0 

[2021-12-05 16:43:53]	compilation failed at : "e:\咸鱼先生的单片机开发文件\2.ARM工程\5.串口通信\STM32工程文件\SYSTEM\usart\usart.c", exit code: 1
  at unify_builder.Program.Main (System.String[] args) [0x0116f] in <881485cd164b4f5a918f957d29d55652>:0 

[2021-12-12 21:21:45]	[done]
	build successfully !

[2022-03-26 09:29:45]	[done]
	build successfully !

[2022-03-26 09:35:08]	[done]
	build successfully !

[2022-03-26 09:35:22]	[done]
	build successfully !

[2022-03-26 09:37:11]	[done]
	build successfully !

[2022-03-26 09:38:25]	[done]
	build successfully !

[2022-03-26 09:51:15]	[done]
	build successfully !

[2022-03-26 09:52:37]	[done]
	build successfully !

[2022-03-26 11:58:36]	link failed !, exit code: 1
  at unify_builder.Program.Main (System.String[] args) [0x01a1e] in <67d11e1b30504dd6babd321425698ba1>:0 
---
Error: L6218E: Undefined symbol Init_Car (referred from main.o).
Not enough information to list image symbols.
Finished: 1 information, 0 warning and 1 error messages.


[2022-03-27 12:34:27]	link failed !, exit code: 1
  at unify_builder.Program.Main (System.String[] args) [0x01a98] in <bd240058e6d9420e965b9407b6b7bc53>:0 
---
Error: L6218E: Undefined symbol LZR_init_PWM (referred from main.o).
Not enough information to list image symbols.
Finished: 1 information, 0 warning and 1 error messages.


[2022-03-27 12:35:03]	link failed !, exit code: 1
  at unify_builder.Program.Main (System.String[] args) [0x01a98] in <bd240058e6d9420e965b9407b6b7bc53>:0 
---
Error: L6218E: Undefined symbol LZR_init_PWM (referred from main.o).
Not enough information to list image symbols.
Finished: 1 information, 0 warning and 1 error messages.


[2022-03-27 22:21:51]	[done]
	build successfully !

[2022-03-27 22:40:17]	[done]
	build successfully !

[2022-03-27 22:47:44]	[done]
	build successfully !

[2022-03-27 22:56:49]	[done]
	build successfully !

[2022-03-28 13:04:46]	[done]
	build successfully !

[2022-03-28 13:05:19]	[done]
	build successfully !

[2022-03-28 13:08:58]	[done]
	build successfully !

[2022-03-28 13:16:43]	[done]
	build successfully !

[2022-03-28 13:17:25]	compilation failed at : "e:\咸鱼先生的单片机开发文件\2.ARM工程\16.PWM\STM32工程文件\USER\main.c", exit code: 1
  at unify_builder.Program.Main (System.String[] args) [0x018f4] in <bd240058e6d9420e965b9407b6b7bc53>:0 
---
".\main.c", line 74: Error:  #140: too many arguments in function call
  	PWM_Init(999,712);
  	         ^
.\main.c: 0 warnings, 1 error

[2022-03-28 13:17:34]	[done]
	build successfully !

[2022-03-28 13:22:54]	[done]
	build successfully !

[2022-03-28 13:26:34]	[done]
	build successfully !

[2022-03-28 13:32:52]	[done]
	build successfully !

[2022-03-28 13:33:08]	[done]
	build successfully !

[2022-03-28 13:39:17]	[done]
	build successfully !

[2022-03-28 13:40:30]	[done]
	build successfully !

[2022-03-28 13:49:23]	[done]
	build successfully !

[2022-03-28 13:57:18]	compilation failed at : "e:\咸鱼先生的单片机开发文件\2.ARM工程\16.PWM\STM32工程文件\USER\time.c", exit code: 1
  at unify_builder.Program.Main (System.String[] args) [0x018f4] in <bd240058e6d9420e965b9407b6b7bc53>:0 
---
".\time.c", line 49: Error:  #31: expression must have integral type
      switch (TIMX)
              ^
".\time.c", line 51: Error:  #183: type of cast must be integral
      case TIM2:
           ^
.\time.c: 0 warnings, 2 errors

[2022-03-28 14:02:17]	[done]
	build successfully !

[2022-03-28 20:17:41]	[done]
	build successfully !

[2022-04-08 13:57:18]	[done]
	build successfully !

[2022-04-08 17:17:40]	[done]
	build successfully !

[2022-04-16 15:24:30]	[done]
	build successfully !

[2022-04-16 15:25:04]	[done]
	build successfully !

[2022-04-16 15:29:39]	[done]
	build successfully !

[2022-04-16 15:41:13]	compilation failed at : "e:\咸鱼先生的单片机开发文件\2.ARM工程\17.PCA9685\STM32工程文件\USER\time.c", exit code: 1
  at unify_builder.Program.Main (System.String[] args) [0x018f4] in <82200d7cd0cf4a279c5fb9fc299a656f>:0 
---
".\time.c", line 21: Error:  #20: identifier "GPIO_PartialRemap_TIM2" is undefined
      GPIO_PinRemapConfig(GPIO_PartialRemap_TIM2 ,ENABLE );
                          ^
.\time.c: 0 warnings, 1 error

[2022-04-16 15:43:39]	[done]
	build successfully !

[2022-04-16 15:43:55]	compilation failed at : "e:\咸鱼先生的单片机开发文件\2.ARM工程\17.PCA9685\STM32工程文件\USER\time.c", exit code: 1
  at unify_builder.Program.Main (System.String[] args) [0x018f4] in <82200d7cd0cf4a279c5fb9fc299a656f>:0 
---
".\time.c", line 21: Error:  #20: identifier "GPIO_Remap_TIM2" is undefined
      GPIO_PinRemapConfig(GPIO_Remap_TIM2,ENABLE );
                          ^
.\time.c: 0 warnings, 1 error

[2022-04-16 15:44:11]	[done]
	build successfully !

[2022-04-16 15:44:17]	compilation failed at : "e:\咸鱼先生的单片机开发文件\2.ARM工程\17.PCA9685\STM32工程文件\USER\time.c", exit code: 1
  at unify_builder.Program.Main (System.String[] args) [0x018f4] in <82200d7cd0cf4a279c5fb9fc299a656f>:0 
---
".\time.c", line 21: Error:  #20: identifier "GPIO_Remap_TIM2" is undefined
      GPIO_PinRemapConfig(GPIO_Remap_TIM2,ENABLE );
                          ^
.\time.c: 0 warnings, 1 error

[2022-04-16 15:44:22]	compilation failed at : "e:\咸鱼先生的单片机开发文件\2.ARM工程\17.PCA9685\STM32工程文件\USER\time.c", exit code: 1
  at unify_builder.Program.Main (System.String[] args) [0x018f4] in <82200d7cd0cf4a279c5fb9fc299a656f>:0 
---
".\time.c", line 21: Error:  #20: identifier "GPIO_Remap_TIM3" is undefined
      GPIO_PinRemapConfig(GPIO_Remap_TIM3,ENABLE );
                          ^
.\time.c: 0 warnings, 1 error

[2022-04-16 15:46:07]	[done]
	build successfully !

[2022-04-16 16:17:13]	[done]
	build successfully !

[2022-04-16 16:17:22]	[done]
	build successfully !

[2022-04-16 16:56:54]	[done]
	build successfully !

[2022-04-16 16:58:47]	[done]
	build successfully !

[2022-04-16 16:59:22]	[done]
	build successfully !

[2022-04-16 17:01:01]	[done]
	build successfully !

[2022-04-16 17:01:57]	[done]
	build successfully !

[2022-04-16 17:05:25]	[done]
	build successfully !

[2022-04-16 17:06:08]	[done]
	build successfully !

[2022-04-16 17:06:42]	[done]
	build successfully !

[2022-04-16 17:07:48]	[done]
	build successfully !

[2022-04-16 17:09:06]	[done]
	build successfully !

[2022-04-16 17:09:40]	[done]
	build successfully !

[2022-04-16 17:10:18]	[done]
	build successfully !

[2022-04-16 17:12:14]	[done]
	build successfully !

[2022-04-16 17:13:49]	[done]
	build successfully !

[2022-04-16 17:15:15]	[done]
	build successfully !

[2022-04-16 17:16:19]	[done]
	build successfully !

[2022-04-16 17:17:56]	[done]
	build successfully !

[2022-04-21 14:13:15]	[done]
	build successfully !

[2022-04-21 14:17:12]	[done]
	build successfully !

[2022-04-21 14:17:24]	[done]
	build successfully !

[2022-04-21 14:18:04]	[done]
	build successfully !

[2022-04-21 14:18:55]	[done]
	build successfully !

