C51 COMPILER V9.00   แ_ุก8E                                                                08/09/2021 18:08:16 PAGE 1   


C51 COMPILER V9.00, COMPILATION OF MODULE แ_ุก8E
OBJECT MODULE PLACED IN แุก8E.OBJ
COMPILER INVOKED BY: C:\Keil\C51\BIN\C51.EXE แุก8E.c BROWSE DEBUG OBJECTEXTEND

line level    source

   1          #include<reg51.h>
   2          #define uchar unsigned char
   3          sbit S=P2^0;
   4          sbit H=P2^1;
   5          sbit TEN=P2^2;
   6          sbit O=P2^3;
   7          int C;
   8          char T;
   9          char E; 
  10          void delay(uchar i)
  11          {
  12   1        uchar j,k; 
  13   1        for(j=i;j>0;j--)
  14   1          for(k=125;k>0;k--);
  15   1              }       
  16          uchar code table[]={0xc0,0xf9,0xa4,0xb0,0x99,0x92,0x82,0xf8,0x80,0x90};
  17          void main()
  18          {
  19   1              C=9999;
  20   1              while(1)
  21   1              {
  22   2                      E=C%10;
  23   2                      P0=table[E]; //ธ๖ฮป
  24   2                      O=0;
  25   2                      delay(2);
  26   2                      O=1;
  27   2              }       
  28   1      }


MODULE INFORMATION:   STATIC OVERLAYABLE
   CODE SIZE        =     65    ----
   CONSTANT SIZE    =     10    ----
   XDATA SIZE       =   ----    ----
   PDATA SIZE       =   ----    ----
   DATA SIZE        =      4    ----
   IDATA SIZE       =   ----    ----
   BIT SIZE         =   ----    ----
END OF MODULE INFORMATION.


C51 COMPILATION COMPLETE.  0 WARNING(S),  0 ERROR(S)
