C51 COMPILER V9.00   _亍8D                                                                08/10/2021 17:02:39 PAGE 1   


C51 COMPILER V9.00, COMPILATION OF MODULE _亍8D
OBJECT MODULE PLACED IN 彳亍8D.OBJ
COMPILER INVOKED BY: C:\Keil\C51\BIN\C51.EXE 彳亍8D.c BROWSE DEBUG OBJECTEXTEND

line level    source

   1          #include<reg51.h>
   2          #define uchar unsigned char
   3          sbit S=P2^0;
   4          sbit P1_0=P1^0;
   5          sbit H=P2^1;
   6          sbit TEN=P2^2;
   7          sbit O=P2^3;
   8          int C;
   9          int T;
  10          char E;
  11          int TT;
  12          char tem; 
  13          void delay(uchar i)
  14          {
  15   1        uchar j,k; 
  16   1        for(j=i;j>0;j--)
  17   1          for(k=125;k>0;k--);
  18   1              }       
  19          uchar code table[]={0xc0,0xf9,0xa4,0xb0,0x99,0x92,0x82,0xf8,0x80,0x90};
  20          void main()
  21          {
  22   1              EA=1;
  23   1              IT0=1;
  24   1              EX0=1;
  25   1              ET0=1;
  26   1              C=0;
  27   1              T=0;
  28   1              tem=1;
  29   1              TMOD=0X0a;
  30   1              TH0=(65536-921)/256;
  31   1              TL0=(65536-921)%256;
  32   1              TR0=1;  
  33   1              while(1)
  34   1              {
  35   2                      E=C%10;
  36   2                      P0=table[E]; //个位
  37   2                      O=0;
  38   2                      delay(2);
  39   2                      O=1;
  40   2                      delay(1);
  41   2                      E=(C%100)/10;
  42   2                      P0=table[E]; //十位
  43   2                      TEN=0;
  44   2                      delay(2);
  45   2                      TEN=1;
  46   2                      delay(1);
  47   2                      E=(C%1000)/100;
  48   2                      P0=table[E]; //百位
  49   2                      H=0;
  50   2                      delay(2);
  51   2                      H=1;
  52   2                      delay(1);
  53   2                      E=C/1000;
  54   2                      P0=table[E];///千位
  55   2                      S=0;
C51 COMPILER V9.00   _亍8D                                                                08/10/2021 17:02:39 PAGE 2   

  56   2                      delay(2);
  57   2                      S=1;
  58   2                      delay(1);
  59   2              }       
  60   1      }
  61          void Time0() interrupt 1 using 0
  62          {
  63   1                      TH0=(65536-921)/256;
  64   1                  TL0=(65536-921)%256;
  65   1               
  66   1      }
  67          void int0() interrupt 0 using 0
  68          {
  69   1              C++;
  70   1              if(C>9999)
  71   1              {
  72   2                      C=0;
  73   2              }
  74   1      }


MODULE INFORMATION:   STATIC OVERLAYABLE
   CODE SIZE        =    301    ----
   CONSTANT SIZE    =     10    ----
   XDATA SIZE       =   ----    ----
   PDATA SIZE       =   ----    ----
   DATA SIZE        =      8    ----
   IDATA SIZE       =   ----    ----
   BIT SIZE         =   ----    ----
END OF MODULE INFORMATION.


C51 COMPILATION COMPLETE.  0 WARNING(S),  0 ERROR(S)
