C51 COMPILER V9.57.0.0   ____                                                              12/12/2021 12:14:56 PAGE 1   


C51 COMPILER V9.57.0.0, COMPILATION OF MODULE ____
OBJECT MODULE PLACED IN .\Objects\∂Êª˙.obj
COMPILER INVOKED BY: D:\keil5B\C51\BIN\C51.EXE ∂Êª˙.c OPTIMIZE(8,SPEED) BROWSE DEBUG OBJECTEXTEND PRINT(.\Listings\∂Êª˙.
                    -lst) TABS(2) OBJECT(.\Objects\∂Êª˙.obj)

line level    source

   1          /*
   2           * @Author: your name
   3           * @Date: 2021-11-09 10:15:07
   4           * @LastEditTime: 2021-11-22 07:29:28
   5           * @LastEditors: your name
   6           * @Description: ÊâìÂºÄkoroFileHeaderÊü•ÁúãÈÖçÁΩÆ ËøõË°åËÆæÁΩÆ: https://github.com/OBKoro1/koro1FileHeader
             -/wiki/%E9%85%8D%E7%BD%AE
   7           * @FilePath: \ÂÆöÊó∂Âô®‰∏≠Êñ≠ÊéßÂà∂ËàµÊú∫\ËàµÊú∫.c
   8           */
   9          #include <reg51.h>
  10          //sbit M0 = P2 ^ 0;
  11          sbit a1 = P2 ^ 1;
  12          //sbit a2 = P2 ^ 2;
  13          //sbit a3 = P2 ^ 3;
  14          void InitTimer0(void)
  15          {
  16   1          TMOD = 0x01;
  17   1          TH0 = 0x0FF;
  18   1          TL0 = 0x0D2;
  19   1          EA = 1;
  20   1          ET0 = 1;
  21   1          TR0 = 1;
  22   1      }
  23          
  24          void main(void)
  25          {
  26   1        int T=1000;
  27   1          InitTimer0();
  28   1        while(1)
  29   1          if(TL0<=0XE9){
  30   2            a1=1;
  31   2          }
  32   1          else if(TL0>=0XE9&&TL0<=0XFF)
  33   1          {
  34   2          a1=0;
  35   2          }
  36   1      //    else {
  37   1      //    TH0 = 0;
  38   1      //    TL0 =0;
  39   1        ;
  40   1          }
  41          //}
  42          
  43          void Timer0Interrupt(void) interrupt 1
  44          {
  45   1          TH0 = 0x0FF;
  46   1          TL0 = 0x0D2;
  47   1      //  a1=~a1;
  48   1      }
  49          
  50          //void move(int mod,int U) //Âì™‰∏Ä‰Ωç--mod
  51          //{
  52          //  T =500+ U;
  53          //  TMOD = 0x01;
C51 COMPILER V9.57.0.0   ____                                                              12/12/2021 12:14:56 PAGE 2   

  54          //  TH0 = 0;
  55          //  TL0 = 0;
  56          //  EA = 1;
  57          //  ET0 = 1;
  58          //  TR0 = 1;
  59          //  while (TL0 + TH0 * 256 < T)
  60          //  {
  61          //    if(mod==0){M0 = 1;}
  62          //    else if(mod==1){a1 = 1;}
  63          //    else if(mod==2){a2 = 1;}
  64          //    else if(mod==3){a3 = 1;}
  65          //  }
  66          //  while (TL0 + TH0 * 256 >= T && TL0 + TH0 * 256 <= 20000)
  67          //  {
  68          //    if(mod==0){M0 = 0;}
  69          //    else if(mod==1){a1 = 0;}
  70          //    else if(mod==2){a2 = 0;}
  71          //    else if(mod==3){a3 = 0;}
  72          //  }
  73          //  TR0 = 0;
  74          //}
  75          
  76          //void main(void)
  77          //{
  78          //  int i = 0;
  79          //  int j = 0;
  80          //  while (1)
  81          //  {
  82          ////    for (j = 0; j < 2; j++)
  83          //    {
  84          //      move(0,i);
  85          //    }
  86          //    i+=20;
  87          //    if (i > 2000)
  88          //    {
  89          //      i = 0;
  90          //    }
  91          //  }
  92          //}
  93          
  94          //void Timer0Interrupt(void) interrupt 1
  95          //{
  96          //  TR0 = 0;
  97          //}


MODULE INFORMATION:   STATIC OVERLAYABLE
   CODE SIZE        =     61    ----
   CONSTANT SIZE    =   ----    ----
   XDATA SIZE       =   ----    ----
   PDATA SIZE       =   ----    ----
   DATA SIZE        =   ----       2
   IDATA SIZE       =   ----    ----
   BIT SIZE         =   ----    ----
END OF MODULE INFORMATION.


C51 COMPILATION COMPLETE.  0 WARNING(S),  0 ERROR(S)
