C51 COMPILER V9.00   แ_ุก4                                                                 07/21/2021 20:30:50 PAGE 1   


C51 COMPILER V9.00, COMPILATION OF MODULE แ_ุก4
OBJECT MODULE PLACED IN .\สย๋นสตั้\แุก4.obj
COMPILER INVOKED BY: C:\Keil\C51\BIN\C51.EXE แุก4.c BROWSE DEBUG OBJECTEXTEND OBJECT(.\สย๋นสตั้\แุก4.obj)

line level    source

   1          #include<reg52.h>
   2          #define uchar unsigned char 
   3          sbit wela=P2^0;
   4          sbit dula=P2^1;
   5          void delay(uchar i)
   6          {
   7   1        uchar j,k; 
   8   1        for(j=i;j>0;j--)
   9   1          for(k=125;k>0;k--);
  10   1              }
  11          void main()
  12          {
  13   1       P0=0xfe;
  14   1       wela=0;
  15   1       delay(5);
  16   1       wela=1;
  17   1      {
  18   2          unsigned int  a;
  19   2         
  20   2       while(1)
  21   2       {
  22   3       
  23   3         for(a=100;a>0;a--)
  24   3         {
  25   4           display();
*** WARNING C206 IN LINE 25 OF แุก4.C: 'display': missing function-prototype
  26   4         }
  27   3       
  28   3       }
  29   2      }
  30   1      }


MODULE INFORMATION:   STATIC OVERLAYABLE
   CODE SIZE        =     56    ----
   CONSTANT SIZE    =   ----    ----
   XDATA SIZE       =   ----    ----
   PDATA SIZE       =   ----    ----
   DATA SIZE        =   ----       2
   IDATA SIZE       =   ----    ----
   BIT SIZE         =   ----    ----
END OF MODULE INFORMATION.


C51 COMPILATION COMPLETE.  1 WARNING(S),  0 ERROR(S)
