C51 COMPILER V9.57.0.0   ____2                                                             10/16/2021 17:14:11 PAGE 1   


C51 COMPILER V9.57.0.0, COMPILATION OF MODULE ____2
OBJECT MODULE PLACED IN แุก2.OBJ
COMPILER INVOKED BY: D:\keil5\C51\BIN\C51.EXE แุก2.c OPTIMIZE(8,SPEED) BROWSE DEBUG OBJECTEXTEND TABS(2)

line level    source

   1          #include<reg51.h>
   2          void delay(void)
   3          {
   4   1       unsigned char i,j;
   5   1        for(i=0;i<50;i++)
   6   1          for(j=0;j<50;j++)
   7   1        ;
   8   1      }
   9          void main(void)
  10          {
  11   1         while(1)
  12   1         { 
  13   2         P3=0xfe;
  14   2         delay();
  15   2         P3=0xfd;
  16   2         delay();
  17   2         P3=0xfb;
  18   2         delay();
  19   2         }
  20   1      }
  21             
  22          


MODULE INFORMATION:   STATIC OVERLAYABLE
   CODE SIZE        =     33    ----
   CONSTANT SIZE    =   ----    ----
   XDATA SIZE       =   ----    ----
   PDATA SIZE       =   ----    ----
   DATA SIZE        =   ----    ----
   IDATA SIZE       =   ----    ----
   BIT SIZE         =   ----    ----
END OF MODULE INFORMATION.


C51 COMPILATION COMPLETE.  0 WARNING(S),  0 ERROR(S)
